2023-12-06 00:28:38,374 [INFO] Activator:176 - 


2023-12-06 00:28:38,378 [INFO] Activator:177 - !SESSION log4j initialized
2023-12-06 00:28:43,360 [INFO] LogOutputStream:77 - [STDOUT_REDIRECT] 
2023-12-06 00:29:05,759 [ERROR] LogOutputStream:75 - [STDERR_REDIRECT] SLF4J: Failed to load class "org.slf4j.impl.StaticLoggerBinder".
2023-12-06 00:29:05,761 [ERROR] LogOutputStream:75 - [STDERR_REDIRECT] SLF4J: Defaulting to no-operation (NOP) logger implementation
2023-12-06 00:29:05,762 [ERROR] LogOutputStream:75 - [STDERR_REDIRECT] SLF4J: See http://www.slf4j.org/codes.html#StaticLoggerBinder for further details.
2023-12-06 13:26:37,635 [INFO] Activator:176 - 


2023-12-06 13:26:37,636 [INFO] Activator:177 - !SESSION log4j initialized
2023-12-06 13:26:43,003 [INFO] LogOutputStream:77 - [STDOUT_REDIRECT] 
2023-12-06 13:27:05,216 [ERROR] LogOutputStream:75 - [STDERR_REDIRECT] SLF4J: Failed to load class "org.slf4j.impl.StaticLoggerBinder".
2023-12-06 13:27:05,217 [ERROR] LogOutputStream:75 - [STDERR_REDIRECT] SLF4J: Defaulting to no-operation (NOP) logger implementation
2023-12-06 13:27:05,217 [ERROR] LogOutputStream:75 - [STDERR_REDIRECT] SLF4J: See http://www.slf4j.org/codes.html#StaticLoggerBinder for further details.
2023-12-06 16:45:46,894 [INFO] Activator:176 - 


2023-12-06 16:45:46,894 [INFO] Activator:177 - !SESSION log4j initialized
2023-12-06 16:45:52,296 [INFO] LogOutputStream:77 - [STDOUT_REDIRECT] 
2023-12-06 16:46:14,900 [ERROR] LogOutputStream:75 - [STDERR_REDIRECT] SLF4J: Failed to load class "org.slf4j.impl.StaticLoggerBinder".
2023-12-06 16:46:14,900 [ERROR] LogOutputStream:75 - [STDERR_REDIRECT] SLF4J: Defaulting to no-operation (NOP) logger implementation
2023-12-06 16:46:14,902 [ERROR] LogOutputStream:75 - [STDERR_REDIRECT] SLF4J: See http://www.slf4j.org/codes.html#StaticLoggerBinder for further details.
2023-12-06 16:50:24,471 [INFO] Activator:176 - 


2023-12-06 16:50:24,471 [INFO] Activator:177 - !SESSION log4j initialized
2023-12-06 16:50:29,219 [INFO] LogOutputStream:77 - [STDOUT_REDIRECT] 
2023-12-06 16:50:50,259 [ERROR] LogOutputStream:75 - [STDERR_REDIRECT] SLF4J: Failed to load class "org.slf4j.impl.StaticLoggerBinder".
2023-12-06 16:50:50,259 [ERROR] LogOutputStream:75 - [STDERR_REDIRECT] SLF4J: Defaulting to no-operation (NOP) logger implementation
2023-12-06 16:50:50,259 [ERROR] LogOutputStream:75 - [STDERR_REDIRECT] SLF4J: See http://www.slf4j.org/codes.html#StaticLoggerBinder for further details.
2023-12-06 16:52:04,133 [INFO] Activator:176 - 


2023-12-06 16:52:04,133 [INFO] Activator:177 - !SESSION log4j initialized
2023-12-06 16:52:08,304 [INFO] LogOutputStream:77 - [STDOUT_REDIRECT] 
2023-12-06 16:52:29,346 [ERROR] LogOutputStream:75 - [STDERR_REDIRECT] SLF4J: Failed to load class "org.slf4j.impl.StaticLoggerBinder".
2023-12-06 16:52:29,346 [ERROR] LogOutputStream:75 - [STDERR_REDIRECT] SLF4J: Defaulting to no-operation (NOP) logger implementation
2023-12-06 16:52:29,346 [ERROR] LogOutputStream:75 - [STDERR_REDIRECT] SLF4J: See http://www.slf4j.org/codes.html#StaticLoggerBinder for further details.
2023-12-06 16:58:00,491 [INFO] Activator:176 - 


2023-12-06 16:58:00,491 [INFO] Activator:177 - !SESSION log4j initialized
2023-12-06 16:58:05,121 [INFO] LogOutputStream:77 - [STDOUT_REDIRECT] 
2023-12-06 16:58:11,069 [INFO] ApplicationProperties:184 - Using Application install path: C:\ST\STM32CubeIDE_1.7.0\STM32CubeIDE\plugins\com.st.stm32cube.common.mx_6.8.0.202302231600
2023-12-06 16:58:11,100 [INFO] DbMcusXml:78 - Set database path to: C:\ST\STM32CubeIDE_1.7.0\STM32CubeIDE\plugins\com.st.stm32cube.common.mx_6.8.0.202302231600\\db\/mcu/
2023-12-06 16:58:11,100 [INFO] ApiDb:274 - Set plugin database path to: C:\ST\STM32CubeIDE_1.7.0\STM32CubeIDE\plugins\com.st.stm32cube.common.mx_6.8.0.202302231600\\db\/plugins/boardmanager/
2023-12-06 16:58:11,100 [WARN] ApiDb:259 - Overriding images path with different value:  => C:\ST\STM32CubeIDE_1.7.0\STM32CubeIDE\plugins\com.st.stm32cube.common.mx_6.8.0.202302231600\\db\/plugins/mcufinder/images/
2023-12-06 16:58:11,116 [INFO] ApiDb:250 - Set database path to: C:\Users\Huy\.stmcufinder\plugins\mcufinder//mcu/
2023-12-06 16:58:11,116 [INFO] DbMcusAds:125 - Set database path to: C:\Users\Huy\.stmcufinder\plugins\mcufinder//mcu/
2023-12-06 16:58:11,116 [INFO] CrossReferenceDbSqlite:203 - Set database path to: C:\Users\Huy\.stmcufinder\plugins\mcufinder//mcu/cs/
2023-12-06 16:58:11,226 [INFO] RulesReader:64 - Compatibility file has been processed (293 Rules)
2023-12-06 16:58:11,289 [INFO] DbMcusXml:78 - Set database path to: C:\ST\STM32CubeIDE_1.7.0\STM32CubeIDE\plugins\com.st.stm32cube.common.mx_6.8.0.202302231600\\db\/mcu/
2023-12-06 16:58:11,289 [INFO] ApiDb:274 - Set plugin database path to: C:\ST\STM32CubeIDE_1.7.0\STM32CubeIDE\plugins\com.st.stm32cube.common.mx_6.8.0.202302231600\\db\/plugins/boardmanager/
2023-12-06 16:58:11,289 [INFO] ApiDb:261 - Set plugin images path to: C:\ST\STM32CubeIDE_1.7.0\STM32CubeIDE\plugins\com.st.stm32cube.common.mx_6.8.0.202302231600\\db\/plugins/mcufinder/images/
2023-12-06 16:58:11,289 [WARN] DbFile:41 - Overriding database path with different value: C:\Users\Huy\.stmcufinder\plugins\mcufinder/ => C:\Users\Huy\.stmcufinder\plugins\mcufinder
2023-12-06 16:58:11,289 [INFO] ApiDb:250 - Set database path to: C:\Users\Huy\.stmcufinder\plugins\mcufinder//mcu/
2023-12-06 16:58:11,289 [WARN] DbFile:41 - Overriding database path with different value: C:\Users\Huy\.stmcufinder\plugins\mcufinder/ => C:\Users\Huy\.stmcufinder\plugins\mcufinder
2023-12-06 16:58:11,289 [INFO] DbMcusAds:125 - Set database path to: C:\Users\Huy\.stmcufinder\plugins\mcufinder//mcu/
2023-12-06 16:58:11,289 [WARN] DbFile:41 - Overriding database path with different value: C:\Users\Huy\.stmcufinder\plugins\mcufinder/ => C:\Users\Huy\.stmcufinder\plugins\mcufinder
2023-12-06 16:58:11,289 [WARN] DbFile:41 - Overriding database path with different value: C:\Users\Huy\.stmcufinder\plugins\mcufinder/ => C:\Users\Huy\.stmcufinder\plugins\mcufinder
2023-12-06 16:58:11,289 [INFO] CrossReferenceDbSqlite:203 - Set database path to: C:\Users\Huy\.stmcufinder\plugins\mcufinder//mcu/cs/
2023-12-06 16:58:11,369 [INFO] MainPanel:253 - HeapMemory: 268435456
2023-12-06 16:58:11,478 [INFO] DbMcusXml:78 - Set database path to: C:\ST\STM32CubeIDE_1.7.0\STM32CubeIDE\plugins\com.st.stm32cube.common.mx_6.8.0.202302231600\\db\/mcu/
2023-12-06 16:58:11,478 [INFO] ApiDb:274 - Set plugin database path to: C:\ST\STM32CubeIDE_1.7.0\STM32CubeIDE\plugins\com.st.stm32cube.common.mx_6.8.0.202302231600\\db\/plugins/boardmanager/
2023-12-06 16:58:11,478 [INFO] ApiDb:261 - Set plugin images path to: C:\ST\STM32CubeIDE_1.7.0\STM32CubeIDE\plugins\com.st.stm32cube.common.mx_6.8.0.202302231600\\db\/plugins/mcufinder/images/
2023-12-06 16:58:11,478 [WARN] DbFile:41 - Overriding database path with different value: C:\Users\Huy\.stmcufinder\plugins\mcufinder/ => C:\Users\Huy\.stmcufinder\plugins\mcufinder
2023-12-06 16:58:11,478 [INFO] ApiDb:250 - Set database path to: C:\Users\Huy\.stmcufinder\plugins\mcufinder//mcu/
2023-12-06 16:58:11,478 [WARN] DbFile:41 - Overriding database path with different value: C:\Users\Huy\.stmcufinder\plugins\mcufinder/ => C:\Users\Huy\.stmcufinder\plugins\mcufinder
2023-12-06 16:58:11,478 [INFO] DbMcusAds:125 - Set database path to: C:\Users\Huy\.stmcufinder\plugins\mcufinder//mcu/
2023-12-06 16:58:11,478 [WARN] DbFile:41 - Overriding database path with different value: C:\Users\Huy\.stmcufinder\plugins\mcufinder/ => C:\Users\Huy\.stmcufinder\plugins\mcufinder
2023-12-06 16:58:11,478 [WARN] DbFile:41 - Overriding database path with different value: C:\Users\Huy\.stmcufinder\plugins\mcufinder/ => C:\Users\Huy\.stmcufinder\plugins\mcufinder
2023-12-06 16:58:11,478 [INFO] CrossReferenceDbSqlite:203 - Set database path to: C:\Users\Huy\.stmcufinder\plugins\mcufinder//mcu/cs/
2023-12-06 16:58:11,494 [INFO] ApplicationProperties:184 - Using Application install path: C:\ST\STM32CubeIDE_1.7.0\STM32CubeIDE\plugins\com.st.stm32cube.common.mx_6.8.0.202302231600
2023-12-06 16:58:11,494 [INFO] PluginManage:196 - Search for loadable plugins [exclusion list=, ]
2023-12-06 16:58:11,494 [INFO] PluginManage:310 - Check plugin analytics
2023-12-06 16:58:11,660 [INFO] AnalyticsPlugin:253 - Accepted Software Licenses: 
2023-12-06 16:58:11,660 [INFO] AnalyticsPlugin:255 - Accepted CMSIS Pack Licenses: 
2023-12-06 16:58:11,660 [INFO] AnalyticsPlugin:257 - Accepted Firmware Licenses: FW.F4.1.27.0
2023-12-06 16:58:11,660 [INFO] PluginManage:359 - Loaded plugin analytics (category:tool,tabindex:-1)
2023-12-06 16:58:11,660 [INFO] PluginManage:310 - Check plugin cadmodel
2023-12-06 16:58:11,675 [INFO] CADModel:105 - Init CAD model plugin
2023-12-06 16:58:11,675 [INFO] PluginManage:359 - Loaded plugin cadmodel (category:power,tabindex:5)
2023-12-06 16:58:11,675 [INFO] PluginManage:310 - Check plugin clock
2023-12-06 16:58:11,691 [INFO] PluginManage:359 - Loaded plugin clock (category:base,tabindex:2)
2023-12-06 16:58:11,691 [INFO] PluginManage:310 - Check plugin ddr
2023-12-06 16:58:11,707 [INFO] PluginManage:359 - Loaded plugin ddr (category:tool,tabindex:6)
2023-12-06 16:58:11,707 [INFO] PluginManage:310 - Check plugin filemanager
2023-12-06 16:58:11,854 [INFO] PluginManage:359 - Loaded plugin filemanager (category:base,tabindex:10)
2023-12-06 16:58:11,856 [INFO] PluginManage:310 - Check plugin ipmanager
2023-12-06 16:58:11,865 [INFO] PluginManage:359 - Loaded plugin ipmanager (category:base,tabindex:5)
2023-12-06 16:58:11,865 [INFO] PluginManage:310 - Check plugin lpbam
2023-12-06 16:58:11,886 [INFO] PluginManage:359 - Loaded plugin lpbam (category:base,tabindex:0)
2023-12-06 16:58:11,886 [INFO] PluginManage:310 - Check plugin pinoutandconfiguration
2023-12-06 16:58:11,902 [INFO] PluginManage:359 - Loaded plugin pinoutandconfiguration (category:base,tabindex:1)
2023-12-06 16:58:11,903 [INFO] PluginManage:310 - Check plugin pinoutconfig
2023-12-06 16:58:11,986 [WARN] SupportedApi:132 - Cannot load RTOS API schema: s4s-elt-must-match.1: The content of 'definitions' must match (annotation?, (simpleType | complexType)?, (unique | key | keyref)*)). A problem was found starting at: attribute.
2023-12-06 16:58:12,115 [INFO] PluginManage:359 - Loaded plugin pinoutconfig (category:base,tabindex:0)
2023-12-06 16:58:12,115 [INFO] PluginManage:310 - Check plugin power
2023-12-06 16:58:12,143 [INFO] PluginManage:359 - Loaded plugin power (category:power,tabindex:4)
2023-12-06 16:58:12,143 [INFO] PluginManage:310 - Check plugin projectmanager
2023-12-06 16:58:12,160 [INFO] PluginManage:359 - Loaded plugin projectmanager (category:projectmanager,tabindex:3)
2023-12-06 16:58:12,160 [INFO] PluginManage:310 - Check plugin thirdparty
2023-12-06 16:58:12,408 [INFO] PluginManage:359 - Loaded plugin thirdparty (category:base,tabindex:-1)
2023-12-06 16:58:12,408 [WARN] IntegrityCheckThread:84 - waiting for thirdparty lock release [integrity check]
2023-12-06 16:58:12,408 [INFO] IntegrityCheckThread:86 - entering critical section [integrity check]
2023-12-06 16:58:12,408 [INFO] PluginManage:310 - Check plugin tools
2023-12-06 16:58:12,409 [INFO] ThirdPartyUpdaterWithRetryManager:70 - Updater plugin not ready yet. [1/15]
2023-12-06 16:58:12,434 [INFO] PluginManage:359 - Loaded plugin tools (category:base,tabindex:7)
2023-12-06 16:58:12,434 [INFO] PluginManage:310 - Check plugin tutovideos
2023-12-06 16:58:12,692 [INFO] PluginManage:359 - Loaded plugin tutovideos (category:base,tabindex:-1)
2023-12-06 16:58:12,692 [INFO] PluginManage:310 - Check plugin updater
2023-12-06 16:58:12,708 [INFO] PluginManage:359 - Loaded plugin updater (category:base,tabindex:12)
2023-12-06 16:58:12,708 [INFO] PluginManage:283 - PluginManage : Loaded plugins [15]
2023-12-06 16:58:12,937 [INFO] PinOutPanel:1499 - setPackage(No Configuration,No Configuration)
2023-12-06 16:58:12,985 [INFO] CADModel:165 - CPN selected for project level
2023-12-06 16:58:12,985 [INFO] CADModel:114 - Register for checkConnection events
2023-12-06 16:58:13,017 [INFO] IPUIPlugin:80 - create IPUIPlugin
2023-12-06 16:58:13,017 [INFO] PluginManager:220 - loadIPPluginJar : add adc
2023-12-06 16:58:13,048 [INFO] IPUIPlugin:80 - create IPUIPlugin
2023-12-06 16:58:13,048 [INFO] PluginManager:220 - loadIPPluginJar : add aes
2023-12-06 16:58:13,080 [INFO] IPUIPlugin:80 - create IPUIPlugin
2023-12-06 16:58:13,080 [INFO] PluginManager:220 - loadIPPluginJar : add can
2023-12-06 16:58:13,095 [INFO] IPUIPlugin:80 - create IPUIPlugin
2023-12-06 16:58:13,095 [INFO] PluginManager:220 - loadIPPluginJar : add comp
2023-12-06 16:58:13,127 [INFO] IPUIPlugin:80 - create IPUIPlugin
2023-12-06 16:58:13,128 [INFO] PluginManager:220 - loadIPPluginJar : add cryp
2023-12-06 16:58:13,151 [INFO] IPUIPlugin:80 - create IPUIPlugin
2023-12-06 16:58:13,151 [INFO] PluginManager:220 - loadIPPluginJar : add dfsdm
2023-12-06 16:58:13,167 [INFO] IPUIPlugin:80 - create IPUIPlugin
2023-12-06 16:58:13,168 [INFO] PluginManager:220 - loadIPPluginJar : add dma
2023-12-06 16:58:13,197 [INFO] IPUIPlugin:80 - create IPUIPlugin
2023-12-06 16:58:13,197 [INFO] PluginManager:220 - loadIPPluginJar : add dma3
2023-12-06 16:58:13,216 [INFO] IPUIPlugin:80 - create IPUIPlugin
2023-12-06 16:58:13,216 [INFO] PluginManager:220 - loadIPPluginJar : add fatfs
2023-12-06 16:58:13,252 [INFO] IPUIPlugin:80 - create IPUIPlugin
2023-12-06 16:58:13,252 [INFO] PluginManager:220 - loadIPPluginJar : add fmc
2023-12-06 16:58:13,268 [INFO] IPUIPlugin:80 - create IPUIPlugin
2023-12-06 16:58:13,268 [INFO] PluginManager:220 - loadIPPluginJar : add freertos
2023-12-06 16:58:13,283 [INFO] IPUIPlugin:80 - create IPUIPlugin
2023-12-06 16:58:13,283 [INFO] PluginManager:220 - loadIPPluginJar : add genericplugin
2023-12-06 16:58:13,352 [INFO] IPUIPlugin:80 - create IPUIPlugin
2023-12-06 16:58:13,352 [INFO] PluginManager:220 - loadIPPluginJar : add gfxmmu
2023-12-06 16:58:13,454 [INFO] IPUIPlugin:80 - create IPUIPlugin
2023-12-06 16:58:13,454 [INFO] PluginManager:220 - loadIPPluginJar : add gic
2023-12-06 16:58:13,468 [INFO] IPUIPlugin:80 - create IPUIPlugin
2023-12-06 16:58:13,468 [INFO] PluginManager:220 - loadIPPluginJar : add gpio
2023-12-06 16:58:13,552 [INFO] IPUIPlugin:80 - create IPUIPlugin
2023-12-06 16:58:13,552 [INFO] PluginManager:220 - loadIPPluginJar : add gtzc
2023-12-06 16:58:13,578 [INFO] IPUIPlugin:80 - create IPUIPlugin
2023-12-06 16:58:13,578 [INFO] PluginManager:220 - loadIPPluginJar : add hash
2023-12-06 16:58:13,623 [INFO] IPUIPlugin:80 - create IPUIPlugin
2023-12-06 16:58:13,623 [INFO] PluginManager:220 - loadIPPluginJar : add i2c
2023-12-06 16:58:13,659 [INFO] IPUIPlugin:80 - create IPUIPlugin
2023-12-06 16:58:13,659 [INFO] PluginManager:220 - loadIPPluginJar : add i2s
2023-12-06 16:58:13,696 [INFO] IPUIPlugin:80 - create IPUIPlugin
2023-12-06 16:58:13,696 [INFO] PluginManager:220 - loadIPPluginJar : add i3c
2023-12-06 16:58:13,789 [INFO] IPUIPlugin:80 - create IPUIPlugin
2023-12-06 16:58:13,789 [INFO] PluginManager:220 - loadIPPluginJar : add ipddr
2023-12-06 16:58:13,861 [INFO] IPUIPlugin:80 - create IPUIPlugin
2023-12-06 16:58:13,861 [INFO] PluginManager:220 - loadIPPluginJar : add linkedlist
2023-12-06 16:58:13,889 [INFO] IPUIPlugin:80 - create IPUIPlugin
2023-12-06 16:58:13,889 [INFO] PluginManager:220 - loadIPPluginJar : add lorawan
2023-12-06 16:58:13,914 [INFO] IPUIPlugin:80 - create IPUIPlugin
2023-12-06 16:58:13,914 [INFO] PluginManager:220 - loadIPPluginJar : add ltdc
2023-12-06 16:58:13,926 [INFO] IPUIPlugin:80 - create IPUIPlugin
2023-12-06 16:58:13,926 [INFO] PluginManager:220 - loadIPPluginJar : add mdma
2023-12-06 16:58:13,936 [INFO] IPUIPlugin:80 - create IPUIPlugin
2023-12-06 16:58:13,936 [INFO] PluginManager:220 - loadIPPluginJar : add nvic
2023-12-06 16:58:13,961 [INFO] IPUIPlugin:80 - create IPUIPlugin
2023-12-06 16:58:13,961 [INFO] PluginManager:220 - loadIPPluginJar : add opamp
2023-12-06 16:58:14,009 [INFO] IPUIPlugin:80 - create IPUIPlugin
2023-12-06 16:58:14,009 [INFO] PluginManager:220 - loadIPPluginJar : add openamp
2023-12-06 16:58:14,041 [INFO] IPUIPlugin:80 - create IPUIPlugin
2023-12-06 16:58:14,041 [INFO] PluginManager:220 - loadIPPluginJar : add pdm2pcm
2023-12-06 16:58:14,056 [INFO] IPUIPlugin:80 - create IPUIPlugin
2023-12-06 16:58:14,056 [INFO] PluginManager:220 - loadIPPluginJar : add plateformsettings
2023-12-06 16:58:14,072 [INFO] IPUIPlugin:80 - create IPUIPlugin
2023-12-06 16:58:14,072 [INFO] PluginManager:220 - loadIPPluginJar : add quadspi
2023-12-06 16:58:14,087 [INFO] IPUIPlugin:80 - create IPUIPlugin
2023-12-06 16:58:14,087 [INFO] PluginManager:220 - loadIPPluginJar : add resmgrutility
2023-12-06 16:58:14,134 [INFO] IPUIPlugin:80 - create IPUIPlugin
2023-12-06 16:58:14,134 [INFO] PluginManager:220 - loadIPPluginJar : add sai
2023-12-06 16:58:14,153 [INFO] IPUIPlugin:80 - create IPUIPlugin
2023-12-06 16:58:14,153 [INFO] PluginManager:220 - loadIPPluginJar : add spi
2023-12-06 16:58:14,199 [INFO] IPUIPlugin:80 - create IPUIPlugin
2023-12-06 16:58:14,199 [INFO] PluginManager:220 - loadIPPluginJar : add stm32_wpan
2023-12-06 16:58:14,214 [INFO] IPUIPlugin:80 - create IPUIPlugin
2023-12-06 16:58:14,214 [INFO] PluginManager:220 - loadIPPluginJar : add tim
2023-12-06 16:58:14,261 [INFO] IPUIPlugin:80 - create IPUIPlugin
2023-12-06 16:58:14,261 [INFO] PluginManager:220 - loadIPPluginJar : add touchsensing
2023-12-06 16:58:14,277 [INFO] IPUIPlugin:80 - create IPUIPlugin
2023-12-06 16:58:14,277 [INFO] PluginManager:220 - loadIPPluginJar : add tracer_emb
2023-12-06 16:58:14,293 [INFO] IPUIPlugin:80 - create IPUIPlugin
2023-12-06 16:58:14,293 [INFO] PluginManager:220 - loadIPPluginJar : add ts
2023-12-06 16:58:14,308 [INFO] IPUIPlugin:80 - create IPUIPlugin
2023-12-06 16:58:14,308 [INFO] PluginManager:220 - loadIPPluginJar : add tsc
2023-12-06 16:58:14,325 [INFO] IPUIPlugin:80 - create IPUIPlugin
2023-12-06 16:58:14,325 [INFO] PluginManager:220 - loadIPPluginJar : add ucpd
2023-12-06 16:58:14,356 [INFO] IPUIPlugin:80 - create IPUIPlugin
2023-12-06 16:58:14,356 [INFO] PluginManager:220 - loadIPPluginJar : add usart
2023-12-06 16:58:14,388 [INFO] IPUIPlugin:80 - create IPUIPlugin
2023-12-06 16:58:14,388 [INFO] PluginManager:220 - loadIPPluginJar : add usbx
2023-12-06 16:58:14,553 [INFO] CADModel:165 - CPN selected for project level
2023-12-06 16:58:14,553 [INFO] CADModel:114 - Register for checkConnection events
2023-12-06 16:58:14,553 [FATAL] Updater:308 - Updater called before beeing initialized
2023-12-06 16:58:14,553 [ERROR] CADModel:125 - Updater not yet initialized, retry later 
2023-12-06 16:58:14,693 [INFO] CADModel:165 - CPN selected for project level
2023-12-06 16:58:14,693 [INFO] CADModel:114 - Register for checkConnection events
2023-12-06 16:58:14,693 [FATAL] Updater:308 - Updater called before beeing initialized
2023-12-06 16:58:14,693 [ERROR] CADModel:125 - Updater not yet initialized, retry later 
2023-12-06 16:58:14,709 [FATAL] Updater:308 - Updater called before beeing initialized
2023-12-06 16:58:14,805 [FATAL] Updater:308 - Updater called before beeing initialized
2023-12-06 16:58:14,821 [INFO] DbMcusAds:53 - JSON generation date=Wed Nov 29 17:52:38 ICT 2023 (1701255158764)
2023-12-06 16:58:14,821 [FATAL] Updater:308 - Updater called before beeing initialized
2023-12-06 16:58:14,884 [WARN] DetailPanel:346 - Failed to get advertising image, set to default
2023-12-06 16:58:14,993 [FATAL] Updater:308 - Updater called before beeing initialized
2023-12-06 16:58:14,993 [FATAL] Updater:308 - Updater called before beeing initialized
2023-12-06 16:58:14,993 [FATAL] Updater:308 - Updater called before beeing initialized
2023-12-06 16:58:14,993 [WARN] DetailPanel:346 - Failed to get advertising image, set to default
2023-12-06 16:58:14,993 [FATAL] Updater:308 - Updater called before beeing initialized
2023-12-06 16:58:15,040 [ERROR] Updater:1120 - MainUpdater not yet initialized. External WinMGr cannot be set.
2023-12-06 16:58:15,056 [INFO] Updater:1056 - Updater Version found : 6.8.0
2023-12-06 16:58:15,072 [INFO] ApplicationProperties:184 - Using Application install path: C:\ST\STM32CubeIDE_1.7.0\STM32CubeIDE\plugins\com.st.stm32cube.common.mx_6.8.0.202302231600
2023-12-06 16:58:15,214 [INFO] MainUpdater:2854 - connection check result : 10
2023-12-06 16:58:15,214 [INFO] MainUpdater:283 - Updater Check For Update Now.
2023-12-06 16:58:15,214 [INFO] MicroXplorer:498 - Change Database Version : DB.6.0.80
2023-12-06 16:58:15,405 [INFO] CheckServerUpdateThread:120 - End of CheckServer Thread
2023-12-06 16:58:15,657 [WARN] PackLoader:240 - Cannot read IP mode file for STMicroelectronics.X-CUBE-SMBUS.2.1.0
2023-12-06 16:58:15,673 [INFO] MainUpdater:2854 - connection check result : 10
2023-12-06 16:58:15,673 [INFO] MainUpdater:2854 - connection check result : 10
2023-12-06 16:58:15,736 [WARN] PackLoader:240 - Cannot read IP mode file for STMicroelectronics.X-CUBE-AZRTOS-F7.1.1.0
2023-12-06 16:58:15,760 [WARN] PackLoader:240 - Cannot read IP mode file for STMicroelectronics.FP-SNS-MOTENV1.4.3.2
2023-12-06 16:58:15,768 [WARN] PackLoader:240 - Cannot read IP mode file for STMicroelectronics.X-CUBE-BLE1.6.2.3
2023-12-06 16:58:15,784 [WARN] PackLoader:240 - Cannot read IP mode file for STMicroelectronics.X-CUBE-BLE1.6.2.4
2023-12-06 16:58:15,800 [WARN] PackLoader:240 - Cannot read IP mode file for STMicroelectronics.FP-SNS-FLIGHT1.5.0.2
2023-12-06 16:58:15,816 [WARN] PackLoader:240 - Cannot read IP mode file for STMicroelectronics.X-CUBE-TOF1.3.1.0
2023-12-06 16:58:15,848 [WARN] PackLoader:240 - Cannot read IP mode file for STMicroelectronics.X-CUBE-DISPLAY.3.0.0
2023-12-06 16:58:15,864 [WARN] PackLoader:240 - Cannot read IP mode file for STMicroelectronics.X-CUBE-BLE1.7.0.0
2023-12-06 16:58:15,864 [INFO] MicroXplorer:468 - Change Database Path : 
2023-12-06 16:58:15,864 [INFO] MicroXplorer:498 - Change Database Version : DB.6.0.80
2023-12-06 16:58:15,864 [WARN] ThirdParty:871 - waiting for thirdparty lock release [close project]
2023-12-06 16:58:15,880 [WARN] PackLoader:240 - Cannot read IP mode file for STMicroelectronics.X-CUBE-TOUCHGFX.4.22.0
2023-12-06 16:58:15,893 [WARN] PackLoader:240 - Cannot read IP mode file for STMicroelectronics.X-CUBE-TOUCHGFX.4.22.1
2023-12-06 16:58:16,055 [WARN] PackLoader:240 - Cannot read IP mode file for STMicroelectronics.X-CUBE-MEMS1.9.3.0
2023-12-06 16:58:16,245 [WARN] PackLoader:240 - Cannot read IP mode file for STMicroelectronics.X-CUBE-AI.7.2.0
2023-12-06 16:58:16,266 [WARN] PackLoader:240 - Cannot read IP mode file for STMicroelectronics.FP-SNS-SMARTAG2.1.2.0
2023-12-06 16:58:16,293 [INFO] LogOutputStream:77 - [STDOUT_REDIRECT] 1 : Invalid condition id : UX_CORESTACK_Condition cause : null
2023-12-06 16:58:16,300 [INFO] LogOutputStream:77 - [STDOUT_REDIRECT] 1 : Invalid condition id : UX_CORESTACK_Condition cause : null
2023-12-06 16:58:16,302 [INFO] LogOutputStream:77 - [STDOUT_REDIRECT] 1 : Invalid condition id : UX_CORESTACK_Condition cause : null
2023-12-06 16:58:16,302 [INFO] LogOutputStream:77 - [STDOUT_REDIRECT] 1 : Invalid condition id : UX_CORESTACK_Condition cause : null
2023-12-06 16:58:16,304 [INFO] LogOutputStream:77 - [STDOUT_REDIRECT] 1 : Invalid condition id : UX_CORESTACK_Condition cause : null
2023-12-06 16:58:16,309 [WARN] PackLoader:240 - Cannot read IP mode file for STMicroelectronics.X-CUBE-AZRTOS-WL.2.0.0
2023-12-06 16:58:16,324 [WARN] PackLoader:240 - Cannot read IP mode file for WES.I-CUBE-Cesium.1.3.0
2023-12-06 16:58:16,346 [WARN] PackLoader:240 - Cannot read IP mode file for STMicroelectronics.X-CUBE-BLE2.3.3.0
2023-12-06 16:58:16,355 [WARN] PackLoader:240 - Cannot read IP mode file for STMicroelectronics.X-CUBE-DISPLAY.2.2.0
2023-12-06 16:58:16,429 [WARN] PackLoader:240 - Cannot read IP mode file for STMicroelectronics.X-CUBE-TOF1.3.2.0
2023-12-06 16:58:16,450 [WARN] PackLoader:240 - Cannot read IP mode file for STMicroelectronics.X-CUBE-ISPU.1.0.0
2023-12-06 16:58:16,493 [WARN] PackLoader:240 - Cannot read IP mode file for STMicroelectronics.X-CUBE-AZRTOS-H7.2.1.0
2023-12-06 16:58:16,509 [WARN] PackLoader:240 - Cannot read IP mode file for STMicroelectronics.X-CUBE-TOUCHGFX.4.21.1
2023-12-06 16:58:16,533 [WARN] PackLoader:240 - Cannot read IP mode file for STMicroelectronics.X-CUBE-TOUCHGFX.4.21.0
2023-12-06 16:58:16,556 [WARN] PackLoader:240 - Cannot read IP mode file for STMicroelectronics.X-CUBE-TOUCHGFX.4.21.3
2023-12-06 16:58:16,604 [WARN] PackLoader:240 - Cannot read IP mode file for STMicroelectronics.X-CUBE-MEMS1.9.4.0
2023-12-06 16:58:16,746 [WARN] PackLoader:240 - Cannot read IP mode file for STMicroelectronics.X-CUBE-AI.7.3.0
2023-12-06 16:58:16,754 [WARN] PackLoader:240 - Cannot read IP mode file for STMicroelectronics.X-CUBE-ALGOBUILD.1.3.0
2023-12-06 16:58:16,786 [WARN] PackLoader:240 - Cannot read IP mode file for STMicroelectronics.X-CUBE-AZRTOS-G0.1.1.0
2023-12-06 16:58:16,873 [WARN] PackLoader:240 - Cannot read IP mode file for STMicroelectronics.X-CUBE-NFC4.3.0.0
2023-12-06 16:58:16,920 [WARN] PackLoader:240 - Cannot read IP mode file for SEGGER.I-CUBE-embOS.1.2.0
2023-12-06 16:58:16,968 [WARN] PackLoader:240 - Cannot read IP mode file for STMicroelectronics.X-CUBE-BLEMGR.3.0.0
2023-12-06 16:58:16,999 [WARN] PackLoader:240 - Cannot read IP mode file for STMicroelectronics.X-CUBE-BLEMGR.1.3.0
2023-12-06 16:58:17,015 [WARN] PackLoader:240 - Cannot read IP mode file for STMicroelectronics.FP-ATR-SIGFOX1.3.2.0
2023-12-06 16:58:17,015 [WARN] PackLoader:240 - Cannot read IP mode file for emotas.I-CUBE-CANOPEN.1.1.2
2023-12-06 16:58:17,048 [WARN] PackLoader:240 - Cannot read IP mode file for STMicroelectronics.X-CUBE-TOUCHGFX.4.20.0
2023-12-06 16:58:17,095 [WARN] PackLoader:240 - Cannot read IP mode file for STMicroelectronics.X-CUBE-MEMS1.9.5.0
2023-12-06 16:58:17,219 [WARN] PackLoader:240 - Cannot read IP mode file for SEGGER.I-CUBE-embOS.1.3.1
2023-12-06 16:58:17,278 [WARN] PackLoader:240 - Cannot read IP mode file for STMicroelectronics.X-CUBE-GNSS1.6.0.0
2023-12-06 16:58:17,330 [WARN] PackLoader:240 - Cannot read IP mode file for STMicroelectronics.X-CUBE-AZRTOS-F4.1.1.0
2023-12-06 16:58:17,359 [WARN] PackLoader:240 - Cannot read IP mode file for STMicroelectronics.X-CUBE-BLEMGR.1.2.0
2023-12-06 16:58:17,375 [WARN] PackLoader:240 - Cannot read IP mode file for STMicroelectronics.X-CUBE-AZRTOS-L5.2.0.0
2023-12-06 16:58:17,417 [WARN] PackLoader:240 - Cannot read IP mode file for STMicroelectronics.X-CUBE-MEMS1.9.6.0
2023-12-06 16:58:17,580 [WARN] PackLoader:240 - Cannot read IP mode file for STMicroelectronics.X-CUBE-EEPRMA1.4.2.0
2023-12-06 16:58:17,591 [WARN] PackLoader:240 - Cannot read IP mode file for ITTIA_DB.I-CUBE-ITTIADB.8.8.0
2023-12-06 16:58:17,607 [WARN] PackLoader:240 - Cannot read IP mode file for STMicroelectronics.X-CUBE-BLEMGR.2.0.0
2023-12-06 16:58:17,607 [WARN] PackLoader:240 - Cannot read IP mode file for STMicroelectronics.X-CUBE-NFC4.2.0.5
2023-12-06 16:58:17,622 [WARN] PackLoader:240 - Cannot read IP mode file for STMicroelectronics.X-CUBE-NFC4.2.0.4
2023-12-06 16:58:17,638 [WARN] ConditionMgr:438 - getConditionDescription Invalid condition id : UX DEVICE CLASS RTOS Condition cause : null
2023-12-06 16:58:17,638 [WARN] ConditionMgr:438 - getConditionDescription Invalid condition id : UX DEVICE CLASS RTOS Condition cause : null
2023-12-06 16:58:17,655 [WARN] PackLoader:240 - Cannot read IP mode file for STMicroelectronics.X-CUBE-AZRTOS-H7.3.1.0
2023-12-06 16:58:17,655 [WARN] ConditionMgr:1039 - genDependencies : Invalid condition id : UX DEVICE CLASS RTOS Condition cause : null
2023-12-06 16:58:17,655 [WARN] ConditionMgr:1039 - genDependencies : Invalid condition id : UX DEVICE CLASS RTOS Condition cause : null
2023-12-06 16:58:17,655 [WARN] ConditionMgr:1039 - genDependencies : Invalid condition id : UX DEVICE CLASS RTOS Condition cause : null
2023-12-06 16:58:17,655 [WARN] ConditionMgr:1039 - genDependencies : Invalid condition id : UX DEVICE CLASS RTOS Condition cause : null
2023-12-06 16:58:17,655 [WARN] ConditionMgr:1039 - genDependencies : Invalid condition id : UX DEVICE CLASS RTOS Condition cause : null
2023-12-06 16:58:17,655 [WARN] PackLoader:240 - Cannot read IP mode file for wolfSSL.I-CUBE-wolfSSL.5.5.0
2023-12-06 16:58:17,670 [WARN] PackLoader:240 - Cannot read IP mode file for STMicroelectronics.X-CUBE-NFC7.1.0.1
2023-12-06 16:58:17,670 [WARN] PackLoader:240 - Cannot read IP mode file for STMicroelectronics.X-CUBE-NFC7.1.0.0
2023-12-06 16:58:17,685 [WARN] PackLoader:240 - Cannot read IP mode file for STMicroelectronics.X-CUBE-NFC6.3.0.0
2023-12-06 16:58:17,701 [WARN] PackLoader:240 - Cannot read IP mode file for STMicroelectronics.X-CUBE-EEPRMA1.4.1.0
2023-12-06 16:58:17,701 [WARN] PackLoader:240 - Cannot read IP mode file for STMicroelectronics.X-CUBE-AI.8.1.0
2023-12-06 16:58:17,732 [WARN] ConditionMgr:438 - getConditionDescription Invalid condition id : LAN8742 Phy interface Condition cause : null
2023-12-06 16:58:17,732 [WARN] PackLoader:240 - Cannot read IP mode file for STMicroelectronics.X-CUBE-AZRTOS-L4.2.0.0
2023-12-06 16:58:17,748 [WARN] ConditionMgr:1039 - genDependencies : Invalid condition id : LAN8742 Phy interface Condition cause : null
2023-12-06 16:58:17,748 [WARN] ConditionMgr:1039 - genDependencies : Invalid condition id : LAN8742 Phy interface Condition cause : null
2023-12-06 16:58:17,748 [WARN] ConditionMgr:1039 - genDependencies : Invalid condition id : LAN8742 Phy interface Condition cause : null
2023-12-06 16:58:17,764 [WARN] PackLoader:240 - Cannot read IP mode file for STMicroelectronics.X-CUBE-SFXS2LP1.4.0.0
2023-12-06 16:58:17,795 [WARN] PackLoader:240 - Cannot read IP mode file for STMicroelectronics.X-CUBE-AZRTOS-H7.3.0.0
2023-12-06 16:58:17,818 [WARN] PackLoader:240 - Cannot read IP mode file for STMicroelectronics.X-CUBE-ISPU.1.1.0
2023-12-06 16:58:17,827 [WARN] PackLoader:240 - Cannot read IP mode file for RoweBots.I-CUBE-UNISONRTOS.5.5.0-4
2023-12-06 16:58:17,842 [WARN] PackLoader:240 - Cannot read IP mode file for STMicroelectronics.X-CUBE-AI.8.0.0
2023-12-06 16:58:17,858 [WARN] ConditionMgr:438 - getConditionDescription Invalid condition id : UX DEVICE CLASS RTOS Condition cause : null
2023-12-06 16:58:17,858 [WARN] ConditionMgr:438 - getConditionDescription Invalid condition id : UX DEVICE CLASS RTOS Condition cause : null
2023-12-06 16:58:17,858 [WARN] PackLoader:240 - Cannot read IP mode file for STMicroelectronics.X-CUBE-AZRTOS-WB.2.0.0
2023-12-06 16:58:17,858 [WARN] ConditionMgr:1039 - genDependencies : Invalid condition id : UX DEVICE CLASS RTOS Condition cause : null
2023-12-06 16:58:17,858 [WARN] ConditionMgr:1039 - genDependencies : Invalid condition id : UX DEVICE CLASS RTOS Condition cause : null
2023-12-06 16:58:17,858 [WARN] ConditionMgr:1039 - genDependencies : Invalid condition id : UX DEVICE CLASS RTOS Condition cause : null
2023-12-06 16:58:17,858 [WARN] ConditionMgr:1039 - genDependencies : Invalid condition id : UX DEVICE CLASS RTOS Condition cause : null
2023-12-06 16:58:17,858 [WARN] ConditionMgr:1039 - genDependencies : Invalid condition id : UX DEVICE CLASS RTOS Condition cause : null
2023-12-06 16:58:17,874 [WARN] PackLoader:240 - Cannot read IP mode file for STMicroelectronics.X-CUBE-FREERTOS.1.0.0
2023-12-06 16:58:17,874 [WARN] PackLoader:240 - Cannot read IP mode file for STMicroelectronics.X-CUBE-FREERTOS.1.0.1
2023-12-06 16:58:17,890 [WARN] PackLoader:240 - Cannot read IP mode file for STMicroelectronics.X-CUBE-BLEMGR.1.0.0
2023-12-06 16:58:17,906 [WARN] PackLoader:240 - Cannot read IP mode file for STMicroelectronics.X-CUBE-AZRTOS-L5.1.1.0
2023-12-06 16:58:17,922 [WARN] PackLoader:240 - Cannot read IP mode file for STMicroelectronics.X-CUBE-SUBG2.5.0.0
2023-12-06 16:58:17,938 [WARN] PackLoader:240 - Cannot read IP mode file for STMicroelectronics.X-CUBE-TOF1.3.3.1
2023-12-06 16:58:17,985 [WARN] PackLoader:240 - Cannot read IP mode file for STMicroelectronics.X-CUBE-AZRTOS-G4.2.0.0
2023-12-06 16:58:18,009 [WARN] PackLoader:240 - Cannot read IP mode file for STMicroelectronics.X-CUBE-TOF1.3.3.0
2023-12-06 16:58:18,040 [WARN] PackLoader:240 - Cannot read IP mode file for STMicroelectronics.FP-ATR-ASTRA1.1.1.1
2023-12-06 16:58:18,056 [WARN] PackLoader:240 - Cannot read IP mode file for Infineon.AIROC-Wi-Fi-Bluetooth-STM32.1.5.1
2023-12-06 16:58:18,083 [WARN] PackLoader:240 - Cannot read IP mode file for STMicroelectronics.FP-SNS-MOTENVWB1.1.3.0
2023-12-06 16:58:18,087 [WARN] PackLoader:240 - Cannot read IP mode file for STMicroelectronics.FP-SNS-MOTENVWB1.1.3.1
2023-12-06 16:58:18,119 [WARN] PackLoader:240 - Cannot read IP mode file for STMicroelectronics.X-CUBE-AZRTOS-G4.1.0.0
2023-12-06 16:58:18,156 [WARN] PackLoader:240 - Cannot read IP mode file for STMicroelectronics.X-CUBE-AZRTOS-L4.1.0.0
2023-12-06 16:58:18,198 [WARN] PackLoader:240 - Cannot read IP mode file for STMicroelectronics.X-CUBE-MEMS1.10.0.0
2023-12-06 16:58:18,324 [WARN] PackLoader:240 - Cannot read IP mode file for STMicroelectronics.X-CUBE-FREERTOS.1.1.0
2023-12-06 16:58:18,341 [WARN] PackLoader:240 - Cannot read IP mode file for STMicroelectronics.X-CUBE-AZRTOS-WL.1.0.0
2023-12-06 16:58:18,356 [WARN] PackLoader:240 - Cannot read IP mode file for portGmbH.I-Cube-SoM-uGOAL.1.1.0
2023-12-06 16:58:18,372 [WARN] PackLoader:240 - Cannot read IP mode file for STMicroelectronics.X-CUBE-ALS.1.0.1
2023-12-06 16:58:18,420 [WARN] PackLoader:240 - Cannot read IP mode file for STMicroelectronics.X-CUBE-AZRTOS-WB.1.1.0
2023-12-06 16:58:18,462 [WARN] PackLoader:240 - Cannot read IP mode file for STMicroelectronics.X-CUBE-AZRTOS-L5.1.0.0
2023-12-06 16:58:18,480 [WARN] PackLoader:240 - Cannot read IP mode file for STMicroelectronics.X-CUBE-EEPRMA1.3.1.1
2023-12-06 16:58:18,491 [WARN] PackLoader:240 - Cannot read IP mode file for STMicroelectronics.FP-ATR-ASTRA1.2.0.0
2023-12-06 16:58:18,491 [WARN] PackLoader:240 - Cannot read IP mode file for STMicroelectronics.X-CUBE-TOF1.3.4.0
2023-12-06 16:58:18,508 [INFO] ThirdParty:978 - Integrity check success = true
2023-12-06 16:58:18,508 [INFO] IntegrityCheckThread:100 - exiting critical section [integrity check]
2023-12-06 16:58:18,508 [INFO] IntegrityCheckThread:103 - End integrity checks thread
2023-12-06 16:58:18,508 [INFO] ThirdParty:873 - entering critical section [close project]
2023-12-06 16:58:18,508 [INFO] ThirdParty:883 - exiting critical section [close project]
2023-12-06 16:58:18,523 [INFO] PinOutPanel:1499 - setPackage(No Configuration,No Configuration)
2023-12-06 16:58:18,523 [INFO] UtilMem:75 - Begin LoadConfig() Used Memory: 179937168 Bytes (268435456)
2023-12-06 16:58:18,523 [INFO] MicroXplorer:468 - Change Database Path : 
2023-12-06 16:58:18,523 [INFO] MicroXplorer:498 - Change Database Version : DB.6.0.80
2023-12-06 16:58:18,523 [INFO] OpenFileManager:308 - Change cursor
2023-12-06 16:58:18,556 [INFO] Mcu:1937 - Initializing MCU STM32F103C6Ux STM32F103C6Ux STM32F103C6U6A
2023-12-06 16:58:19,167 [INFO] Context:659 - Trying to add GPIOservice into a context  which must be forbidden
2023-12-06 16:58:19,576 [INFO] RtosManager:555 - Registered RTOS mode: class=CMSIS, group=RTOS, mode=CMSIS_V1, owner=FREERTOS
2023-12-06 16:58:19,576 [INFO] RtosManager:555 - Registered RTOS mode: class=CMSIS, group=RTOS2, mode=CMSIS_V2, owner=FREERTOS
2023-12-06 16:58:19,576 [INFO] RtosManager:555 - Registered RTOS mode: class=RTOS, group=Core, mode=CMSIS_V1, owner=FREERTOS
2023-12-06 16:58:19,576 [INFO] RtosManager:555 - Registered RTOS mode: class=RTOS, group=Core, mode=CMSIS_V2, owner=FREERTOS
2023-12-06 16:58:19,576 [WARN] ModelIntegratedComponent:184 - Missing modes for component STMicroelectronics:FreeRTOS:0.0.1:STMicroelectronics:RTOS:FreeRTOS:Core:::10.2.0:
2023-12-06 16:58:19,592 [WARN] ModelIntegratedComponent:63 - No mode defined for component null
2023-12-06 16:58:19,592 [WARN] ModelIntegratedComponent:63 - No mode defined for component null
2023-12-06 16:58:19,592 [WARN] ModelIntegratedComponent:63 - No mode defined for component null
2023-12-06 16:58:19,592 [WARN] ModelIntegratedComponent:63 - No mode defined for component null
2023-12-06 16:58:19,592 [WARN] ModelIntegratedComponent:63 - No mode defined for component null
2023-12-06 16:58:19,592 [WARN] ModelIntegratedComponent:63 - No mode defined for component null
2023-12-06 16:58:19,592 [WARN] ModelIntegratedComponent:63 - No mode defined for component null
2023-12-06 16:58:19,592 [WARN] ModelIntegratedComponent:63 - No mode defined for component null
2023-12-06 16:58:19,592 [WARN] ModelIntegratedComponent:63 - No mode defined for component null
2023-12-06 16:58:19,592 [WARN] ModelIntegratedComponent:63 - No mode defined for component null
2023-12-06 16:58:19,592 [WARN] ModelIntegratedComponent:63 - No mode defined for component null
2023-12-06 16:58:19,592 [WARN] ModelIntegratedComponent:63 - No mode defined for component null
2023-12-06 16:58:19,592 [WARN] ModelIntegratedComponent:63 - No mode defined for component null
2023-12-06 16:58:19,592 [WARN] ModelIntegratedComponent:63 - No mode defined for component null
2023-12-06 16:58:19,592 [WARN] ModelIntegratedComponent:63 - No mode defined for component null
2023-12-06 16:58:19,592 [WARN] ModelIntegratedComponent:63 - No mode defined for component null
2023-12-06 16:58:19,592 [WARN] ModelIntegratedComponent:63 - No mode defined for component null
2023-12-06 16:58:19,592 [WARN] ModelIntegratedComponent:63 - No mode defined for component null
2023-12-06 16:58:19,592 [WARN] ModelIntegratedComponent:63 - No mode defined for component null
2023-12-06 16:58:19,592 [WARN] ModelIntegratedComponent:63 - No mode defined for component null
2023-12-06 16:58:19,592 [WARN] ModelIntegratedComponent:63 - No mode defined for component null
2023-12-06 16:58:19,592 [WARN] ModelIntegratedComponent:63 - No mode defined for component null
2023-12-06 16:58:19,592 [WARN] ModelIntegratedComponent:63 - No mode defined for component null
2023-12-06 16:58:19,592 [WARN] ModelIntegratedComponent:63 - No mode defined for component null
2023-12-06 16:58:19,592 [WARN] ModelIntegratedComponent:63 - No mode defined for component null
2023-12-06 16:58:19,592 [WARN] ModelIntegratedComponent:63 - No mode defined for component null
2023-12-06 16:58:19,592 [WARN] ModelIntegratedComponent:63 - No mode defined for component null
2023-12-06 16:58:19,592 [WARN] ModelIntegratedComponent:63 - No mode defined for component null
2023-12-06 16:58:19,592 [WARN] ModelIntegratedComponent:63 - No mode defined for component null
2023-12-06 16:58:19,592 [WARN] ModelIntegratedComponent:63 - No mode defined for component null
2023-12-06 16:58:19,592 [WARN] ModelIntegratedComponent:63 - No mode defined for component null
2023-12-06 16:58:19,592 [WARN] ModelIntegratedComponent:63 - No mode defined for component null
2023-12-06 16:58:19,592 [WARN] ModelIntegratedComponent:63 - No mode defined for component null
2023-12-06 16:58:19,938 [INFO] ThirdPartyModel:298 - Start build external matchings
2023-12-06 16:58:21,292 [INFO] ThirdPartyModel:316 - End build external matchings
2023-12-06 16:58:21,475 [INFO] UtilMem:75 - End LoadConfig() Used Memory: 186200864 Bytes (268435456)
2023-12-06 16:58:21,592 [INFO] ApiDb:581 - Connected to CubeFinder SQLite database (C:\Users\Huy\.stmcufinder\plugins\mcufinder\mcu\cube-finder-db.db)
2023-12-06 16:58:21,672 [INFO] ApiDb:668 - CubeFinder database Data Model version=2.1
2023-12-06 16:58:21,672 [INFO] ApiDb:669 - CubeFinder database Configuration version=3.0.39
2023-12-06 16:58:21,672 [INFO] ApiDb:670 - CubeFinder database generation date=2023-11-06 (1699269565)
2023-12-06 16:58:21,672 [INFO] ApiDb:671 - CubeFinder database FW Pack versions=[FP-ATR-ASTRA1_V2.0.0, FP-SNS-FLIGHT1_V5.0.1, FP-SNS-FLIGHT1_V5.0.2, FP-SNS-MOTENV1_V4.3.1, FP-SNS-MOTENV1_V4.3.2, FP-SNS-MOTENVWB1_V1.3.0, FP-SNS-SMARTAG2_V1.2.0, STM32Cube_FW_C0_V1.1.0, STM32Cube_FW_F4_V1.28.0, STM32Cube_FW_F7_V1.17.0, STM32Cube_FW_G0_V1.6.1, STM32Cube_FW_G4_V1.5.1, STM32Cube_FW_H5_V0.5.1, STM32Cube_FW_H5_V1.1.1, STM32Cube_FW_H5_V1.2.0RC2, STM32Cube_FW_H7_V1.11.0, STM32Cube_FW_L0_V1.12.2, STM32Cube_FW_L5_V1.5.0, STM32Cube_FW_U5_V1.3.0RC4, STM32Cube_FW_U5_V1.4.0, STM32Cube_FW_WBA_V1.0.0RC1, STM32Cube_FW_WBA_V1.1.0RC1, STM32Cube_FW_WBA_V1.2.0, STM32Cube_FW_WBA_V1.2.0RC2, STM32Cube_FW_WB_V1.15.0RC1, STM32Cube_FW_WB_V1.16.0, STM32Cube_FW_WB_V1.16.0RC2, STM32Cube_FW_WB_V1.18.0, STM32Cube_FW_WL_V1.3.0, X-CUBE-ALGOBUILD_V1.3.0, X-CUBE-ALS_V1.0.1, X-CUBE-AZRTOS-F4_V1.1.0, X-CUBE-AZRTOS-F7_V1.1.0, X-CUBE-AZRTOS-G0_V1.1.0, X-CUBE-AZRTOS-G4_V2.0.0, X-CUBE-AZRTOS-H7_V3.1.0, X-CUBE-AZRTOS-L4_V1.0.0, X-CUBE-AZRTOS-L4_V2.0.0, X-CUBE-AZRTOS-L5_V1.1.0, X-CUBE-AZRTOS-WB_V2.0.0, X-CUBE-AZRTOS-WL_V2.0.0, X-CUBE-BLE1_V7.0.0, X-CUBE-BLE2_V3.3.0, X-CUBE-BLEMGR_V2.0.0, X-CUBE-EEPRMA1_V4.1.0, X-CUBE-EEPRMA1_V4.2.0, X-CUBE-FREERTOS_V1.1.0, X-CUBE-GNSS1_V6.0.0, X-CUBE-MEMS1_V10.0.0, X-CUBE-MEMS1_V9.1.0, X-CUBE-MEMS1_V9.4.0, X-CUBE-MEMS1_V9.6.0, X-CUBE-NFC4_V3.0.0, X-CUBE-NFC7_V1.0.1, X-CUBE-SFXS2LP1_V4.0.0, X-CUBE-SUBG2_V5.0.0, X-CUBE-TOF1_V3.3.1]
2023-12-06 16:58:24,485 [INFO] ApiDb:240 - Found 297 in-development CPN: [B-G473E-ZEST1S, B-WB1M-WPAN1, B-WL5M-SUBG1, NUCLEO-C031C6, NUCLEO-H503RB, NUCLEO-H563ZI, NUCLEO-U545RE-Q, NUCLEO-U5A5ZJ-Q, NUCLEO-WBA52CG, STEVAL-PROTEUS1, STEVAL-STWINBX1, STM320518-EVAL, STM32C0116-DK, STM32C011D6Y3TR, STM32C011D6Y6TR, STM32C011F4P3, STM32C011F4P6, STM32C011F4U3, STM32C011F4U6TR, STM32C011F6P3, STM32C011F6P6, STM32C011F6U3, STM32C011F6U6TR, STM32C011J4M3, STM32C011J4M6, STM32C011J6M3, STM32C011J6M6, STM32C0316-DK, STM32C031C4T3, STM32C031C4T6, STM32C031C4U3, STM32C031C4U6, STM32C031C6T3, STM32C031C6T6, STM32C031C6U3, STM32C031C6U6, STM32C031F4P3, STM32C031F4P6, STM32C031F6P3, STM32C031F6P6, STM32C031G4U3, STM32C031G4U6, STM32C031G6U3, STM32C031G6U6, STM32C031K4T3, STM32C031K4T6, STM32C031K4U3, STM32C031K4U6, STM32C031K6T3, STM32C031K6T6, STM32C031K6U3, STM32C031K6U6, STM32G071K8TXN, STM32G071K8UXN, STM32G081GBU6N, STM32G081KBT6N, STM32G081KBUXN, STM32G0B1CCT6N, STM32G0B1KCT6, STM32G0B1NEY6TR, STM32G0B1RCT6N, STM32G0C1CCT6, STM32G0C1CCT6N, STM32G0C1CCU6N, STM32G0C1CET6N, STM32G0C1CEU6N, STM32G0C1KCT6, STM32G0C1NEY6TR, STM32G0C1RCI6N, STM32G0C1RCT6N, STM32G0C1REI6N, STM32G0C1RET6N, STM32G0C1VCI6, STM32G0C1VEI6, STM32G471CCT6, STM32G471CCU6, STM32G471CET3, STM32G471CET6, STM32G471CEU3, STM32G471CEU6, STM32G471MCT6, STM32G471MET3, STM32G471MET6, STM32G471MEY6TR, STM32G471QCT6, STM32G471QET3, STM32G471RCT6, STM32G471RET3, STM32G471RET6, STM32G471VCH6, STM32G471VCI6, STM32G471VCT6, STM32G471VEH3, STM32G471VEH6, STM32G471VEI3, STM32G471VEI6, STM32G471VET3, STM32G471VET6, STM32G474CCT6, STM32H503CBT6, STM32H503CBU6, STM32H503EBY6TR, STM32H503KBU6, STM32H503RBT6, STM32H562AGI6, STM32H562AII6, STM32H562IGK6, STM32H562IGT6, STM32H562IIK6, STM32H562IIT6, STM32H562RGT6, STM32H562RGV6, STM32H562RIT6, STM32H562RIV6, STM32H562VGT6, STM32H562VIT6, STM32H562ZGT6, STM32H562ZIT6, STM32H563AGI6, STM32H563AII3Q, STM32H563AII6, STM32H563IGK6, STM32H563IGT6, STM32H563IIK3Q, STM32H563IIK6, STM32H563IIT3Q, STM32H563IIT6, STM32H563MIY3QTR, STM32H563RGT6, STM32H563RGV6, STM32H563RIT6, STM32H563RIV6, STM32H563VGT6, STM32H563VIT3Q, STM32H563VIT6, STM32H563ZGT6, STM32H563ZIT3Q, STM32H563ZIT6, STM32H573AII3Q, STM32H573AII6, STM32H573I-DK, STM32H573IIK3Q, STM32H573IIK6, STM32H573IIT3Q, STM32H573IIT6, STM32H573MIY3QTR, STM32H573RIT6, STM32H573RIV6, STM32H573VIT3Q, STM32H573VIT6, STM32H573ZIT3Q, STM32H573ZIT6, STM32L4R5QGI6STR, STM32MP131AAE3, STM32MP131AAF3, STM32MP131AAG3, STM32MP131CAE3, STM32MP131CAF3, STM32MP131CAG3, STM32MP131DAE7, STM32MP131DAF7, STM32MP131DAG7, STM32MP131FAE7, STM32MP131FAF7, STM32MP131FAG7, STM32MP133AAE3, STM32MP133AAF3, STM32MP133AAG3, STM32MP133CAE3, STM32MP133CAF3, STM32MP133CAG3, STM32MP133DAE7, STM32MP133DAF7, STM32MP133DAG7, STM32MP133FAE7, STM32MP133FAF7, STM32MP133FAG7, STM32MP135AAE3, STM32MP135AAF3, STM32MP135AAG3, STM32MP135CAE3, STM32MP135CAF3, STM32MP135CAG3, STM32MP135DAE7, STM32MP135DAF7, STM32MP135DAG7, STM32MP135F-DK, STM32MP135FAE7, STM32MP135FAF7, STM32MP135FAF7T, STM32MP135FAF7U, STM32MP135FAG7, STM32U535CBT6, STM32U535CBT6Q, STM32U535CBU6, STM32U535CBU6Q, STM32U535CCT6, STM32U535CCT6Q, STM32U535CCU6, STM32U535CCU6Q, STM32U535CET6, STM32U535CET6Q, STM32U535CEU6, STM32U535CEU6Q, STM32U535JEY6QTR, STM32U535NCY6QTR, STM32U535NEY6QTR, STM32U535RBI6, STM32U535RBI6Q, STM32U535RBT6, STM32U535RBT6Q, STM32U535RCI6, STM32U535RCI6Q, STM32U535RCT6, STM32U535RCT6Q, STM32U535REI6, STM32U535REI6Q, STM32U535RET6, STM32U535RET6Q, STM32U535VCI6, STM32U535VCI6Q, STM32U535VCT6, STM32U535VCT6Q, STM32U535VEI6, STM32U535VEI6Q, STM32U535VET6, STM32U535VET6Q, STM32U545CET6, STM32U545CET6Q, STM32U545CEU6, STM32U545CEU6Q, STM32U545JEY6QTR, STM32U545NEY6QTR, STM32U545REI6, STM32U545REI6Q, STM32U545RET6, STM32U545RET6Q, STM32U545VEI6, STM32U545VEI6Q, STM32U545VET6, STM32U545VET6Q, STM32U595AIH6, STM32U595AIH6Q, STM32U595AJH6, STM32U595AJH6Q, STM32U595QII6, STM32U595QII6Q, STM32U595QJI6, STM32U595QJI6Q, STM32U595RIT6, STM32U595RIT6Q, STM32U595RJT6, STM32U595RJT6Q, STM32U595VIT6, STM32U595VIT6Q, STM32U595VJT6, STM32U595VJT6Q, STM32U595ZIT6, STM32U595ZIT6Q, STM32U595ZIY6QTR, STM32U595ZJT6, STM32U595ZJT6Q, STM32U595ZJY6QTR, STM32U599BJY6QTR, STM32U599NIH6Q, STM32U599NJH6Q, STM32U599VIT6Q, STM32U599VJT6, STM32U599VJT6Q, STM32U599ZIT6Q, STM32U599ZIY6QTR, STM32U599ZJT6Q, STM32U599ZJY6QTR, STM32U5A5AJH6, STM32U5A5AJH6Q, STM32U5A5QJI6, STM32U5A5QJI6Q, STM32U5A5RJT6, STM32U5A5RJT6Q, STM32U5A5VJT6, STM32U5A5VJT6Q, STM32U5A5ZJT6, STM32U5A5ZJT6Q, STM32U5A5ZJY6QTR, STM32U5A9BJY6QTR, STM32U5A9J-DK, STM32U5A9NJH6Q, STM32U5A9VJT6Q, STM32U5A9ZJT6Q, STM32U5A9ZJY6QTR, STM32WB1MMCH6, STM32WBA52CEU6, STM32WBA52CEU6T, STM32WBA52CGU6, STM32WBA52CGU6T, STM32WL5MOCH6, STM32WL5MOCH6TR]
2023-12-06 16:58:24,486 [INFO] DbMcus:216 - Found 3861 MCUs, 3861 are supported
2023-12-06 16:58:24,486 [INFO] ApiDb:423 - Load user favorites file C:\Users\Huy/.stm32cubeide/favorites.mcus.txt: 0 item(s)
2023-12-06 16:58:24,486 [INFO] ApiDb:427 - User favorites MCUs=[]
2023-12-06 16:58:24,486 [INFO] DbMcus:222 - Set 0 / 0 favorites MCUs
2023-12-06 16:58:24,904 [WARN] ThirdParty:833 - waiting for thirdparty lock release [change project]
2023-12-06 16:58:24,904 [INFO] ThirdParty:835 - entering critical section [change project]
2023-12-06 16:58:24,904 [INFO] ThirdParty:1030 - CMSIS Pack Vendor :STMicroelectronics X-CUBE-GNSS1 6.0.0
2023-12-06 16:58:24,904 [INFO] ThirdParty:1030 - CMSIS Pack Vendor :STMicroelectronics USB_HOST 2.0.0
2023-12-06 16:58:24,904 [INFO] ThirdParty:1030 - CMSIS Pack Vendor :STMicroelectronics X-CUBE-AZRTOS-F4 1.1.0
2023-12-06 16:58:24,904 [INFO] ThirdParty:1030 - CMSIS Pack Vendor :STMicroelectronics LIBJPEG 8.0.0
2023-12-06 16:58:24,904 [INFO] ThirdParty:1030 - CMSIS Pack Vendor :STMicroelectronics X-CUBE-SMBUS 2.1.0
2023-12-06 16:58:24,904 [INFO] ThirdParty:1030 - CMSIS Pack Vendor :STMicroelectronics X-CUBE-BLEMGR 1.2.0
2023-12-06 16:58:24,904 [INFO] ThirdParty:1030 - CMSIS Pack Vendor :STMicroelectronics X-CUBE-AZRTOS-F7 1.1.0
2023-12-06 16:58:24,904 [INFO] ThirdParty:1030 - CMSIS Pack Vendor :STMicroelectronics X-CUBE-AZRTOS-L5 2.0.0
2023-12-06 16:58:24,904 [INFO] ThirdParty:1030 - CMSIS Pack Vendor :STMicroelectronics USB_DEVICE 2.0.0
2023-12-06 16:58:24,904 [INFO] ThirdParty:1030 - CMSIS Pack Vendor :STMicroelectronics X-CUBE-MEMS1 9.6.0
2023-12-06 16:58:24,904 [INFO] ThirdParty:1030 - CMSIS Pack Vendor :STMicroelectronics X-CUBE-EEPRMA1 4.2.0
2023-12-06 16:58:24,904 [INFO] ThirdParty:1030 - CMSIS Pack Vendor :ITTIA_DB I-CUBE-ITTIADB 8.8.0
2023-12-06 16:58:24,904 [INFO] ThirdParty:1030 - CMSIS Pack Vendor :STMicroelectronics FP-SNS-MOTENV1 4.3.2
2023-12-06 16:58:24,904 [INFO] ThirdParty:1030 - CMSIS Pack Vendor :STMicroelectronics X-CUBE-BLE1 6.2.3
2023-12-06 16:58:24,904 [INFO] ThirdParty:1030 - CMSIS Pack Vendor :STMicroelectronics X-CUBE-BLE1 6.2.4
2023-12-06 16:58:24,904 [INFO] ThirdParty:1030 - CMSIS Pack Vendor :STMicroelectronics FreeRTOS 0.0.1
2023-12-06 16:58:24,904 [INFO] ThirdParty:1030 - CMSIS Pack Vendor :STMicroelectronics X-CUBE-BLEMGR 2.0.0
2023-12-06 16:58:24,904 [INFO] ThirdParty:1030 - CMSIS Pack Vendor :STMicroelectronics FP-SNS-FLIGHT1 5.0.2
2023-12-06 16:58:24,904 [INFO] ThirdParty:1030 - CMSIS Pack Vendor :STMicroelectronics X-CUBE-NFC4 2.0.5
2023-12-06 16:58:24,904 [INFO] ThirdParty:1030 - CMSIS Pack Vendor :STMicroelectronics X-CUBE-NFC4 2.0.4
2023-12-06 16:58:24,904 [INFO] ThirdParty:1030 - CMSIS Pack Vendor :STMicroelectronics X-CUBE-AZRTOS-H7 3.1.0
2023-12-06 16:58:24,904 [INFO] ThirdParty:1030 - CMSIS Pack Vendor :STMicroelectronics PDM2PCM 3.3.0
2023-12-06 16:58:24,904 [INFO] ThirdParty:1030 - CMSIS Pack Vendor :STMicroelectronics X-CUBE-TOF1 3.1.0
2023-12-06 16:58:24,904 [INFO] ThirdParty:1030 - CMSIS Pack Vendor :STMicroelectronics X-CUBE-DISPLAY 3.0.0
2023-12-06 16:58:24,904 [INFO] ThirdParty:1030 - CMSIS Pack Vendor :STMicroelectronics X-CUBE-BLE1 7.0.0
2023-12-06 16:58:24,904 [INFO] ThirdParty:1030 - CMSIS Pack Vendor :wolfSSL I-CUBE-wolfSSL 5.5.0
2023-12-06 16:58:24,904 [INFO] ThirdParty:1030 - CMSIS Pack Vendor :STMicroelectronics HAL Drivers 0.0.0
2023-12-06 16:58:24,904 [INFO] ThirdParty:1030 - CMSIS Pack Vendor :STMicroelectronics X-CUBE-TOUCHGFX 4.22.0
2023-12-06 16:58:24,904 [INFO] ThirdParty:1030 - CMSIS Pack Vendor :STMicroelectronics X-CUBE-NFC7 1.0.1
2023-12-06 16:58:24,904 [INFO] ThirdParty:1030 - CMSIS Pack Vendor :STMicroelectronics MBEDTLS 2.14.1
2023-12-06 16:58:24,904 [INFO] ThirdParty:1030 - CMSIS Pack Vendor :STMicroelectronics X-CUBE-NFC7 1.0.0
2023-12-06 16:58:24,904 [INFO] ThirdParty:1030 - CMSIS Pack Vendor :STMicroelectronics X-CUBE-TOUCHGFX 4.22.1
2023-12-06 16:58:24,904 [INFO] ThirdParty:1030 - CMSIS Pack Vendor :STMicroelectronics X-CUBE-NFC6 3.0.0
2023-12-06 16:58:24,904 [INFO] ThirdParty:1030 - CMSIS Pack Vendor :STMicroelectronics X-CUBE-MEMS1 9.3.0
2023-12-06 16:58:24,904 [INFO] ThirdParty:1030 - CMSIS Pack Vendor :STMicroelectronics X-CUBE-EEPRMA1 4.1.0
2023-12-06 16:58:24,904 [INFO] ThirdParty:1030 - CMSIS Pack Vendor :STMicroelectronics X-CUBE-AI 7.2.0
2023-12-06 16:58:24,904 [INFO] ThirdParty:1030 - CMSIS Pack Vendor :STMicroelectronics FP-SNS-SMARTAG2 1.2.0
2023-12-06 16:58:24,904 [INFO] ThirdParty:1030 - CMSIS Pack Vendor :STMicroelectronics X-CUBE-AZRTOS-WL 2.0.0
2023-12-06 16:58:24,904 [INFO] ThirdParty:1030 - CMSIS Pack Vendor :STMicroelectronics USB_DEVICE 1.0.0
2023-12-06 16:58:24,904 [INFO] ThirdParty:1030 - CMSIS Pack Vendor :STMicroelectronics X-CUBE-AI 8.1.0
2023-12-06 16:58:24,904 [INFO] ThirdParty:1030 - CMSIS Pack Vendor :STMicroelectronics X-CUBE-AZRTOS-L4 2.0.0
2023-12-06 16:58:24,904 [INFO] ThirdParty:1030 - CMSIS Pack Vendor :STMicroelectronics ThreadX 0.0.2
2023-12-06 16:58:24,904 [INFO] ThirdParty:1030 - CMSIS Pack Vendor :WES I-CUBE-Cesium 1.3.0
2023-12-06 16:58:24,904 [INFO] ThirdParty:1030 - CMSIS Pack Vendor :STMicroelectronics lwIP 2.1.2
2023-12-06 16:58:24,904 [INFO] ThirdParty:1030 - CMSIS Pack Vendor :STMicroelectronics X-CUBE-SFXS2LP1 4.0.0
2023-12-06 16:58:24,904 [INFO] ThirdParty:1030 - CMSIS Pack Vendor :STMicroelectronics X-CUBE-BLE2 3.3.0
2023-12-06 16:58:24,904 [INFO] ThirdParty:1030 - CMSIS Pack Vendor :STMicroelectronics X-CUBE-DISPLAY 2.2.0
2023-12-06 16:58:24,904 [INFO] ThirdParty:1030 - CMSIS Pack Vendor :STMicroelectronics X-CUBE-TOF1 3.2.0
2023-12-06 16:58:24,904 [INFO] ThirdParty:1030 - CMSIS Pack Vendor :STMicroelectronics PDM2PCM 3.2.0
2023-12-06 16:58:24,904 [INFO] ThirdParty:1030 - CMSIS Pack Vendor :STMicroelectronics X-CUBE-AZRTOS-H7 3.0.0
2023-12-06 16:58:24,904 [INFO] ThirdParty:1030 - CMSIS Pack Vendor :STMicroelectronics X-CUBE-ISPU 1.0.0
2023-12-06 16:58:24,904 [INFO] ThirdParty:1030 - CMSIS Pack Vendor :STMicroelectronics X-CUBE-ISPU 1.1.0
2023-12-06 16:58:24,904 [INFO] ThirdParty:1030 - CMSIS Pack Vendor :RoweBots I-CUBE-UNISONRTOS 5.5.0-4
2023-12-06 16:58:24,904 [INFO] ThirdParty:1030 - CMSIS Pack Vendor :STMicroelectronics X-CUBE-AZRTOS-H7 2.1.0
2023-12-06 16:58:24,904 [INFO] ThirdParty:1030 - CMSIS Pack Vendor :STMicroelectronics USB_DEVICE 3.0.0
2023-12-06 16:58:24,904 [INFO] ThirdParty:1030 - CMSIS Pack Vendor :STMicroelectronics X-CUBE-AI 8.0.0
2023-12-06 16:58:24,904 [INFO] ThirdParty:1030 - CMSIS Pack Vendor :STMicroelectronics X-CUBE-AZRTOS-WB 2.0.0
2023-12-06 16:58:24,904 [INFO] ThirdParty:1030 - CMSIS Pack Vendor :STMicroelectronics X-CUBE-FREERTOS 1.0.0
2023-12-06 16:58:24,904 [INFO] ThirdParty:1030 - CMSIS Pack Vendor :STMicroelectronics X-CUBE-FREERTOS 1.0.1
2023-12-06 16:58:24,904 [INFO] ThirdParty:1030 - CMSIS Pack Vendor :STMicroelectronics X-CUBE-TOUCHGFX 4.21.1
2023-12-06 16:58:24,904 [INFO] ThirdParty:1030 - CMSIS Pack Vendor :STMicroelectronics X-CUBE-TOUCHGFX 4.21.0
2023-12-06 16:58:24,904 [INFO] ThirdParty:1030 - CMSIS Pack Vendor :STMicroelectronics X-CUBE-TOUCHGFX 4.21.3
2023-12-06 16:58:24,904 [INFO] ThirdParty:1030 - CMSIS Pack Vendor :STMicroelectronics X-CUBE-BLEMGR 1.0.0
2023-12-06 16:58:24,904 [INFO] ThirdParty:1030 - CMSIS Pack Vendor :STMicroelectronics X-CUBE-MEMS1 9.4.0
2023-12-06 16:58:24,904 [INFO] ThirdParty:1030 - CMSIS Pack Vendor :STMicroelectronics X-CUBE-AI 7.3.0
2023-12-06 16:58:24,904 [INFO] ThirdParty:1030 - CMSIS Pack Vendor :STMicroelectronics X-CUBE-ALGOBUILD 1.3.0
2023-12-06 16:58:24,904 [INFO] ThirdParty:1030 - CMSIS Pack Vendor :STMicroelectronics X-CUBE-AZRTOS-L5 1.1.0
2023-12-06 16:58:24,904 [INFO] ThirdParty:1030 - CMSIS Pack Vendor :STMicroelectronics X-CUBE-AZRTOS-G0 1.1.0
2023-12-06 16:58:24,904 [INFO] ThirdParty:1030 - CMSIS Pack Vendor :STMicroelectronics X-CUBE-NFC4 3.0.0
2023-12-06 16:58:24,904 [INFO] ThirdParty:1030 - CMSIS Pack Vendor :SEGGER I-CUBE-embOS 1.2.0
2023-12-06 16:58:24,904 [INFO] ThirdParty:1030 - CMSIS Pack Vendor :STMicroelectronics X-CUBE-SUBG2 5.0.0
2023-12-06 16:58:24,904 [INFO] ThirdParty:1030 - CMSIS Pack Vendor :STMicroelectronics STM32_WPAN 1.0.0
2023-12-06 16:58:24,904 [INFO] ThirdParty:1030 - CMSIS Pack Vendor :STMicroelectronics lwIP 2.0.3
2023-12-06 16:58:24,904 [INFO] ThirdParty:1030 - CMSIS Pack Vendor :STMicroelectronics USB_HOST 1.0.0
2023-12-06 16:58:24,904 [INFO] ThirdParty:1030 - CMSIS Pack Vendor :STMicroelectronics X-CUBE-TOF1 3.3.1
2023-12-06 16:58:24,904 [INFO] ThirdParty:1030 - CMSIS Pack Vendor :STMicroelectronics X-CUBE-AZRTOS-G4 2.0.0
2023-12-06 16:58:24,904 [INFO] ThirdParty:1030 - CMSIS Pack Vendor :STMicroelectronics PDM2PCM 3.1.0
2023-12-06 16:58:24,904 [INFO] ThirdParty:1030 - CMSIS Pack Vendor :STMicroelectronics X-CUBE-TOF1 3.3.0
2023-12-06 16:58:24,904 [INFO] ThirdParty:1030 - CMSIS Pack Vendor :STMicroelectronics FP-ATR-ASTRA1 1.1.1
2023-12-06 16:58:24,904 [INFO] ThirdParty:1030 - CMSIS Pack Vendor :Infineon AIROC-Wi-Fi-Bluetooth-STM32 1.5.1
2023-12-06 16:58:24,904 [INFO] ThirdParty:1030 - CMSIS Pack Vendor :STMicroelectronics X-CUBE-BLEMGR 3.0.0
2023-12-06 16:58:24,904 [INFO] ThirdParty:1030 - CMSIS Pack Vendor :STMicroelectronics X-CUBE-BLEMGR 1.3.0
2023-12-06 16:58:24,904 [INFO] ThirdParty:1030 - CMSIS Pack Vendor :STMicroelectronics FP-SNS-MOTENVWB1 1.3.0
2023-12-06 16:58:24,904 [INFO] ThirdParty:1030 - CMSIS Pack Vendor :STMicroelectronics FP-SNS-MOTENVWB1 1.3.1
2023-12-06 16:58:24,904 [INFO] ThirdParty:1030 - CMSIS Pack Vendor :STMicroelectronics FP-ATR-SIGFOX1 3.2.0
2023-12-06 16:58:24,904 [INFO] ThirdParty:1030 - CMSIS Pack Vendor :STMicroelectronics X-CUBE-AZRTOS-G4 1.0.0
2023-12-06 16:58:24,904 [INFO] ThirdParty:1030 - CMSIS Pack Vendor :STMicroelectronics X-CUBE-AZRTOS-L4 1.0.0
2023-12-06 16:58:24,904 [INFO] ThirdParty:1030 - CMSIS Pack Vendor :STMicroelectronics MBEDTLS 2.16.2
2023-12-06 16:58:24,904 [INFO] ThirdParty:1030 - CMSIS Pack Vendor :emotas I-CUBE-CANOPEN 1.1.2
2023-12-06 16:58:24,904 [INFO] ThirdParty:1030 - CMSIS Pack Vendor :STMicroelectronics X-CUBE-TOUCHGFX 4.20.0
2023-12-06 16:58:24,904 [INFO] ThirdParty:1030 - CMSIS Pack Vendor :STMicroelectronics X-CUBE-MEMS1 10.0.0
2023-12-06 16:58:24,904 [INFO] ThirdParty:1030 - CMSIS Pack Vendor :STMicroelectronics X-CUBE-FREERTOS 1.1.0
2023-12-06 16:58:24,904 [INFO] ThirdParty:1030 - CMSIS Pack Vendor :STMicroelectronics X-CUBE-AZRTOS-WL 1.0.0
2023-12-06 16:58:24,904 [INFO] ThirdParty:1030 - CMSIS Pack Vendor :portGmbH I-Cube-SoM-uGOAL 1.1.0
2023-12-06 16:58:24,904 [INFO] ThirdParty:1030 - CMSIS Pack Vendor :STMicroelectronics X-CUBE-ALS 1.0.1
2023-12-06 16:58:24,904 [INFO] ThirdParty:1030 - CMSIS Pack Vendor :STMicroelectronics X-CUBE-MEMS1 9.5.0
2023-12-06 16:58:24,904 [INFO] ThirdParty:1030 - CMSIS Pack Vendor :STMicroelectronics ThreadX 1.0.0
2023-12-06 16:58:24,904 [INFO] ThirdParty:1030 - CMSIS Pack Vendor :STMicroelectronics X-CUBE-AZRTOS-WB 1.1.0
2023-12-06 16:58:24,904 [INFO] ThirdParty:1030 - CMSIS Pack Vendor :SEGGER I-CUBE-embOS 1.3.1
2023-12-06 16:58:24,904 [INFO] ThirdParty:1030 - CMSIS Pack Vendor :STMicroelectronics X-CUBE-AZRTOS-L5 1.0.0
2023-12-06 16:58:24,904 [INFO] ThirdParty:1030 - CMSIS Pack Vendor :STMicroelectronics X-CUBE-EEPRMA1 3.1.1
2023-12-06 16:58:24,904 [INFO] ThirdParty:1030 - CMSIS Pack Vendor :STMicroelectronics FP-ATR-ASTRA1 2.0.0
2023-12-06 16:58:24,904 [INFO] ThirdParty:1030 - CMSIS Pack Vendor :STMicroelectronics X-CUBE-TOF1 3.4.0
2023-12-06 16:58:24,904 [INFO] ThirdParty:841 - exiting critical section [change project]
2023-12-06 16:58:25,263 [INFO] PinOutPanel:1499 - setPackage(No Configuration,No Configuration)
2023-12-06 16:58:25,265 [INFO] PinOutPanel:1499 - setPackage(STM32F103C6Ux,UFQFPN48)
2023-12-06 16:58:25,748 [INFO] UtilMem:75 - Before build in PCC Used Memory: 219008224 Bytes (268435456)
2023-12-06 16:58:26,418 [ERROR] LogOutputStream:75 - [STDERR_REDIRECT] SLF4J: Failed to load class "org.slf4j.impl.StaticLoggerBinder".
2023-12-06 16:58:26,418 [ERROR] LogOutputStream:75 - [STDERR_REDIRECT] SLF4J: Defaulting to no-operation (NOP) logger implementation
2023-12-06 16:58:26,418 [ERROR] LogOutputStream:75 - [STDERR_REDIRECT] SLF4J: See http://www.slf4j.org/codes.html#StaticLoggerBinder for further details.
2023-12-06 16:58:26,699 [INFO] UtilMem:75 - After build in PCC Used Memory: 226787632 Bytes (268435456)
2023-12-06 16:58:26,734 [INFO] IPUIPlugin:80 - create IPUIPlugin
2023-12-06 16:58:26,734 [INFO] IPUIPlugin:80 - create IPUIPlugin
2023-12-06 16:58:26,734 [INFO] IPUIPlugin:80 - create IPUIPlugin
2023-12-06 16:58:26,734 [INFO] IPUIPlugin:80 - create IPUIPlugin
2023-12-06 16:58:26,734 [INFO] IPUIPlugin:80 - create IPUIPlugin
2023-12-06 16:58:26,734 [INFO] IPUIPlugin:80 - create IPUIPlugin
2023-12-06 16:58:26,734 [INFO] IPUIPlugin:80 - create IPUIPlugin
2023-12-06 16:58:26,734 [INFO] IPUIPlugin:80 - create IPUIPlugin
2023-12-06 16:58:26,734 [INFO] IPUIPlugin:80 - create IPUIPlugin
2023-12-06 16:58:26,734 [INFO] IPUIPlugin:80 - create IPUIPlugin
2023-12-06 16:58:26,734 [INFO] IPUIPlugin:80 - create IPUIPlugin
2023-12-06 16:58:26,734 [INFO] IPUIPlugin:80 - create IPUIPlugin
2023-12-06 16:58:26,734 [INFO] IPUIPlugin:80 - create IPUIPlugin
2023-12-06 16:58:26,734 [INFO] IPUIPlugin:80 - create IPUIPlugin
2023-12-06 16:58:26,734 [INFO] IPUIPlugin:80 - create IPUIPlugin
2023-12-06 16:58:26,734 [INFO] IPUIPlugin:80 - create IPUIPlugin
2023-12-06 16:58:26,734 [INFO] IPUIPlugin:80 - create IPUIPlugin
2023-12-06 16:58:26,734 [INFO] IPUIPlugin:80 - create IPUIPlugin
2023-12-06 16:58:26,734 [INFO] IPUIPlugin:80 - create IPUIPlugin
2023-12-06 16:58:26,734 [INFO] IPUIPlugin:80 - create IPUIPlugin
2023-12-06 16:58:26,734 [INFO] IPUIPlugin:80 - create IPUIPlugin
2023-12-06 16:58:26,734 [INFO] IPUIPlugin:80 - create IPUIPlugin
2023-12-06 16:58:26,734 [INFO] IPUIPlugin:80 - create IPUIPlugin
2023-12-06 16:58:26,962 [INFO] CADModel:165 - CPN selected for project levelSTM32F103C6U6A
2023-12-06 16:58:26,962 [INFO] CADModel:114 - Register for checkConnection events
2023-12-06 16:58:27,000 [INFO] OpenFileManager:328 - Restore cursor
2023-12-06 17:02:59,872 [INFO] UtilMem:75 - End SaveConfig() Used Memory: 759256952 Bytes (901775360)
2023-12-06 17:03:00,965 [INFO] UtilMem:75 - End SaveConfig() Used Memory: 774799584 Bytes (901775360)
2023-12-06 17:03:02,621 [INFO] UtilMem:75 - End SaveConfig() Used Memory: 806993920 Bytes (901775360)
2023-12-06 17:03:03,316 [INFO] BlockDiagram:2759 - set Specific Code input for plugin: NVIC
2023-12-06 17:03:03,316 [INFO] BlockDiagram:2759 - set Specific Code input for plugin: GPIO
2023-12-06 17:03:03,316 [INFO] BlockDiagram:2759 - set Specific Code input for plugin: RCC
2023-12-06 17:03:03,316 [INFO] BlockDiagram:2759 - set Specific Code input for plugin: TIM1_8F1
2023-12-06 17:03:03,318 [INFO] CodeGenerator:793 - code generatio: config db path: C:\ST\STM32CubeIDE_1.7.0\STM32CubeIDE\plugins\com.st.stm32cube.common.mx_6.8.0.202302231600\\db\
2023-12-06 17:03:03,882 [INFO] CodeEngine:255 - oldGeneratedFile, D:\Embedded_Programming\STM\STM32\Microprocessors_Microcontrollers_Lab\Microprocessors_Microcontrollers_Lab_2\STM32CubeIDE\STM32ProjectForLab2\MXTmpFiles\license.tmp_save
2023-12-06 17:03:04,452 [INFO] CodeEngine:279 - Generated code: D:\Embedded_Programming\STM\STM32\Microprocessors_Microcontrollers_Lab\Microprocessors_Microcontrollers_Lab_2\STM32CubeIDE\STM32ProjectForLab2\MXTmpFiles\license.tmp
2023-12-06 17:03:04,650 [INFO] CodeEngine:255 - oldGeneratedFile, D:\Embedded_Programming\STM\STM32\Microprocessors_Microcontrollers_Lab\Microprocessors_Microcontrollers_Lab_2\STM32CubeIDE\STM32ProjectForLab2\MXTmpFiles\gpio.tmp_save
2023-12-06 17:03:04,829 [INFO] CodeEngine:279 - Generated code: D:\Embedded_Programming\STM\STM32\Microprocessors_Microcontrollers_Lab\Microprocessors_Microcontrollers_Lab_2\STM32CubeIDE\STM32ProjectForLab2\MXTmpFiles\gpio.tmp
2023-12-06 17:03:05,034 [INFO] CodeEngine:255 - oldGeneratedFile, D:\Embedded_Programming\STM\STM32\Microprocessors_Microcontrollers_Lab\Microprocessors_Microcontrollers_Lab_2\STM32CubeIDE\STM32ProjectForLab2\Core\Src\stm32f1xx_it.c_save
2023-12-06 17:03:05,193 [INFO] CodeEngine:279 - Generated code: D:\Embedded_Programming\STM\STM32\Microprocessors_Microcontrollers_Lab\Microprocessors_Microcontrollers_Lab_2\STM32CubeIDE\STM32ProjectForLab2\Core\Src\stm32f1xx_it.c
2023-12-06 17:03:05,209 [INFO] CodeEngine:255 - oldGeneratedFile, D:\Embedded_Programming\STM\STM32\Microprocessors_Microcontrollers_Lab\Microprocessors_Microcontrollers_Lab_2\STM32CubeIDE\STM32ProjectForLab2\Core\Inc\stm32f1xx_it.h_save
2023-12-06 17:03:05,306 [INFO] CodeEngine:279 - Generated code: D:\Embedded_Programming\STM\STM32\Microprocessors_Microcontrollers_Lab\Microprocessors_Microcontrollers_Lab_2\STM32CubeIDE\STM32ProjectForLab2\Core\Inc\stm32f1xx_it.h
2023-12-06 17:03:05,401 [INFO] CodeEngine:255 - oldGeneratedFile, D:\Embedded_Programming\STM\STM32\Microprocessors_Microcontrollers_Lab\Microprocessors_Microcontrollers_Lab_2\STM32CubeIDE\STM32ProjectForLab2\Core\Src\stm32f1xx_hal_msp.c_save
2023-12-06 17:03:05,528 [INFO] CodeEngine:279 - Generated code: D:\Embedded_Programming\STM\STM32\Microprocessors_Microcontrollers_Lab\Microprocessors_Microcontrollers_Lab_2\STM32CubeIDE\STM32ProjectForLab2\Core\Src\stm32f1xx_hal_msp.c
2023-12-06 17:03:05,528 [INFO] CodeEngine:255 - oldGeneratedFile, D:\Embedded_Programming\STM\STM32\Microprocessors_Microcontrollers_Lab\Microprocessors_Microcontrollers_Lab_2\STM32CubeIDE\STM32ProjectForLab2\MXTmpFiles\system.tmp_save
2023-12-06 17:03:05,607 [INFO] CodeEngine:279 - Generated code: D:\Embedded_Programming\STM\STM32\Microprocessors_Microcontrollers_Lab\Microprocessors_Microcontrollers_Lab_2\STM32CubeIDE\STM32ProjectForLab2\MXTmpFiles\system.tmp
2023-12-06 17:03:05,639 [INFO] CodeEngine:311 - oldGeneratedFile, D:\Embedded_Programming\STM\STM32\Microprocessors_Microcontrollers_Lab\Microprocessors_Microcontrollers_Lab_2\STM32CubeIDE\STM32ProjectForLab2\Core\Inc\stm32f1xx_hal_conf.h_save
2023-12-06 17:03:05,766 [INFO] CodeEngine:335 - Generated code: D:\Embedded_Programming\STM\STM32\Microprocessors_Microcontrollers_Lab\Microprocessors_Microcontrollers_Lab_2\STM32CubeIDE\STM32ProjectForLab2\Core\Inc\stm32f1xx_hal_conf.h
2023-12-06 17:03:05,798 [WARN] IPConfigManager:3431 - IP not found : TIM
2023-12-06 17:03:05,798 [WARN] CodeGenerator:3754 - IP not found : null
2023-12-06 17:03:05,814 [INFO] CodeEngine:255 - oldGeneratedFile, D:\Embedded_Programming\STM\STM32\Microprocessors_Microcontrollers_Lab\Microprocessors_Microcontrollers_Lab_2\STM32CubeIDE\STM32ProjectForLab2\Core\Inc\main.h_save
2023-12-06 17:03:05,954 [INFO] CodeEngine:279 - Generated code: D:\Embedded_Programming\STM\STM32\Microprocessors_Microcontrollers_Lab\Microprocessors_Microcontrollers_Lab_2\STM32CubeIDE\STM32ProjectForLab2\Core\Inc\main.h
2023-12-06 17:03:05,970 [INFO] CodeEngine:255 - oldGeneratedFile, D:\Embedded_Programming\STM\STM32\Microprocessors_Microcontrollers_Lab\Microprocessors_Microcontrollers_Lab_2\STM32CubeIDE\STM32ProjectForLab2\Core\Src\main.c_save
2023-12-06 17:03:06,129 [INFO] CodeEngine:279 - Generated code: D:\Embedded_Programming\STM\STM32\Microprocessors_Microcontrollers_Lab\Microprocessors_Microcontrollers_Lab_2\STM32CubeIDE\STM32ProjectForLab2\Core\Src\main.c
2023-12-06 17:03:06,669 [INFO] ProjectBuilder:2996 - Time for Copy HAL[1] : 127mS.
2023-12-06 17:03:06,669 [INFO] ProjectBuilder:4304 - Project Generator version: 3.19.2
2023-12-06 17:03:07,052 [INFO] ConfigFileManager:1483 - The Die is : DIE412
2023-12-06 17:03:07,068 [INFO] ApiDbMcu:507 - Load IP Config File for FATFS
2023-12-06 17:03:07,084 [INFO] ApiDbMcu:507 - Load IP Config File for FREERTOS
2023-12-06 17:03:07,100 [INFO] ApiDbMcu:507 - Load IP Config File for USB_DEVICE
2023-12-06 17:03:08,289 [INFO] LogOutputStream:77 - [STDOUT_REDIRECT] 
2023-12-06 17:03:09,920 [INFO] ProjectBuilder:4505 - Time for Generating toolchain IDE Files: 3251mS.
2023-12-06 17:03:09,920 [INFO] ProjectBuilder:2867 - Time for Copy CMSIS : 0mS.
2023-12-06 17:03:09,920 [INFO] ProjectBuilder:2867 - Time for Copy CMSIS : 0mS.
