2023-12-13 02:31:03,184 [INFO] ApplicationProperties:184 - Using Application install path: C:\ST\STM32CubeIDE_1.7.0\STM32CubeIDE\plugins\com.st.stm32cube.common.mx_6.8.0.202302231600
2023-12-13 02:31:03,211 [INFO] DbMcusXml:78 - Set database path to: C:\ST\STM32CubeIDE_1.7.0\STM32CubeIDE\plugins\com.st.stm32cube.common.mx_6.8.0.202302231600\\db\/mcu/
2023-12-13 02:31:03,212 [INFO] ApiDb:274 - Set plugin database path to: C:\ST\STM32CubeIDE_1.7.0\STM32CubeIDE\plugins\com.st.stm32cube.common.mx_6.8.0.202302231600\\db\/plugins/boardmanager/
2023-12-13 02:31:03,215 [WARN] ApiDb:259 - Overriding images path with different value:  => C:\ST\STM32CubeIDE_1.7.0\STM32CubeIDE\plugins\com.st.stm32cube.common.mx_6.8.0.202302231600\\db\/plugins/mcufinder/images/
2023-12-13 02:31:03,234 [INFO] ApiDb:250 - Set database path to: C:\Users\Huy\.stmcufinder\plugins\mcufinder//mcu/
2023-12-13 02:31:03,235 [INFO] DbMcusAds:125 - Set database path to: C:\Users\Huy\.stmcufinder\plugins\mcufinder//mcu/
2023-12-13 02:31:03,288 [INFO] CrossReferenceDbSqlite:203 - Set database path to: C:\Users\Huy\.stmcufinder\plugins\mcufinder//mcu/cs/
2023-12-13 02:31:03,404 [INFO] RulesReader:64 - Compatibility file has been processed (293 Rules)
2023-12-13 02:31:03,472 [INFO] DbMcusXml:78 - Set database path to: C:\ST\STM32CubeIDE_1.7.0\STM32CubeIDE\plugins\com.st.stm32cube.common.mx_6.8.0.202302231600\\db\/mcu/
2023-12-13 02:31:03,472 [INFO] ApiDb:274 - Set plugin database path to: C:\ST\STM32CubeIDE_1.7.0\STM32CubeIDE\plugins\com.st.stm32cube.common.mx_6.8.0.202302231600\\db\/plugins/boardmanager/
2023-12-13 02:31:03,473 [INFO] ApiDb:261 - Set plugin images path to: C:\ST\STM32CubeIDE_1.7.0\STM32CubeIDE\plugins\com.st.stm32cube.common.mx_6.8.0.202302231600\\db\/plugins/mcufinder/images/
2023-12-13 02:31:03,473 [WARN] DbFile:41 - Overriding database path with different value: C:\Users\Huy\.stmcufinder\plugins\mcufinder/ => C:\Users\Huy\.stmcufinder\plugins\mcufinder
2023-12-13 02:31:03,473 [INFO] ApiDb:250 - Set database path to: C:\Users\Huy\.stmcufinder\plugins\mcufinder//mcu/
2023-12-13 02:31:03,473 [WARN] DbFile:41 - Overriding database path with different value: C:\Users\Huy\.stmcufinder\plugins\mcufinder/ => C:\Users\Huy\.stmcufinder\plugins\mcufinder
2023-12-13 02:31:03,473 [INFO] DbMcusAds:125 - Set database path to: C:\Users\Huy\.stmcufinder\plugins\mcufinder//mcu/
2023-12-13 02:31:03,473 [WARN] DbFile:41 - Overriding database path with different value: C:\Users\Huy\.stmcufinder\plugins\mcufinder/ => C:\Users\Huy\.stmcufinder\plugins\mcufinder
2023-12-13 02:31:03,473 [WARN] DbFile:41 - Overriding database path with different value: C:\Users\Huy\.stmcufinder\plugins\mcufinder/ => C:\Users\Huy\.stmcufinder\plugins\mcufinder
2023-12-13 02:31:03,473 [INFO] CrossReferenceDbSqlite:203 - Set database path to: C:\Users\Huy\.stmcufinder\plugins\mcufinder//mcu/cs/
2023-12-13 02:31:03,543 [INFO] MainPanel:253 - HeapMemory: 558891008
2023-12-13 02:31:03,653 [INFO] DbMcusXml:78 - Set database path to: C:\ST\STM32CubeIDE_1.7.0\STM32CubeIDE\plugins\com.st.stm32cube.common.mx_6.8.0.202302231600\\db\/mcu/
2023-12-13 02:31:03,653 [INFO] ApiDb:274 - Set plugin database path to: C:\ST\STM32CubeIDE_1.7.0\STM32CubeIDE\plugins\com.st.stm32cube.common.mx_6.8.0.202302231600\\db\/plugins/boardmanager/
2023-12-13 02:31:03,653 [INFO] ApiDb:261 - Set plugin images path to: C:\ST\STM32CubeIDE_1.7.0\STM32CubeIDE\plugins\com.st.stm32cube.common.mx_6.8.0.202302231600\\db\/plugins/mcufinder/images/
2023-12-13 02:31:03,653 [WARN] DbFile:41 - Overriding database path with different value: C:\Users\Huy\.stmcufinder\plugins\mcufinder/ => C:\Users\Huy\.stmcufinder\plugins\mcufinder
2023-12-13 02:31:03,653 [INFO] ApiDb:250 - Set database path to: C:\Users\Huy\.stmcufinder\plugins\mcufinder//mcu/
2023-12-13 02:31:03,653 [WARN] DbFile:41 - Overriding database path with different value: C:\Users\Huy\.stmcufinder\plugins\mcufinder/ => C:\Users\Huy\.stmcufinder\plugins\mcufinder
2023-12-13 02:31:03,653 [INFO] DbMcusAds:125 - Set database path to: C:\Users\Huy\.stmcufinder\plugins\mcufinder//mcu/
2023-12-13 02:31:03,653 [WARN] DbFile:41 - Overriding database path with different value: C:\Users\Huy\.stmcufinder\plugins\mcufinder/ => C:\Users\Huy\.stmcufinder\plugins\mcufinder
2023-12-13 02:31:03,653 [WARN] DbFile:41 - Overriding database path with different value: C:\Users\Huy\.stmcufinder\plugins\mcufinder/ => C:\Users\Huy\.stmcufinder\plugins\mcufinder
2023-12-13 02:31:03,653 [INFO] CrossReferenceDbSqlite:203 - Set database path to: C:\Users\Huy\.stmcufinder\plugins\mcufinder//mcu/cs/
2023-12-13 02:31:03,671 [INFO] ApplicationProperties:184 - Using Application install path: C:\ST\STM32CubeIDE_1.7.0\STM32CubeIDE\plugins\com.st.stm32cube.common.mx_6.8.0.202302231600
2023-12-13 02:31:03,673 [INFO] PluginManage:196 - Search for loadable plugins [exclusion list=, ]
2023-12-13 02:31:03,674 [INFO] PluginManage:310 - Check plugin analytics
2023-12-13 02:31:03,862 [INFO] AnalyticsPlugin:253 - Accepted Software Licenses: 
2023-12-13 02:31:03,863 [INFO] AnalyticsPlugin:255 - Accepted CMSIS Pack Licenses: 
2023-12-13 02:31:03,863 [INFO] AnalyticsPlugin:257 - Accepted Firmware Licenses: FW.F4.1.27.0
2023-12-13 02:31:03,868 [INFO] PluginManage:359 - Loaded plugin analytics (category:tool,tabindex:-1)
2023-12-13 02:31:03,868 [INFO] PluginManage:310 - Check plugin cadmodel
2023-12-13 02:31:03,886 [INFO] CADModel:105 - Init CAD model plugin
2023-12-13 02:31:03,887 [INFO] PluginManage:359 - Loaded plugin cadmodel (category:power,tabindex:5)
2023-12-13 02:31:03,887 [INFO] PluginManage:310 - Check plugin clock
2023-12-13 02:31:03,908 [INFO] PluginManage:359 - Loaded plugin clock (category:base,tabindex:2)
2023-12-13 02:31:03,909 [INFO] PluginManage:310 - Check plugin ddr
2023-12-13 02:31:03,912 [INFO] PluginManage:359 - Loaded plugin ddr (category:tool,tabindex:6)
2023-12-13 02:31:03,912 [INFO] PluginManage:310 - Check plugin filemanager
2023-12-13 02:31:04,048 [INFO] PluginManage:359 - Loaded plugin filemanager (category:base,tabindex:10)
2023-12-13 02:31:04,048 [INFO] PluginManage:310 - Check plugin ipmanager
2023-12-13 02:31:04,055 [INFO] PluginManage:359 - Loaded plugin ipmanager (category:base,tabindex:5)
2023-12-13 02:31:04,055 [INFO] PluginManage:310 - Check plugin lpbam
2023-12-13 02:31:04,072 [INFO] PluginManage:359 - Loaded plugin lpbam (category:base,tabindex:0)
2023-12-13 02:31:04,073 [INFO] PluginManage:310 - Check plugin pinoutandconfiguration
2023-12-13 02:31:04,109 [INFO] PluginManage:359 - Loaded plugin pinoutandconfiguration (category:base,tabindex:1)
2023-12-13 02:31:04,109 [INFO] PluginManage:310 - Check plugin pinoutconfig
2023-12-13 02:31:04,208 [WARN] SupportedApi:132 - Cannot load RTOS API schema: s4s-elt-must-match.1: The content of 'definitions' must match (annotation?, (simpleType | complexType)?, (unique | key | keyref)*)). A problem was found starting at: attribute.
2023-12-13 02:31:04,360 [INFO] PluginManage:359 - Loaded plugin pinoutconfig (category:base,tabindex:0)
2023-12-13 02:31:04,360 [INFO] PluginManage:310 - Check plugin power
2023-12-13 02:31:04,380 [INFO] PluginManage:359 - Loaded plugin power (category:power,tabindex:4)
2023-12-13 02:31:04,380 [INFO] PluginManage:310 - Check plugin projectmanager
2023-12-13 02:31:04,397 [INFO] PluginManage:359 - Loaded plugin projectmanager (category:projectmanager,tabindex:3)
2023-12-13 02:31:04,397 [INFO] PluginManage:310 - Check plugin thirdparty
2023-12-13 02:31:04,620 [INFO] PluginManage:359 - Loaded plugin thirdparty (category:base,tabindex:-1)
2023-12-13 02:31:04,620 [WARN] IntegrityCheckThread:84 - waiting for thirdparty lock release [integrity check]
2023-12-13 02:31:04,621 [INFO] PluginManage:310 - Check plugin tools
2023-12-13 02:31:04,621 [INFO] IntegrityCheckThread:86 - entering critical section [integrity check]
2023-12-13 02:31:04,623 [INFO] ThirdPartyUpdaterWithRetryManager:70 - Updater plugin not ready yet. [1/15]
2023-12-13 02:31:04,643 [INFO] PluginManage:359 - Loaded plugin tools (category:base,tabindex:7)
2023-12-13 02:31:04,644 [INFO] PluginManage:310 - Check plugin tutovideos
2023-12-13 02:31:04,878 [INFO] PluginManage:359 - Loaded plugin tutovideos (category:base,tabindex:-1)
2023-12-13 02:31:04,878 [INFO] PluginManage:310 - Check plugin updater
2023-12-13 02:31:04,893 [INFO] PluginManage:359 - Loaded plugin updater (category:base,tabindex:12)
2023-12-13 02:31:04,894 [INFO] PluginManage:283 - PluginManage : Loaded plugins [15]
2023-12-13 02:31:05,153 [INFO] PinOutPanel:1499 - setPackage(No Configuration,No Configuration)
2023-12-13 02:31:05,216 [INFO] CADModel:165 - CPN selected for project level
2023-12-13 02:31:05,216 [INFO] CADModel:114 - Register for checkConnection events
2023-12-13 02:31:05,246 [INFO] IPUIPlugin:80 - create IPUIPlugin
2023-12-13 02:31:05,246 [INFO] PluginManager:220 - loadIPPluginJar : add adc
2023-12-13 02:31:05,273 [INFO] IPUIPlugin:80 - create IPUIPlugin
2023-12-13 02:31:05,273 [INFO] PluginManager:220 - loadIPPluginJar : add aes
2023-12-13 02:31:05,304 [INFO] IPUIPlugin:80 - create IPUIPlugin
2023-12-13 02:31:05,304 [INFO] PluginManager:220 - loadIPPluginJar : add can
2023-12-13 02:31:05,323 [INFO] IPUIPlugin:80 - create IPUIPlugin
2023-12-13 02:31:05,323 [INFO] PluginManager:220 - loadIPPluginJar : add comp
2023-12-13 02:31:05,348 [INFO] IPUIPlugin:80 - create IPUIPlugin
2023-12-13 02:31:05,348 [INFO] PluginManager:220 - loadIPPluginJar : add cryp
2023-12-13 02:31:05,372 [INFO] IPUIPlugin:80 - create IPUIPlugin
2023-12-13 02:31:05,372 [INFO] PluginManager:220 - loadIPPluginJar : add dfsdm
2023-12-13 02:31:05,385 [INFO] IPUIPlugin:80 - create IPUIPlugin
2023-12-13 02:31:05,385 [INFO] PluginManager:220 - loadIPPluginJar : add dma
2023-12-13 02:31:05,415 [INFO] IPUIPlugin:80 - create IPUIPlugin
2023-12-13 02:31:05,415 [INFO] PluginManager:220 - loadIPPluginJar : add dma3
2023-12-13 02:31:05,430 [INFO] IPUIPlugin:80 - create IPUIPlugin
2023-12-13 02:31:05,430 [INFO] PluginManager:220 - loadIPPluginJar : add fatfs
2023-12-13 02:31:05,465 [INFO] IPUIPlugin:80 - create IPUIPlugin
2023-12-13 02:31:05,465 [INFO] PluginManager:220 - loadIPPluginJar : add fmc
2023-12-13 02:31:05,479 [INFO] IPUIPlugin:80 - create IPUIPlugin
2023-12-13 02:31:05,480 [INFO] PluginManager:220 - loadIPPluginJar : add freertos
2023-12-13 02:31:05,497 [INFO] IPUIPlugin:80 - create IPUIPlugin
2023-12-13 02:31:05,497 [INFO] PluginManager:220 - loadIPPluginJar : add genericplugin
2023-12-13 02:31:05,564 [INFO] IPUIPlugin:80 - create IPUIPlugin
2023-12-13 02:31:05,564 [INFO] PluginManager:220 - loadIPPluginJar : add gfxmmu
2023-12-13 02:31:05,660 [INFO] IPUIPlugin:80 - create IPUIPlugin
2023-12-13 02:31:05,660 [INFO] PluginManager:220 - loadIPPluginJar : add gic
2023-12-13 02:31:05,672 [INFO] IPUIPlugin:80 - create IPUIPlugin
2023-12-13 02:31:05,673 [INFO] PluginManager:220 - loadIPPluginJar : add gpio
2023-12-13 02:31:05,738 [INFO] IPUIPlugin:80 - create IPUIPlugin
2023-12-13 02:31:05,738 [INFO] PluginManager:220 - loadIPPluginJar : add gtzc
2023-12-13 02:31:05,761 [INFO] IPUIPlugin:80 - create IPUIPlugin
2023-12-13 02:31:05,762 [INFO] PluginManager:220 - loadIPPluginJar : add hash
2023-12-13 02:31:05,797 [INFO] IPUIPlugin:80 - create IPUIPlugin
2023-12-13 02:31:05,797 [INFO] PluginManager:220 - loadIPPluginJar : add i2c
2023-12-13 02:31:05,824 [INFO] IPUIPlugin:80 - create IPUIPlugin
2023-12-13 02:31:05,824 [INFO] PluginManager:220 - loadIPPluginJar : add i2s
2023-12-13 02:31:05,854 [INFO] IPUIPlugin:80 - create IPUIPlugin
2023-12-13 02:31:05,854 [INFO] PluginManager:220 - loadIPPluginJar : add i3c
2023-12-13 02:31:05,933 [INFO] IPUIPlugin:80 - create IPUIPlugin
2023-12-13 02:31:05,933 [INFO] PluginManager:220 - loadIPPluginJar : add ipddr
2023-12-13 02:31:05,998 [INFO] IPUIPlugin:80 - create IPUIPlugin
2023-12-13 02:31:05,998 [INFO] PluginManager:220 - loadIPPluginJar : add linkedlist
2023-12-13 02:31:06,023 [INFO] IPUIPlugin:80 - create IPUIPlugin
2023-12-13 02:31:06,023 [INFO] PluginManager:220 - loadIPPluginJar : add lorawan
2023-12-13 02:31:06,048 [INFO] IPUIPlugin:80 - create IPUIPlugin
2023-12-13 02:31:06,048 [INFO] PluginManager:220 - loadIPPluginJar : add ltdc
2023-12-13 02:31:06,061 [INFO] IPUIPlugin:80 - create IPUIPlugin
2023-12-13 02:31:06,061 [INFO] PluginManager:220 - loadIPPluginJar : add mdma
2023-12-13 02:31:06,071 [INFO] IPUIPlugin:80 - create IPUIPlugin
2023-12-13 02:31:06,071 [INFO] PluginManager:220 - loadIPPluginJar : add nvic
2023-12-13 02:31:06,100 [INFO] IPUIPlugin:80 - create IPUIPlugin
2023-12-13 02:31:06,100 [INFO] PluginManager:220 - loadIPPluginJar : add opamp
2023-12-13 02:31:06,143 [INFO] IPUIPlugin:80 - create IPUIPlugin
2023-12-13 02:31:06,143 [INFO] PluginManager:220 - loadIPPluginJar : add openamp
2023-12-13 02:31:06,174 [INFO] IPUIPlugin:80 - create IPUIPlugin
2023-12-13 02:31:06,174 [INFO] PluginManager:220 - loadIPPluginJar : add pdm2pcm
2023-12-13 02:31:06,199 [INFO] IPUIPlugin:80 - create IPUIPlugin
2023-12-13 02:31:06,202 [INFO] PluginManager:220 - loadIPPluginJar : add plateformsettings
2023-12-13 02:31:06,219 [INFO] IPUIPlugin:80 - create IPUIPlugin
2023-12-13 02:31:06,219 [INFO] PluginManager:220 - loadIPPluginJar : add quadspi
2023-12-13 02:31:06,230 [INFO] IPUIPlugin:80 - create IPUIPlugin
2023-12-13 02:31:06,230 [INFO] PluginManager:220 - loadIPPluginJar : add resmgrutility
2023-12-13 02:31:06,275 [INFO] IPUIPlugin:80 - create IPUIPlugin
2023-12-13 02:31:06,275 [INFO] PluginManager:220 - loadIPPluginJar : add sai
2023-12-13 02:31:06,301 [INFO] IPUIPlugin:80 - create IPUIPlugin
2023-12-13 02:31:06,301 [INFO] PluginManager:220 - loadIPPluginJar : add spi
2023-12-13 02:31:06,343 [INFO] IPUIPlugin:80 - create IPUIPlugin
2023-12-13 02:31:06,343 [INFO] PluginManager:220 - loadIPPluginJar : add stm32_wpan
2023-12-13 02:31:06,360 [INFO] IPUIPlugin:80 - create IPUIPlugin
2023-12-13 02:31:06,360 [INFO] PluginManager:220 - loadIPPluginJar : add tim
2023-12-13 02:31:06,399 [INFO] IPUIPlugin:80 - create IPUIPlugin
2023-12-13 02:31:06,399 [INFO] PluginManager:220 - loadIPPluginJar : add touchsensing
2023-12-13 02:31:06,415 [INFO] IPUIPlugin:80 - create IPUIPlugin
2023-12-13 02:31:06,415 [INFO] PluginManager:220 - loadIPPluginJar : add tracer_emb
2023-12-13 02:31:06,432 [INFO] IPUIPlugin:80 - create IPUIPlugin
2023-12-13 02:31:06,432 [INFO] PluginManager:220 - loadIPPluginJar : add ts
2023-12-13 02:31:06,447 [INFO] IPUIPlugin:80 - create IPUIPlugin
2023-12-13 02:31:06,447 [INFO] PluginManager:220 - loadIPPluginJar : add tsc
2023-12-13 02:31:06,462 [INFO] IPUIPlugin:80 - create IPUIPlugin
2023-12-13 02:31:06,462 [INFO] PluginManager:220 - loadIPPluginJar : add ucpd
2023-12-13 02:31:06,492 [INFO] IPUIPlugin:80 - create IPUIPlugin
2023-12-13 02:31:06,492 [INFO] PluginManager:220 - loadIPPluginJar : add usart
2023-12-13 02:31:06,521 [INFO] IPUIPlugin:80 - create IPUIPlugin
2023-12-13 02:31:06,522 [INFO] PluginManager:220 - loadIPPluginJar : add usbx
2023-12-13 02:31:06,648 [INFO] CADModel:165 - CPN selected for project level
2023-12-13 02:31:06,648 [INFO] CADModel:114 - Register for checkConnection events
2023-12-13 02:31:06,648 [FATAL] Updater:308 - Updater called before beeing initialized
2023-12-13 02:31:06,648 [ERROR] CADModel:125 - Updater not yet initialized, retry later 
2023-12-13 02:31:06,817 [INFO] CADModel:165 - CPN selected for project level
2023-12-13 02:31:06,817 [INFO] CADModel:114 - Register for checkConnection events
2023-12-13 02:31:06,817 [FATAL] Updater:308 - Updater called before beeing initialized
2023-12-13 02:31:06,817 [ERROR] CADModel:125 - Updater not yet initialized, retry later 
2023-12-13 02:31:06,821 [FATAL] Updater:308 - Updater called before beeing initialized
2023-12-13 02:31:06,931 [FATAL] Updater:308 - Updater called before beeing initialized
2023-12-13 02:31:06,943 [INFO] DbMcusAds:53 - JSON generation date=Wed Nov 29 17:52:38 ICT 2023 (1701255158764)
2023-12-13 02:31:06,943 [FATAL] Updater:308 - Updater called before beeing initialized
2023-12-13 02:31:07,026 [WARN] DetailPanel:346 - Failed to get advertising image, set to default
2023-12-13 02:31:07,201 [FATAL] Updater:308 - Updater called before beeing initialized
2023-12-13 02:31:07,204 [FATAL] Updater:308 - Updater called before beeing initialized
2023-12-13 02:31:07,204 [FATAL] Updater:308 - Updater called before beeing initialized
2023-12-13 02:31:07,204 [WARN] DetailPanel:346 - Failed to get advertising image, set to default
2023-12-13 02:31:07,205 [FATAL] Updater:308 - Updater called before beeing initialized
2023-12-13 02:31:07,264 [ERROR] Updater:1120 - MainUpdater not yet initialized. External WinMGr cannot be set.
2023-12-13 02:31:07,276 [INFO] Updater:1056 - Updater Version found : 6.8.0
2023-12-13 02:31:07,298 [INFO] ApplicationProperties:184 - Using Application install path: C:\ST\STM32CubeIDE_1.7.0\STM32CubeIDE\plugins\com.st.stm32cube.common.mx_6.8.0.202302231600
2023-12-13 02:31:07,528 [INFO] MainUpdater:2854 - connection check result : 10
2023-12-13 02:31:07,529 [INFO] MainUpdater:283 - Updater Check For Update Now.
2023-12-13 02:31:07,530 [INFO] MicroXplorer:498 - Change Database Version : DB.6.0.80
2023-12-13 02:31:07,633 [WARN] MainUpdater:1187 - Updater busy. Cannot search thirdparties
2023-12-13 02:31:07,634 [INFO] ThirdPartyUpdaterWithRetryManager:96 - Updater plugin is busy. [1/15]
2023-12-13 02:31:07,801 [INFO] MainUpdater:2854 - connection check result : 10
2023-12-13 02:31:07,803 [INFO] CheckServerUpdateThread:120 - End of CheckServer Thread
2023-12-13 02:31:07,810 [INFO] MainUpdater:2854 - connection check result : 10
2023-12-13 02:31:07,966 [INFO] MicroXplorer:468 - Change Database Path : 
2023-12-13 02:31:07,967 [INFO] MicroXplorer:498 - Change Database Version : DB.6.0.80
2023-12-13 02:31:07,967 [WARN] ThirdParty:871 - waiting for thirdparty lock release [close project]
2023-12-13 02:31:10,817 [WARN] PackLoader:240 - Cannot read IP mode file for STMicroelectronics.X-CUBE-SMBUS.2.1.0
2023-12-13 02:31:10,861 [WARN] PackLoader:240 - Cannot read IP mode file for STMicroelectronics.X-CUBE-AZRTOS-F7.1.1.0
2023-12-13 02:31:10,875 [WARN] PackLoader:240 - Cannot read IP mode file for STMicroelectronics.FP-SNS-MOTENV1.4.3.2
2023-12-13 02:31:10,891 [WARN] PackLoader:240 - Cannot read IP mode file for STMicroelectronics.X-CUBE-BLE1.6.2.3
2023-12-13 02:31:10,904 [WARN] PackLoader:240 - Cannot read IP mode file for STMicroelectronics.X-CUBE-BLE1.6.2.4
2023-12-13 02:31:10,914 [WARN] PackLoader:240 - Cannot read IP mode file for STMicroelectronics.FP-SNS-FLIGHT1.5.0.2
2023-12-13 02:31:10,932 [WARN] PackLoader:240 - Cannot read IP mode file for STMicroelectronics.X-CUBE-TOF1.3.1.0
2023-12-13 02:31:10,956 [WARN] PackLoader:240 - Cannot read IP mode file for STMicroelectronics.X-CUBE-DISPLAY.3.0.0
2023-12-13 02:31:10,967 [WARN] PackLoader:240 - Cannot read IP mode file for STMicroelectronics.X-CUBE-BLE1.7.0.0
2023-12-13 02:31:10,978 [WARN] PackLoader:240 - Cannot read IP mode file for STMicroelectronics.X-CUBE-TOUCHGFX.4.22.0
2023-12-13 02:31:10,986 [WARN] PackLoader:240 - Cannot read IP mode file for STMicroelectronics.X-CUBE-TOUCHGFX.4.22.1
2023-12-13 02:31:11,036 [WARN] PackLoader:240 - Cannot read IP mode file for STMicroelectronics.X-CUBE-MEMS1.9.3.0
2023-12-13 02:31:11,251 [WARN] PackLoader:240 - Cannot read IP mode file for STMicroelectronics.X-CUBE-AI.7.2.0
2023-12-13 02:31:11,267 [WARN] PackLoader:240 - Cannot read IP mode file for STMicroelectronics.FP-SNS-SMARTAG2.1.2.0
