2023-12-06 00:28:38,374 [INFO] Activator:176 - 


2023-12-06 00:28:38,378 [INFO] Activator:177 - !SESSION log4j initialized
2023-12-06 00:28:43,360 [INFO] LogOutputStream:77 - [STDOUT_REDIRECT] 
2023-12-06 00:29:05,759 [ERROR] LogOutputStream:75 - [STDERR_REDIRECT] SLF4J: Failed to load class "org.slf4j.impl.StaticLoggerBinder".
2023-12-06 00:29:05,761 [ERROR] LogOutputStream:75 - [STDERR_REDIRECT] SLF4J: Defaulting to no-operation (NOP) logger implementation
2023-12-06 00:29:05,762 [ERROR] LogOutputStream:75 - [STDERR_REDIRECT] SLF4J: See http://www.slf4j.org/codes.html#StaticLoggerBinder for further details.
2023-12-06 13:26:37,635 [INFO] Activator:176 - 


2023-12-06 13:26:37,636 [INFO] Activator:177 - !SESSION log4j initialized
2023-12-06 13:26:43,003 [INFO] LogOutputStream:77 - [STDOUT_REDIRECT] 
2023-12-06 13:27:05,216 [ERROR] LogOutputStream:75 - [STDERR_REDIRECT] SLF4J: Failed to load class "org.slf4j.impl.StaticLoggerBinder".
2023-12-06 13:27:05,217 [ERROR] LogOutputStream:75 - [STDERR_REDIRECT] SLF4J: Defaulting to no-operation (NOP) logger implementation
2023-12-06 13:27:05,217 [ERROR] LogOutputStream:75 - [STDERR_REDIRECT] SLF4J: See http://www.slf4j.org/codes.html#StaticLoggerBinder for further details.
2023-12-06 16:45:46,894 [INFO] Activator:176 - 


2023-12-06 16:45:46,894 [INFO] Activator:177 - !SESSION log4j initialized
2023-12-06 16:45:52,296 [INFO] LogOutputStream:77 - [STDOUT_REDIRECT] 
2023-12-06 16:46:14,900 [ERROR] LogOutputStream:75 - [STDERR_REDIRECT] SLF4J: Failed to load class "org.slf4j.impl.StaticLoggerBinder".
2023-12-06 16:46:14,900 [ERROR] LogOutputStream:75 - [STDERR_REDIRECT] SLF4J: Defaulting to no-operation (NOP) logger implementation
2023-12-06 16:46:14,902 [ERROR] LogOutputStream:75 - [STDERR_REDIRECT] SLF4J: See http://www.slf4j.org/codes.html#StaticLoggerBinder for further details.
2024-01-06 15:34:57,151 [INFO] Activator:176 - 


2024-01-06 15:34:57,153 [INFO] Activator:177 - !SESSION log4j initialized
2024-01-06 15:35:02,405 [INFO] LogOutputStream:77 - [STDOUT_REDIRECT] 
2024-01-06 15:35:23,712 [ERROR] LogOutputStream:75 - [STDERR_REDIRECT] SLF4J: Failed to load class "org.slf4j.impl.StaticLoggerBinder".
2024-01-06 15:35:23,713 [ERROR] LogOutputStream:75 - [STDERR_REDIRECT] SLF4J: Defaulting to no-operation (NOP) logger implementation
2024-01-06 15:35:23,715 [ERROR] LogOutputStream:75 - [STDERR_REDIRECT] SLF4J: See http://www.slf4j.org/codes.html#StaticLoggerBinder for further details.
