2023-11-02 00:07:13,557 [INFO] Activator:176 - 


2023-11-02 00:07:13,557 [INFO] Activator:177 - !SESSION log4j initialized
2023-11-02 00:07:17,673 [INFO] LogOutputStream:77 - [STDOUT_REDIRECT] 
2023-11-02 00:07:39,631 [ERROR] LogOutputStream:75 - [STDERR_REDIRECT] SLF4J: Failed to load class "org.slf4j.impl.StaticLoggerBinder".
2023-11-02 00:07:39,631 [ERROR] LogOutputStream:75 - [STDERR_REDIRECT] SLF4J: Defaulting to no-operation (NOP) logger implementation
2023-11-02 00:07:39,631 [ERROR] LogOutputStream:75 - [STDERR_REDIRECT] SLF4J: See http://www.slf4j.org/codes.html#StaticLoggerBinder for further details.
2023-11-02 01:05:04,834 [INFO] Activator:176 - 


2023-11-02 01:05:04,836 [INFO] Activator:177 - !SESSION log4j initialized
2023-11-02 01:05:10,782 [INFO] LogOutputStream:77 - [STDOUT_REDIRECT] 
2023-11-02 01:05:32,058 [ERROR] LogOutputStream:75 - [STDERR_REDIRECT] SLF4J: Failed to load class "org.slf4j.impl.StaticLoggerBinder".
2023-11-02 01:05:32,058 [ERROR] LogOutputStream:75 - [STDERR_REDIRECT] SLF4J: Defaulting to no-operation (NOP) logger implementation
2023-11-02 01:05:32,060 [ERROR] LogOutputStream:75 - [STDERR_REDIRECT] SLF4J: See http://www.slf4j.org/codes.html#StaticLoggerBinder for further details.
2023-11-02 01:09:55,855 [INFO] ApplicationProperties:184 - Using Application install path: C:\ST\STM32CubeIDE_1.7.0\STM32CubeIDE\plugins\com.st.stm32cube.common.mx_6.8.0.202302231600
2023-11-02 01:09:55,879 [INFO] DbMcusXml:78 - Set database path to: C:\ST\STM32CubeIDE_1.7.0\STM32CubeIDE\plugins\com.st.stm32cube.common.mx_6.8.0.202302231600\\db\/mcu/
2023-11-02 01:09:55,879 [INFO] ApiDb:274 - Set plugin database path to: C:\ST\STM32CubeIDE_1.7.0\STM32CubeIDE\plugins\com.st.stm32cube.common.mx_6.8.0.202302231600\\db\/plugins/boardmanager/
2023-11-02 01:09:55,881 [WARN] ApiDb:259 - Overriding images path with different value:  => C:\ST\STM32CubeIDE_1.7.0\STM32CubeIDE\plugins\com.st.stm32cube.common.mx_6.8.0.202302231600\\db\/plugins/mcufinder/images/
2023-11-02 01:09:55,896 [INFO] ApiDb:250 - Set database path to: C:\Users\Huy\.stmcufinder\plugins\mcufinder//mcu/
2023-11-02 01:09:55,898 [INFO] DbMcusAds:125 - Set database path to: C:\Users\Huy\.stmcufinder\plugins\mcufinder//mcu/
2023-11-02 01:09:55,912 [INFO] CrossReferenceDbSqlite:203 - Set database path to: C:\Users\Huy\.stmcufinder\plugins\mcufinder//mcu/cs/
2023-11-02 01:09:56,019 [INFO] RulesReader:64 - Compatibility file has been processed (293 Rules)
2023-11-02 01:09:56,093 [INFO] DbMcusXml:78 - Set database path to: C:\ST\STM32CubeIDE_1.7.0\STM32CubeIDE\plugins\com.st.stm32cube.common.mx_6.8.0.202302231600\\db\/mcu/
2023-11-02 01:09:56,093 [INFO] ApiDb:274 - Set plugin database path to: C:\ST\STM32CubeIDE_1.7.0\STM32CubeIDE\plugins\com.st.stm32cube.common.mx_6.8.0.202302231600\\db\/plugins/boardmanager/
2023-11-02 01:09:56,093 [INFO] ApiDb:261 - Set plugin images path to: C:\ST\STM32CubeIDE_1.7.0\STM32CubeIDE\plugins\com.st.stm32cube.common.mx_6.8.0.202302231600\\db\/plugins/mcufinder/images/
2023-11-02 01:09:56,094 [WARN] DbFile:41 - Overriding database path with different value: C:\Users\Huy\.stmcufinder\plugins\mcufinder/ => C:\Users\Huy\.stmcufinder\plugins\mcufinder
2023-11-02 01:09:56,094 [INFO] ApiDb:250 - Set database path to: C:\Users\Huy\.stmcufinder\plugins\mcufinder//mcu/
2023-11-02 01:09:56,094 [WARN] DbFile:41 - Overriding database path with different value: C:\Users\Huy\.stmcufinder\plugins\mcufinder/ => C:\Users\Huy\.stmcufinder\plugins\mcufinder
2023-11-02 01:09:56,094 [INFO] DbMcusAds:125 - Set database path to: C:\Users\Huy\.stmcufinder\plugins\mcufinder//mcu/
2023-11-02 01:09:56,094 [WARN] DbFile:41 - Overriding database path with different value: C:\Users\Huy\.stmcufinder\plugins\mcufinder/ => C:\Users\Huy\.stmcufinder\plugins\mcufinder
2023-11-02 01:09:56,094 [WARN] DbFile:41 - Overriding database path with different value: C:\Users\Huy\.stmcufinder\plugins\mcufinder/ => C:\Users\Huy\.stmcufinder\plugins\mcufinder
2023-11-02 01:09:56,094 [INFO] CrossReferenceDbSqlite:203 - Set database path to: C:\Users\Huy\.stmcufinder\plugins\mcufinder//mcu/cs/
2023-11-02 01:09:56,174 [INFO] MainPanel:253 - HeapMemory: 490733568
2023-11-02 01:09:56,274 [INFO] DbMcusXml:78 - Set database path to: C:\ST\STM32CubeIDE_1.7.0\STM32CubeIDE\plugins\com.st.stm32cube.common.mx_6.8.0.202302231600\\db\/mcu/
2023-11-02 01:09:56,275 [INFO] ApiDb:274 - Set plugin database path to: C:\ST\STM32CubeIDE_1.7.0\STM32CubeIDE\plugins\com.st.stm32cube.common.mx_6.8.0.202302231600\\db\/plugins/boardmanager/
2023-11-02 01:09:56,275 [INFO] ApiDb:261 - Set plugin images path to: C:\ST\STM32CubeIDE_1.7.0\STM32CubeIDE\plugins\com.st.stm32cube.common.mx_6.8.0.202302231600\\db\/plugins/mcufinder/images/
2023-11-02 01:09:56,275 [WARN] DbFile:41 - Overriding database path with different value: C:\Users\Huy\.stmcufinder\plugins\mcufinder/ => C:\Users\Huy\.stmcufinder\plugins\mcufinder
2023-11-02 01:09:56,275 [INFO] ApiDb:250 - Set database path to: C:\Users\Huy\.stmcufinder\plugins\mcufinder//mcu/
2023-11-02 01:09:56,275 [WARN] DbFile:41 - Overriding database path with different value: C:\Users\Huy\.stmcufinder\plugins\mcufinder/ => C:\Users\Huy\.stmcufinder\plugins\mcufinder
2023-11-02 01:09:56,275 [INFO] DbMcusAds:125 - Set database path to: C:\Users\Huy\.stmcufinder\plugins\mcufinder//mcu/
2023-11-02 01:09:56,275 [WARN] DbFile:41 - Overriding database path with different value: C:\Users\Huy\.stmcufinder\plugins\mcufinder/ => C:\Users\Huy\.stmcufinder\plugins\mcufinder
2023-11-02 01:09:56,275 [WARN] DbFile:41 - Overriding database path with different value: C:\Users\Huy\.stmcufinder\plugins\mcufinder/ => C:\Users\Huy\.stmcufinder\plugins\mcufinder
2023-11-02 01:09:56,275 [INFO] CrossReferenceDbSqlite:203 - Set database path to: C:\Users\Huy\.stmcufinder\plugins\mcufinder//mcu/cs/
2023-11-02 01:09:56,291 [INFO] ApplicationProperties:184 - Using Application install path: C:\ST\STM32CubeIDE_1.7.0\STM32CubeIDE\plugins\com.st.stm32cube.common.mx_6.8.0.202302231600
2023-11-02 01:09:56,292 [INFO] PluginManage:196 - Search for loadable plugins [exclusion list=, ]
2023-11-02 01:09:56,294 [INFO] PluginManage:310 - Check plugin analytics
2023-11-02 01:09:56,426 [INFO] AnalyticsPlugin:253 - Accepted Software Licenses: 
2023-11-02 01:09:56,426 [INFO] AnalyticsPlugin:255 - Accepted CMSIS Pack Licenses: 
2023-11-02 01:09:56,427 [INFO] AnalyticsPlugin:257 - Accepted Firmware Licenses: FW.F4.1.27.0
2023-11-02 01:09:56,432 [INFO] PluginManage:359 - Loaded plugin analytics (category:tool,tabindex:-1)
2023-11-02 01:09:56,432 [INFO] PluginManage:310 - Check plugin cadmodel
2023-11-02 01:09:56,448 [INFO] CADModel:105 - Init CAD model plugin
2023-11-02 01:09:56,448 [INFO] PluginManage:359 - Loaded plugin cadmodel (category:power,tabindex:5)
2023-11-02 01:09:56,448 [INFO] PluginManage:310 - Check plugin clock
2023-11-02 01:09:56,465 [INFO] PluginManage:359 - Loaded plugin clock (category:base,tabindex:2)
2023-11-02 01:09:56,465 [INFO] PluginManage:310 - Check plugin ddr
2023-11-02 01:09:56,468 [INFO] PluginManage:359 - Loaded plugin ddr (category:tool,tabindex:6)
2023-11-02 01:09:56,468 [INFO] PluginManage:310 - Check plugin filemanager
2023-11-02 01:09:56,577 [INFO] PluginManage:359 - Loaded plugin filemanager (category:base,tabindex:10)
2023-11-02 01:09:56,577 [INFO] PluginManage:310 - Check plugin ipmanager
2023-11-02 01:09:56,584 [INFO] PluginManage:359 - Loaded plugin ipmanager (category:base,tabindex:5)
2023-11-02 01:09:56,584 [INFO] PluginManage:310 - Check plugin lpbam
2023-11-02 01:09:56,601 [INFO] PluginManage:359 - Loaded plugin lpbam (category:base,tabindex:0)
2023-11-02 01:09:56,601 [INFO] PluginManage:310 - Check plugin pinoutandconfiguration
2023-11-02 01:09:56,624 [INFO] PluginManage:359 - Loaded plugin pinoutandconfiguration (category:base,tabindex:1)
2023-11-02 01:09:56,624 [INFO] PluginManage:310 - Check plugin pinoutconfig
2023-11-02 01:09:56,724 [WARN] SupportedApi:132 - Cannot load RTOS API schema: s4s-elt-must-match.1: The content of 'definitions' must match (annotation?, (simpleType | complexType)?, (unique | key | keyref)*)). A problem was found starting at: attribute.
2023-11-02 01:09:56,890 [INFO] PluginManage:359 - Loaded plugin pinoutconfig (category:base,tabindex:0)
2023-11-02 01:09:56,891 [INFO] PluginManage:310 - Check plugin power
2023-11-02 01:09:56,914 [INFO] PluginManage:359 - Loaded plugin power (category:power,tabindex:4)
2023-11-02 01:09:56,914 [INFO] PluginManage:310 - Check plugin projectmanager
2023-11-02 01:09:56,933 [INFO] PluginManage:359 - Loaded plugin projectmanager (category:projectmanager,tabindex:3)
2023-11-02 01:09:56,933 [INFO] PluginManage:310 - Check plugin thirdparty
2023-11-02 01:09:57,178 [INFO] PluginManage:359 - Loaded plugin thirdparty (category:base,tabindex:-1)
2023-11-02 01:09:57,179 [INFO] PluginManage:310 - Check plugin tools
2023-11-02 01:09:57,178 [WARN] IntegrityCheckThread:84 - waiting for thirdparty lock release [integrity check]
2023-11-02 01:09:57,179 [INFO] IntegrityCheckThread:86 - entering critical section [integrity check]
2023-11-02 01:09:57,180 [INFO] ThirdPartyUpdaterWithRetryManager:70 - Updater plugin not ready yet. [1/15]
2023-11-02 01:09:57,213 [INFO] PluginManage:359 - Loaded plugin tools (category:base,tabindex:7)
2023-11-02 01:09:57,213 [INFO] PluginManage:310 - Check plugin tutovideos
2023-11-02 01:09:57,423 [INFO] PluginManage:359 - Loaded plugin tutovideos (category:base,tabindex:-1)
2023-11-02 01:09:57,423 [INFO] PluginManage:310 - Check plugin updater
2023-11-02 01:09:57,440 [INFO] PluginManage:359 - Loaded plugin updater (category:base,tabindex:12)
2023-11-02 01:09:57,441 [INFO] PluginManage:283 - PluginManage : Loaded plugins [15]
2023-11-02 01:09:57,685 [INFO] PinOutPanel:1499 - setPackage(No Configuration,No Configuration)
2023-11-02 01:09:57,749 [INFO] CADModel:165 - CPN selected for project level
2023-11-02 01:09:57,750 [INFO] CADModel:114 - Register for checkConnection events
2023-11-02 01:09:57,778 [INFO] IPUIPlugin:80 - create IPUIPlugin
2023-11-02 01:09:57,778 [INFO] PluginManager:220 - loadIPPluginJar : add adc
2023-11-02 01:09:57,806 [INFO] IPUIPlugin:80 - create IPUIPlugin
2023-11-02 01:09:57,806 [INFO] PluginManager:220 - loadIPPluginJar : add aes
2023-11-02 01:09:57,836 [INFO] IPUIPlugin:80 - create IPUIPlugin
2023-11-02 01:09:57,836 [INFO] PluginManager:220 - loadIPPluginJar : add can
2023-11-02 01:09:57,872 [INFO] IPUIPlugin:80 - create IPUIPlugin
2023-11-02 01:09:57,872 [INFO] PluginManager:220 - loadIPPluginJar : add comp
2023-11-02 01:09:57,895 [INFO] IPUIPlugin:80 - create IPUIPlugin
2023-11-02 01:09:57,895 [INFO] PluginManager:220 - loadIPPluginJar : add cryp
2023-11-02 01:09:57,917 [INFO] IPUIPlugin:80 - create IPUIPlugin
2023-11-02 01:09:57,917 [INFO] PluginManager:220 - loadIPPluginJar : add dfsdm
2023-11-02 01:09:57,930 [INFO] IPUIPlugin:80 - create IPUIPlugin
2023-11-02 01:09:57,930 [INFO] PluginManager:220 - loadIPPluginJar : add dma
2023-11-02 01:09:57,968 [INFO] IPUIPlugin:80 - create IPUIPlugin
2023-11-02 01:09:57,968 [INFO] PluginManager:220 - loadIPPluginJar : add dma3
2023-11-02 01:09:57,986 [INFO] IPUIPlugin:80 - create IPUIPlugin
2023-11-02 01:09:57,986 [INFO] PluginManager:220 - loadIPPluginJar : add fatfs
2023-11-02 01:09:58,031 [INFO] IPUIPlugin:80 - create IPUIPlugin
2023-11-02 01:09:58,031 [INFO] PluginManager:220 - loadIPPluginJar : add fmc
2023-11-02 01:09:58,046 [INFO] IPUIPlugin:80 - create IPUIPlugin
2023-11-02 01:09:58,047 [INFO] PluginManager:220 - loadIPPluginJar : add freertos
2023-11-02 01:09:58,061 [INFO] IPUIPlugin:80 - create IPUIPlugin
2023-11-02 01:09:58,061 [INFO] PluginManager:220 - loadIPPluginJar : add genericplugin
2023-11-02 01:09:58,126 [INFO] IPUIPlugin:80 - create IPUIPlugin
2023-11-02 01:09:58,126 [INFO] PluginManager:220 - loadIPPluginJar : add gfxmmu
2023-11-02 01:09:58,222 [INFO] IPUIPlugin:80 - create IPUIPlugin
2023-11-02 01:09:58,222 [INFO] PluginManager:220 - loadIPPluginJar : add gic
2023-11-02 01:09:58,236 [INFO] IPUIPlugin:80 - create IPUIPlugin
2023-11-02 01:09:58,236 [INFO] PluginManager:220 - loadIPPluginJar : add gpio
2023-11-02 01:09:58,312 [INFO] IPUIPlugin:80 - create IPUIPlugin
2023-11-02 01:09:58,312 [INFO] PluginManager:220 - loadIPPluginJar : add gtzc
2023-11-02 01:09:58,338 [INFO] IPUIPlugin:80 - create IPUIPlugin
2023-11-02 01:09:58,339 [INFO] PluginManager:220 - loadIPPluginJar : add hash
2023-11-02 01:09:58,374 [INFO] IPUIPlugin:80 - create IPUIPlugin
2023-11-02 01:09:58,374 [INFO] PluginManager:220 - loadIPPluginJar : add i2c
2023-11-02 01:09:58,401 [INFO] IPUIPlugin:80 - create IPUIPlugin
2023-11-02 01:09:58,401 [INFO] PluginManager:220 - loadIPPluginJar : add i2s
2023-11-02 01:09:58,429 [INFO] IPUIPlugin:80 - create IPUIPlugin
2023-11-02 01:09:58,429 [INFO] PluginManager:220 - loadIPPluginJar : add i3c
2023-11-02 01:09:58,500 [INFO] IPUIPlugin:80 - create IPUIPlugin
2023-11-02 01:09:58,500 [INFO] PluginManager:220 - loadIPPluginJar : add ipddr
2023-11-02 01:09:58,569 [INFO] IPUIPlugin:80 - create IPUIPlugin
2023-11-02 01:09:58,569 [INFO] PluginManager:220 - loadIPPluginJar : add linkedlist
2023-11-02 01:09:58,594 [INFO] IPUIPlugin:80 - create IPUIPlugin
2023-11-02 01:09:58,594 [INFO] PluginManager:220 - loadIPPluginJar : add lorawan
2023-11-02 01:09:58,619 [INFO] IPUIPlugin:80 - create IPUIPlugin
2023-11-02 01:09:58,619 [INFO] PluginManager:220 - loadIPPluginJar : add ltdc
2023-11-02 01:09:58,633 [INFO] IPUIPlugin:80 - create IPUIPlugin
2023-11-02 01:09:58,634 [INFO] PluginManager:220 - loadIPPluginJar : add mdma
2023-11-02 01:09:58,644 [INFO] IPUIPlugin:80 - create IPUIPlugin
2023-11-02 01:09:58,644 [INFO] PluginManager:220 - loadIPPluginJar : add nvic
2023-11-02 01:09:58,669 [INFO] IPUIPlugin:80 - create IPUIPlugin
2023-11-02 01:09:58,669 [INFO] PluginManager:220 - loadIPPluginJar : add opamp
2023-11-02 01:09:58,710 [INFO] IPUIPlugin:80 - create IPUIPlugin
2023-11-02 01:09:58,710 [INFO] PluginManager:220 - loadIPPluginJar : add openamp
2023-11-02 01:09:58,738 [INFO] IPUIPlugin:80 - create IPUIPlugin
2023-11-02 01:09:58,738 [INFO] PluginManager:220 - loadIPPluginJar : add pdm2pcm
2023-11-02 01:09:58,751 [INFO] IPUIPlugin:80 - create IPUIPlugin
2023-11-02 01:09:58,754 [INFO] PluginManager:220 - loadIPPluginJar : add plateformsettings
2023-11-02 01:09:58,770 [INFO] IPUIPlugin:80 - create IPUIPlugin
2023-11-02 01:09:58,770 [INFO] PluginManager:220 - loadIPPluginJar : add quadspi
2023-11-02 01:09:58,781 [INFO] IPUIPlugin:80 - create IPUIPlugin
2023-11-02 01:09:58,781 [INFO] PluginManager:220 - loadIPPluginJar : add resmgrutility
2023-11-02 01:09:58,823 [INFO] IPUIPlugin:80 - create IPUIPlugin
2023-11-02 01:09:58,823 [INFO] PluginManager:220 - loadIPPluginJar : add sai
2023-11-02 01:09:58,849 [INFO] IPUIPlugin:80 - create IPUIPlugin
2023-11-02 01:09:58,849 [INFO] PluginManager:220 - loadIPPluginJar : add spi
2023-11-02 01:09:58,892 [INFO] IPUIPlugin:80 - create IPUIPlugin
2023-11-02 01:09:58,893 [INFO] PluginManager:220 - loadIPPluginJar : add stm32_wpan
2023-11-02 01:09:58,910 [INFO] IPUIPlugin:80 - create IPUIPlugin
2023-11-02 01:09:58,910 [INFO] PluginManager:220 - loadIPPluginJar : add tim
2023-11-02 01:09:58,955 [INFO] IPUIPlugin:80 - create IPUIPlugin
2023-11-02 01:09:58,955 [INFO] PluginManager:220 - loadIPPluginJar : add touchsensing
2023-11-02 01:09:58,973 [INFO] IPUIPlugin:80 - create IPUIPlugin
2023-11-02 01:09:58,973 [INFO] PluginManager:220 - loadIPPluginJar : add tracer_emb
2023-11-02 01:09:58,988 [INFO] IPUIPlugin:80 - create IPUIPlugin
2023-11-02 01:09:58,988 [INFO] PluginManager:220 - loadIPPluginJar : add ts
2023-11-02 01:09:59,003 [INFO] IPUIPlugin:80 - create IPUIPlugin
2023-11-02 01:09:59,003 [INFO] PluginManager:220 - loadIPPluginJar : add tsc
2023-11-02 01:09:59,019 [INFO] IPUIPlugin:80 - create IPUIPlugin
2023-11-02 01:09:59,019 [INFO] PluginManager:220 - loadIPPluginJar : add ucpd
2023-11-02 01:09:59,055 [INFO] IPUIPlugin:80 - create IPUIPlugin
2023-11-02 01:09:59,055 [INFO] PluginManager:220 - loadIPPluginJar : add usart
2023-11-02 01:09:59,085 [INFO] IPUIPlugin:80 - create IPUIPlugin
2023-11-02 01:09:59,085 [INFO] PluginManager:220 - loadIPPluginJar : add usbx
2023-11-02 01:09:59,206 [INFO] CADModel:165 - CPN selected for project level
2023-11-02 01:09:59,206 [INFO] CADModel:114 - Register for checkConnection events
2023-11-02 01:09:59,206 [FATAL] Updater:308 - Updater called before beeing initialized
2023-11-02 01:09:59,206 [ERROR] CADModel:125 - Updater not yet initialized, retry later 
2023-11-02 01:09:59,358 [INFO] CADModel:165 - CPN selected for project level
2023-11-02 01:09:59,358 [INFO] CADModel:114 - Register for checkConnection events
2023-11-02 01:09:59,358 [FATAL] Updater:308 - Updater called before beeing initialized
2023-11-02 01:09:59,358 [ERROR] CADModel:125 - Updater not yet initialized, retry later 
2023-11-02 01:09:59,363 [FATAL] Updater:308 - Updater called before beeing initialized
2023-11-02 01:09:59,467 [FATAL] Updater:308 - Updater called before beeing initialized
2023-11-02 01:09:59,479 [INFO] DbMcusAds:53 - JSON generation date=Tue Mar 07 15:50:55 ICT 2023 (1678179055114)
2023-11-02 01:09:59,480 [FATAL] Updater:308 - Updater called before beeing initialized
2023-11-02 01:09:59,559 [WARN] DetailPanel:346 - Failed to get advertising image, set to default
2023-11-02 01:09:59,680 [FATAL] Updater:308 - Updater called before beeing initialized
2023-11-02 01:09:59,683 [FATAL] Updater:308 - Updater called before beeing initialized
2023-11-02 01:09:59,683 [FATAL] Updater:308 - Updater called before beeing initialized
2023-11-02 01:09:59,683 [WARN] DetailPanel:346 - Failed to get advertising image, set to default
2023-11-02 01:09:59,684 [FATAL] Updater:308 - Updater called before beeing initialized
2023-11-02 01:09:59,733 [ERROR] Updater:1120 - MainUpdater not yet initialized. External WinMGr cannot be set.
2023-11-02 01:09:59,741 [INFO] Updater:1056 - Updater Version found : 6.8.0
2023-11-02 01:09:59,760 [INFO] ApplicationProperties:184 - Using Application install path: C:\ST\STM32CubeIDE_1.7.0\STM32CubeIDE\plugins\com.st.stm32cube.common.mx_6.8.0.202302231600
2023-11-02 01:09:59,905 [INFO] MainUpdater:2854 - connection check result : 10
2023-11-02 01:09:59,905 [INFO] MainUpdater:3548 - Updater definition file requires update
2023-11-02 01:09:59,906 [INFO] MainUpdater:283 - Updater Check For Update Now.
2023-11-02 01:09:59,906 [INFO] MicroXplorer:498 - Change Database Version : DB.6.0.80
2023-11-02 01:10:00,026 [INFO] ServerAccessManage:473 - Download File updaters.zip
2023-11-02 01:10:00,118 [INFO] FileExtend:240 - Unzip File : updaters.zip
2023-11-02 01:10:00,118 [INFO] FileExtend:255 - Standard Zip Deflate
2023-11-02 01:10:00,191 [WARN] MainUpdater:1187 - Updater busy. Cannot search thirdparties
2023-11-02 01:10:00,192 [INFO] ThirdPartyUpdaterWithRetryManager:96 - Updater plugin is busy. [1/15]
2023-11-02 01:10:00,564 [INFO] ServerAccessManage:473 - Download File PacksControlFlags.xml
2023-11-02 01:10:00,684 [INFO] ServerAccessManage:473 - Download File cubemx.pidx
2023-11-02 01:10:01,142 [INFO] ServerAccessManage:473 - Download File STMicroelectronics.X-CUBE-BLEMGR.pdsc
2023-11-02 01:10:01,935 [INFO] ServerAccessManage:473 - Download File STMicroelectronics.X-CUBE-EEPRMA1.pdsc
2023-11-02 01:10:03,029 [ERROR] ServerAccessManage:1089 - Problem, file not found on Server
2023-11-02 01:10:03,195 [WARN] MainUpdater:1187 - Updater busy. Cannot search thirdparties
2023-11-02 01:10:03,195 [INFO] ThirdPartyUpdaterWithRetryManager:96 - Updater plugin is busy. [2/15]
2023-11-02 01:10:03,984 [WARN] PackLoader:240 - Cannot read IP mode file for STMicroelectronics.X-CUBE-BLEMGR.3.0.0
2023-11-02 01:10:03,997 [WARN] PackLoader:240 - Cannot read IP mode file for STMicroelectronics.X-CUBE-EEPRMA1.4.2.0
2023-11-02 01:10:03,999 [INFO] PopulateThirdPartyThread:66 - Ending populate Thread
2023-11-02 01:10:04,004 [INFO] ThirdParty:1030 - CMSIS Pack Vendor :STMicroelectronics X-CUBE-BLEMGR 3.0.0
2023-11-02 01:10:04,004 [INFO] ThirdParty:1030 - CMSIS Pack Vendor :STMicroelectronics X-CUBE-EEPRMA1 4.2.0
2023-11-02 01:10:04,004 [INFO] LoadServerUpdatesThread:373 - End of LoadServerUpdate Thread
2023-11-02 01:10:04,111 [INFO] CheckServerUpdateThread:120 - End of CheckServer Thread
2023-11-02 01:10:04,217 [INFO] MainUpdater:2854 - connection check result : 10
2023-11-02 01:10:04,231 [INFO] MainUpdater:2854 - connection check result : 10
2023-11-02 01:10:04,398 [INFO] MicroXplorer:468 - Change Database Path : 
2023-11-02 01:10:04,398 [INFO] MicroXplorer:498 - Change Database Version : DB.6.0.80
2023-11-02 01:10:04,398 [WARN] ThirdParty:871 - waiting for thirdparty lock release [close project]
2023-11-02 01:10:06,326 [WARN] PackLoader:240 - Cannot read IP mode file for STMicroelectronics.X-CUBE-SMBUS.2.1.0
2023-11-02 01:10:06,363 [WARN] PackLoader:240 - Cannot read IP mode file for STMicroelectronics.X-CUBE-AZRTOS-F7.1.1.0
2023-11-02 01:10:06,377 [WARN] PackLoader:240 - Cannot read IP mode file for STMicroelectronics.FP-SNS-MOTENV1.4.3.2
2023-11-02 01:10:06,393 [WARN] PackLoader:240 - Cannot read IP mode file for STMicroelectronics.X-CUBE-BLE1.6.2.3
2023-11-02 01:10:06,403 [WARN] PackLoader:240 - Cannot read IP mode file for STMicroelectronics.X-CUBE-BLE1.6.2.4
2023-11-02 01:10:06,408 [WARN] PackLoader:240 - Cannot read IP mode file for STMicroelectronics.FP-SNS-FLIGHT1.5.0.2
2023-11-02 01:10:06,424 [WARN] PackLoader:240 - Cannot read IP mode file for STMicroelectronics.X-CUBE-TOF1.3.1.0
2023-11-02 01:10:06,449 [WARN] PackLoader:240 - Cannot read IP mode file for STMicroelectronics.X-CUBE-DISPLAY.3.0.0
2023-11-02 01:10:06,465 [WARN] PackLoader:240 - Cannot read IP mode file for STMicroelectronics.X-CUBE-BLE1.7.0.0
2023-11-02 01:10:06,478 [WARN] PackLoader:240 - Cannot read IP mode file for STMicroelectronics.X-CUBE-TOUCHGFX.4.22.0
2023-11-02 01:10:06,488 [WARN] PackLoader:240 - Cannot read IP mode file for STMicroelectronics.X-CUBE-TOUCHGFX.4.22.1
2023-11-02 01:10:06,535 [WARN] PackLoader:240 - Cannot read IP mode file for STMicroelectronics.X-CUBE-MEMS1.9.3.0
2023-11-02 01:10:06,660 [WARN] PackLoader:240 - Cannot read IP mode file for STMicroelectronics.X-CUBE-AI.7.2.0
2023-11-02 01:10:06,673 [WARN] PackLoader:240 - Cannot read IP mode file for STMicroelectronics.FP-SNS-SMARTAG2.1.2.0
2023-11-02 01:10:06,694 [INFO] LogOutputStream:77 - [STDOUT_REDIRECT] 1 : Invalid condition id : UX_CORESTACK_Condition cause : null
2023-11-02 01:10:06,694 [INFO] LogOutputStream:77 - [STDOUT_REDIRECT] 1 : Invalid condition id : UX_CORESTACK_Condition cause : null
2023-11-02 01:10:06,695 [INFO] LogOutputStream:77 - [STDOUT_REDIRECT] 1 : Invalid condition id : UX_CORESTACK_Condition cause : null
2023-11-02 01:10:06,696 [INFO] LogOutputStream:77 - [STDOUT_REDIRECT] 1 : Invalid condition id : UX_CORESTACK_Condition cause : null
2023-11-02 01:10:06,697 [INFO] LogOutputStream:77 - [STDOUT_REDIRECT] 1 : Invalid condition id : UX_CORESTACK_Condition cause : null
2023-11-02 01:10:06,701 [WARN] PackLoader:240 - Cannot read IP mode file for STMicroelectronics.X-CUBE-AZRTOS-WL.2.0.0
2023-11-02 01:10:06,718 [WARN] PackLoader:240 - Cannot read IP mode file for WES.I-CUBE-Cesium.1.3.0
2023-11-02 01:10:06,730 [WARN] PackLoader:240 - Cannot read IP mode file for STMicroelectronics.X-CUBE-BLE2.3.3.0
2023-11-02 01:10:06,744 [WARN] PackLoader:240 - Cannot read IP mode file for STMicroelectronics.X-CUBE-DISPLAY.2.2.0
2023-11-02 01:10:06,764 [WARN] PackLoader:240 - Cannot read IP mode file for STMicroelectronics.X-CUBE-TOF1.3.2.0
2023-11-02 01:10:06,780 [WARN] PackLoader:240 - Cannot read IP mode file for STMicroelectronics.X-CUBE-ISPU.1.0.0
2023-11-02 01:10:06,806 [WARN] PackLoader:240 - Cannot read IP mode file for STMicroelectronics.X-CUBE-AZRTOS-H7.2.1.0
2023-11-02 01:10:06,821 [WARN] PackLoader:240 - Cannot read IP mode file for STMicroelectronics.X-CUBE-TOUCHGFX.4.21.1
2023-11-02 01:10:06,833 [WARN] PackLoader:240 - Cannot read IP mode file for STMicroelectronics.X-CUBE-TOUCHGFX.4.21.0
2023-11-02 01:10:06,845 [WARN] PackLoader:240 - Cannot read IP mode file for STMicroelectronics.X-CUBE-TOUCHGFX.4.21.3
2023-11-02 01:10:06,893 [WARN] PackLoader:240 - Cannot read IP mode file for STMicroelectronics.X-CUBE-MEMS1.9.4.0
2023-11-02 01:10:06,996 [WARN] PackLoader:240 - Cannot read IP mode file for STMicroelectronics.X-CUBE-AI.7.3.0
2023-11-02 01:10:07,011 [WARN] PackLoader:240 - Cannot read IP mode file for STMicroelectronics.X-CUBE-ALGOBUILD.1.3.0
2023-11-02 01:10:07,040 [WARN] PackLoader:240 - Cannot read IP mode file for STMicroelectronics.X-CUBE-AZRTOS-G0.1.1.0
2023-11-02 01:10:07,052 [WARN] PackLoader:240 - Cannot read IP mode file for STMicroelectronics.X-CUBE-NFC4.3.0.0
2023-11-02 01:10:07,088 [WARN] PackLoader:240 - Cannot read IP mode file for SEGGER.I-CUBE-embOS.1.2.0
2023-11-02 01:10:07,129 [WARN] PackLoader:240 - Cannot read IP mode file for STMicroelectronics.X-CUBE-BLEMGR.3.0.0
2023-11-02 01:10:07,144 [WARN] PackLoader:240 - Cannot read IP mode file for STMicroelectronics.X-CUBE-BLEMGR.1.3.0
2023-11-02 01:10:07,149 [WARN] PackLoader:240 - Cannot read IP mode file for STMicroelectronics.FP-ATR-SIGFOX1.3.2.0
2023-11-02 01:10:07,159 [WARN] PackLoader:240 - Cannot read IP mode file for emotas.I-CUBE-CANOPEN.1.1.2
2023-11-02 01:10:07,171 [WARN] PackLoader:240 - Cannot read IP mode file for STMicroelectronics.X-CUBE-TOUCHGFX.4.20.0
2023-11-02 01:10:07,204 [WARN] PackLoader:240 - Cannot read IP mode file for STMicroelectronics.X-CUBE-MEMS1.9.5.0
2023-11-02 01:10:07,326 [WARN] PackLoader:240 - Cannot read IP mode file for SEGGER.I-CUBE-embOS.1.3.1
2023-11-02 01:10:07,362 [WARN] PackLoader:240 - Cannot read IP mode file for STMicroelectronics.X-CUBE-GNSS1.6.0.0
2023-11-02 01:10:07,391 [WARN] PackLoader:240 - Cannot read IP mode file for STMicroelectronics.X-CUBE-AZRTOS-F4.1.1.0
2023-11-02 01:10:07,405 [WARN] PackLoader:240 - Cannot read IP mode file for STMicroelectronics.X-CUBE-BLEMGR.1.2.0
2023-11-02 01:10:07,427 [WARN] PackLoader:240 - Cannot read IP mode file for STMicroelectronics.X-CUBE-AZRTOS-L5.2.0.0
2023-11-02 01:10:07,471 [WARN] PackLoader:240 - Cannot read IP mode file for STMicroelectronics.X-CUBE-MEMS1.9.6.0
2023-11-02 01:10:07,586 [WARN] PackLoader:240 - Cannot read IP mode file for STMicroelectronics.X-CUBE-EEPRMA1.4.2.0
2023-11-02 01:10:07,595 [WARN] PackLoader:240 - Cannot read IP mode file for ITTIA_DB.I-CUBE-ITTIADB.8.8.0
2023-11-02 01:10:07,609 [WARN] PackLoader:240 - Cannot read IP mode file for STMicroelectronics.X-CUBE-BLEMGR.2.0.0
2023-11-02 01:10:07,622 [WARN] PackLoader:240 - Cannot read IP mode file for STMicroelectronics.X-CUBE-NFC4.2.0.5
2023-11-02 01:10:07,634 [WARN] PackLoader:240 - Cannot read IP mode file for STMicroelectronics.X-CUBE-NFC4.2.0.4
2023-11-02 01:10:07,663 [WARN] ConditionMgr:438 - getConditionDescription Invalid condition id : UX DEVICE CLASS RTOS Condition cause : null
2023-11-02 01:10:07,664 [WARN] ConditionMgr:438 - getConditionDescription Invalid condition id : UX DEVICE CLASS RTOS Condition cause : null
2023-11-02 01:10:07,667 [WARN] PackLoader:240 - Cannot read IP mode file for STMicroelectronics.X-CUBE-AZRTOS-H7.3.1.0
2023-11-02 01:10:07,668 [WARN] ConditionMgr:1039 - genDependencies : Invalid condition id : UX DEVICE CLASS RTOS Condition cause : null
2023-11-02 01:10:07,668 [WARN] ConditionMgr:1039 - genDependencies : Invalid condition id : UX DEVICE CLASS RTOS Condition cause : null
2023-11-02 01:10:07,669 [WARN] ConditionMgr:1039 - genDependencies : Invalid condition id : UX DEVICE CLASS RTOS Condition cause : null
2023-11-02 01:10:07,669 [WARN] ConditionMgr:1039 - genDependencies : Invalid condition id : UX DEVICE CLASS RTOS Condition cause : null
2023-11-02 01:10:07,669 [WARN] ConditionMgr:1039 - genDependencies : Invalid condition id : UX DEVICE CLASS RTOS Condition cause : null
2023-11-02 01:10:07,678 [WARN] PackLoader:240 - Cannot read IP mode file for wolfSSL.I-CUBE-wolfSSL.5.5.0
2023-11-02 01:10:07,690 [WARN] PackLoader:240 - Cannot read IP mode file for STMicroelectronics.X-CUBE-NFC7.1.0.1
2023-11-02 01:10:07,702 [WARN] PackLoader:240 - Cannot read IP mode file for STMicroelectronics.X-CUBE-NFC7.1.0.0
2023-11-02 01:10:07,713 [WARN] PackLoader:240 - Cannot read IP mode file for STMicroelectronics.X-CUBE-NFC6.3.0.0
2023-11-02 01:10:07,726 [WARN] PackLoader:240 - Cannot read IP mode file for STMicroelectronics.X-CUBE-EEPRMA1.4.1.0
2023-11-02 01:10:07,735 [WARN] PackLoader:240 - Cannot read IP mode file for STMicroelectronics.X-CUBE-AI.8.1.0
2023-11-02 01:10:07,761 [WARN] ConditionMgr:438 - getConditionDescription Invalid condition id : LAN8742 Phy interface Condition cause : null
2023-11-02 01:10:07,762 [WARN] PackLoader:240 - Cannot read IP mode file for STMicroelectronics.X-CUBE-AZRTOS-L4.2.0.0
2023-11-02 01:10:07,763 [WARN] ConditionMgr:1039 - genDependencies : Invalid condition id : LAN8742 Phy interface Condition cause : null
2023-11-02 01:10:07,763 [WARN] ConditionMgr:1039 - genDependencies : Invalid condition id : LAN8742 Phy interface Condition cause : null
2023-11-02 01:10:07,763 [WARN] ConditionMgr:1039 - genDependencies : Invalid condition id : LAN8742 Phy interface Condition cause : null
2023-11-02 01:10:07,778 [WARN] PackLoader:240 - Cannot read IP mode file for STMicroelectronics.X-CUBE-SFXS2LP1.4.0.0
2023-11-02 01:10:07,802 [WARN] PackLoader:240 - Cannot read IP mode file for STMicroelectronics.X-CUBE-AZRTOS-H7.3.0.0
2023-11-02 01:10:07,812 [WARN] PackLoader:240 - Cannot read IP mode file for STMicroelectronics.X-CUBE-ISPU.1.1.0
2023-11-02 01:10:07,824 [WARN] PackLoader:240 - Cannot read IP mode file for RoweBots.I-CUBE-UNISONRTOS.5.5.0-4
2023-11-02 01:10:07,832 [WARN] PackLoader:240 - Cannot read IP mode file for STMicroelectronics.X-CUBE-AI.8.0.0
2023-11-02 01:10:07,849 [WARN] ConditionMgr:438 - getConditionDescription Invalid condition id : UX DEVICE CLASS RTOS Condition cause : null
2023-11-02 01:10:07,850 [WARN] ConditionMgr:438 - getConditionDescription Invalid condition id : UX DEVICE CLASS RTOS Condition cause : null
2023-11-02 01:10:07,851 [WARN] PackLoader:240 - Cannot read IP mode file for STMicroelectronics.X-CUBE-AZRTOS-WB.2.0.0
2023-11-02 01:10:07,852 [WARN] ConditionMgr:1039 - genDependencies : Invalid condition id : UX DEVICE CLASS RTOS Condition cause : null
2023-11-02 01:10:07,852 [WARN] ConditionMgr:1039 - genDependencies : Invalid condition id : UX DEVICE CLASS RTOS Condition cause : null
2023-11-02 01:10:07,852 [WARN] ConditionMgr:1039 - genDependencies : Invalid condition id : UX DEVICE CLASS RTOS Condition cause : null
2023-11-02 01:10:07,852 [WARN] ConditionMgr:1039 - genDependencies : Invalid condition id : UX DEVICE CLASS RTOS Condition cause : null
2023-11-02 01:10:07,852 [WARN] ConditionMgr:1039 - genDependencies : Invalid condition id : UX DEVICE CLASS RTOS Condition cause : null
2023-11-02 01:10:07,862 [WARN] PackLoader:240 - Cannot read IP mode file for STMicroelectronics.X-CUBE-FREERTOS.1.0.0
2023-11-02 01:10:07,872 [WARN] PackLoader:240 - Cannot read IP mode file for STMicroelectronics.X-CUBE-FREERTOS.1.0.1
2023-11-02 01:10:07,884 [WARN] PackLoader:240 - Cannot read IP mode file for STMicroelectronics.X-CUBE-BLEMGR.1.0.0
2023-11-02 01:10:07,914 [WARN] PackLoader:240 - Cannot read IP mode file for STMicroelectronics.X-CUBE-AZRTOS-L5.1.1.0
2023-11-02 01:10:07,933 [WARN] PackLoader:240 - Cannot read IP mode file for STMicroelectronics.X-CUBE-SUBG2.5.0.0
2023-11-02 01:10:07,952 [WARN] PackLoader:240 - Cannot read IP mode file for STMicroelectronics.X-CUBE-TOF1.3.3.1
2023-11-02 01:10:07,973 [WARN] PackLoader:240 - Cannot read IP mode file for STMicroelectronics.X-CUBE-AZRTOS-G4.2.0.0
2023-11-02 01:10:07,987 [WARN] PackLoader:240 - Cannot read IP mode file for STMicroelectronics.X-CUBE-TOF1.3.3.0
2023-11-02 01:10:08,012 [WARN] PackLoader:240 - Cannot read IP mode file for STMicroelectronics.FP-ATR-ASTRA1.1.1.1
2023-11-02 01:10:08,038 [WARN] PackLoader:240 - Cannot read IP mode file for Infineon.AIROC-Wi-Fi-Bluetooth-STM32.1.5.1
2023-11-02 01:10:08,055 [WARN] PackLoader:240 - Cannot read IP mode file for STMicroelectronics.X-CUBE-AZRTOS-G4.1.0.0
2023-11-02 01:10:08,084 [WARN] PackLoader:240 - Cannot read IP mode file for STMicroelectronics.X-CUBE-AZRTOS-L4.1.0.0
2023-11-02 01:10:08,115 [WARN] PackLoader:240 - Cannot read IP mode file for STMicroelectronics.X-CUBE-MEMS1.10.0.0
2023-11-02 01:10:08,200 [WARN] PackLoader:240 - Cannot read IP mode file for STMicroelectronics.X-CUBE-FREERTOS.1.1.0
2023-11-02 01:10:08,215 [WARN] PackLoader:240 - Cannot read IP mode file for STMicroelectronics.X-CUBE-AZRTOS-WL.1.0.0
2023-11-02 01:10:08,226 [WARN] PackLoader:240 - Cannot read IP mode file for portGmbH.I-Cube-SoM-uGOAL.1.1.0
2023-11-02 01:10:08,238 [WARN] PackLoader:240 - Cannot read IP mode file for STMicroelectronics.X-CUBE-ALS.1.0.1
2023-11-02 01:10:08,256 [WARN] PackLoader:240 - Cannot read IP mode file for STMicroelectronics.X-CUBE-AZRTOS-WB.1.1.0
2023-11-02 01:10:08,274 [WARN] PackLoader:240 - Cannot read IP mode file for STMicroelectronics.X-CUBE-AZRTOS-L5.1.0.0
2023-11-02 01:10:08,285 [WARN] PackLoader:240 - Cannot read IP mode file for STMicroelectronics.X-CUBE-EEPRMA1.3.1.1
2023-11-02 01:10:08,288 [WARN] PackLoader:240 - Cannot read IP mode file for STMicroelectronics.FP-ATR-ASTRA1.2.0.0
2023-11-02 01:10:08,288 [INFO] ThirdParty:978 - Integrity check success = true
2023-11-02 01:10:08,288 [INFO] IntegrityCheckThread:100 - exiting critical section [integrity check]
2023-11-02 01:10:08,288 [INFO] IntegrityCheckThread:103 - End integrity checks thread
2023-11-02 01:10:08,290 [INFO] ThirdParty:873 - entering critical section [close project]
2023-11-02 01:10:08,290 [INFO] ThirdParty:883 - exiting critical section [close project]
2023-11-02 01:10:08,292 [INFO] PinOutPanel:1499 - setPackage(No Configuration,No Configuration)
2023-11-02 01:10:08,295 [INFO] UtilMem:75 - Begin LoadConfig() Used Memory: 518425032 Bytes (831520768)
2023-11-02 01:10:08,296 [INFO] MicroXplorer:468 - Change Database Path : 
2023-11-02 01:10:08,297 [INFO] MicroXplorer:498 - Change Database Version : DB.6.0.80
2023-11-02 01:10:08,297 [INFO] OpenFileManager:308 - Change cursor
2023-11-02 01:10:08,330 [INFO] Mcu:1937 - Initializing MCU STM32F103C6Ux STM32F103C6Ux STM32F103C6U6A
2023-11-02 01:10:08,882 [INFO] Context:659 - Trying to add GPIOservice into a context  which must be forbidden
2023-11-02 01:10:09,231 [INFO] RtosManager:555 - Registered RTOS mode: class=CMSIS, group=RTOS, mode=CMSIS_V1, owner=FREERTOS
2023-11-02 01:10:09,231 [INFO] RtosManager:555 - Registered RTOS mode: class=CMSIS, group=RTOS2, mode=CMSIS_V2, owner=FREERTOS
2023-11-02 01:10:09,231 [INFO] RtosManager:555 - Registered RTOS mode: class=RTOS, group=Core, mode=CMSIS_V1, owner=FREERTOS
2023-11-02 01:10:09,231 [INFO] RtosManager:555 - Registered RTOS mode: class=RTOS, group=Core, mode=CMSIS_V2, owner=FREERTOS
2023-11-02 01:10:09,231 [WARN] ModelIntegratedComponent:184 - Missing modes for component STMicroelectronics:FreeRTOS:0.0.1:STMicroelectronics:RTOS:FreeRTOS:Core:::10.2.0:
2023-11-02 01:10:09,237 [WARN] ModelIntegratedComponent:63 - No mode defined for component null
2023-11-02 01:10:09,237 [WARN] ModelIntegratedComponent:63 - No mode defined for component null
2023-11-02 01:10:09,237 [WARN] ModelIntegratedComponent:63 - No mode defined for component null
2023-11-02 01:10:09,237 [WARN] ModelIntegratedComponent:63 - No mode defined for component null
2023-11-02 01:10:09,237 [WARN] ModelIntegratedComponent:63 - No mode defined for component null
2023-11-02 01:10:09,238 [WARN] ModelIntegratedComponent:63 - No mode defined for component null
2023-11-02 01:10:09,238 [WARN] ModelIntegratedComponent:63 - No mode defined for component null
2023-11-02 01:10:09,238 [WARN] ModelIntegratedComponent:63 - No mode defined for component null
2023-11-02 01:10:09,238 [WARN] ModelIntegratedComponent:63 - No mode defined for component null
2023-11-02 01:10:09,238 [WARN] ModelIntegratedComponent:63 - No mode defined for component null
2023-11-02 01:10:09,238 [WARN] ModelIntegratedComponent:63 - No mode defined for component null
2023-11-02 01:10:09,238 [WARN] ModelIntegratedComponent:63 - No mode defined for component null
2023-11-02 01:10:09,238 [WARN] ModelIntegratedComponent:63 - No mode defined for component null
2023-11-02 01:10:09,238 [WARN] ModelIntegratedComponent:63 - No mode defined for component null
2023-11-02 01:10:09,238 [WARN] ModelIntegratedComponent:63 - No mode defined for component null
2023-11-02 01:10:09,238 [WARN] ModelIntegratedComponent:63 - No mode defined for component null
2023-11-02 01:10:09,238 [WARN] ModelIntegratedComponent:63 - No mode defined for component null
2023-11-02 01:10:09,238 [WARN] ModelIntegratedComponent:63 - No mode defined for component null
2023-11-02 01:10:09,238 [WARN] ModelIntegratedComponent:63 - No mode defined for component null
2023-11-02 01:10:09,238 [WARN] ModelIntegratedComponent:63 - No mode defined for component null
2023-11-02 01:10:09,238 [WARN] ModelIntegratedComponent:63 - No mode defined for component null
2023-11-02 01:10:09,238 [WARN] ModelIntegratedComponent:63 - No mode defined for component null
2023-11-02 01:10:09,238 [WARN] ModelIntegratedComponent:63 - No mode defined for component null
2023-11-02 01:10:09,238 [WARN] ModelIntegratedComponent:63 - No mode defined for component null
2023-11-02 01:10:09,238 [WARN] ModelIntegratedComponent:63 - No mode defined for component null
2023-11-02 01:10:09,238 [WARN] ModelIntegratedComponent:63 - No mode defined for component null
2023-11-02 01:10:09,238 [WARN] ModelIntegratedComponent:63 - No mode defined for component null
2023-11-02 01:10:09,238 [WARN] ModelIntegratedComponent:63 - No mode defined for component null
2023-11-02 01:10:09,238 [WARN] ModelIntegratedComponent:63 - No mode defined for component null
2023-11-02 01:10:09,238 [WARN] ModelIntegratedComponent:63 - No mode defined for component null
2023-11-02 01:10:09,238 [WARN] ModelIntegratedComponent:63 - No mode defined for component null
2023-11-02 01:10:09,238 [WARN] ModelIntegratedComponent:63 - No mode defined for component null
2023-11-02 01:10:09,238 [WARN] ModelIntegratedComponent:63 - No mode defined for component null
2023-11-02 01:10:09,462 [INFO] ThirdPartyModel:298 - Start build external matchings
2023-11-02 01:10:10,513 [INFO] ThirdPartyModel:316 - End build external matchings
2023-11-02 01:10:10,673 [INFO] UtilMem:75 - End LoadConfig() Used Memory: 654096352 Bytes (831520768)
2023-11-02 01:10:10,777 [INFO] ApiDb:581 - Connected to CubeFinder SQLite database (C:\Users\Huy\.stmcufinder\plugins\mcufinder\mcu\cube-finder-db.db)
2023-11-02 01:10:10,842 [INFO] ApiDb:668 - CubeFinder database Data Model version=2.1
2023-11-02 01:10:10,842 [INFO] ApiDb:669 - CubeFinder database Configuration version=3.0.37
2023-11-02 01:10:10,843 [INFO] ApiDb:670 - CubeFinder database generation date=2023-08-09 (1691586011)
2023-11-02 01:10:10,843 [INFO] ApiDb:671 - CubeFinder database FW Pack versions=[FP-ATR-ASTRA1_V2.0.0, FP-SNS-FLIGHT1_V5.0.1, FP-SNS-FLIGHT1_V5.0.2, FP-SNS-MOTENV1_V4.3.1, FP-SNS-MOTENV1_V4.3.2, STM32Cube_FW_C0_V1.1.0, STM32Cube_FW_F4_V1.27.1, STM32Cube_FW_F7_V1.17.0, STM32Cube_FW_G0_V1.6.1, STM32Cube_FW_G4_V1.5.1, STM32Cube_FW_H5_V0.5.1, STM32Cube_FW_H5_V1.1.0, STM32Cube_FW_H7_V1.11.0, STM32Cube_FW_L0_V1.12.2, STM32Cube_FW_L5_V1.5.0, STM32Cube_FW_U5_V1.3.0, STM32Cube_FW_U5_V1.3.0RC4, STM32Cube_FW_WBA_V1.0.0RC1, STM32Cube_FW_WBA_V1.1.0, STM32Cube_FW_WBA_V1.1.0RC1, STM32Cube_FW_WB_V1.15.0RC1, STM32Cube_FW_WB_V1.16.0, STM32Cube_FW_WB_V1.16.0RC2, STM32Cube_FW_WB_V1.17.0, STM32Cube_FW_WL_V1.3.0, X-CUBE-ALGOBUILD_V1.3.0, X-CUBE-ALS_V1.0.1, X-CUBE-AZRTOS-F4_V1.1.0, X-CUBE-AZRTOS-F7_V1.1.0, X-CUBE-AZRTOS-G0_V1.1.0, X-CUBE-AZRTOS-G4_V2.0.0, X-CUBE-AZRTOS-H7_V3.1.0, X-CUBE-AZRTOS-L4_V1.0.0, X-CUBE-AZRTOS-L4_V2.0.0, X-CUBE-AZRTOS-L5_V1.1.0, X-CUBE-AZRTOS-WB_V1.1.0, X-CUBE-AZRTOS-WL_V2.0.0, X-CUBE-BLE1_V7.0.0, X-CUBE-BLE2_V3.3.0, X-CUBE-BLEMGR_V2.0.0, X-CUBE-EEPRMA1_V4.1.0, X-CUBE-FREERTOS_V1.1.0, X-CUBE-GNSS1_V6.0.0, X-CUBE-MEMS1_V9.1.0, X-CUBE-MEMS1_V9.4.0, X-CUBE-MEMS1_V9.6.0, X-CUBE-NFC4_V3.0.0, X-CUBE-NFC7_V1.0.0, X-CUBE-SFXS2LP1_V4.0.0, X-CUBE-SUBG2_V5.0.0, X-CUBE-TOF1_V3.3.1]
2023-11-02 01:10:12,716 [INFO] ApiDb:240 - Found 297 in-development CPN: [B-G473E-ZEST1S, B-WB1M-WPAN1, B-WL5M-SUBG1, NUCLEO-C031C6, NUCLEO-H503RB, NUCLEO-H563ZI, NUCLEO-U545RE-Q, NUCLEO-U5A5ZJ-Q, NUCLEO-WBA52CG, STEVAL-PROTEUS1, STEVAL-STWINBX1, STM320518-EVAL, STM32C0116-DK, STM32C011D6Y3TR, STM32C011D6Y6TR, STM32C011F4P3, STM32C011F4P6, STM32C011F4U3, STM32C011F4U6TR, STM32C011F6P3, STM32C011F6P6, STM32C011F6U3, STM32C011F6U6TR, STM32C011J4M3, STM32C011J4M6, STM32C011J6M3, STM32C011J6M6, STM32C0316-DK, STM32C031C4T3, STM32C031C4T6, STM32C031C4U3, STM32C031C4U6, STM32C031C6T3, STM32C031C6T6, STM32C031C6U3, STM32C031C6U6, STM32C031F4P3, STM32C031F4P6, STM32C031F6P3, STM32C031F6P6, STM32C031G4U3, STM32C031G4U6, STM32C031G6U3, STM32C031G6U6, STM32C031K4T3, STM32C031K4T6, STM32C031K4U3, STM32C031K4U6, STM32C031K6T3, STM32C031K6T6, STM32C031K6U3, STM32C031K6U6, STM32G071K8TXN, STM32G071K8UXN, STM32G081GBU6N, STM32G081KBT6N, STM32G081KBUXN, STM32G0B1CCT6N, STM32G0B1KCT6, STM32G0B1NEY6TR, STM32G0B1RCT6N, STM32G0C1CCT6, STM32G0C1CCT6N, STM32G0C1CCU6N, STM32G0C1CET6N, STM32G0C1CEU6N, STM32G0C1KCT6, STM32G0C1NEY6TR, STM32G0C1RCI6N, STM32G0C1RCT6N, STM32G0C1REI6N, STM32G0C1RET6N, STM32G0C1VCI6, STM32G0C1VEI6, STM32G471CCT6, STM32G471CCU6, STM32G471CET3, STM32G471CET6, STM32G471CEU3, STM32G471CEU6, STM32G471MCT6, STM32G471MET3, STM32G471MET6, STM32G471MEY6TR, STM32G471QCT6, STM32G471QET3, STM32G471RCT6, STM32G471RET3, STM32G471RET6, STM32G471VCH6, STM32G471VCI6, STM32G471VCT6, STM32G471VEH3, STM32G471VEH6, STM32G471VEI3, STM32G471VEI6, STM32G471VET3, STM32G471VET6, STM32G474CCT6, STM32H503CBT6, STM32H503CBU6, STM32H503EBY6TR, STM32H503KBU6, STM32H503RBT6, STM32H562AGI6, STM32H562AII6, STM32H562IGK6, STM32H562IGT6, STM32H562IIK6, STM32H562IIT6, STM32H562RGT6, STM32H562RGV6, STM32H562RIT6, STM32H562RIV6, STM32H562VGT6, STM32H562VIT6, STM32H562ZGT6, STM32H562ZIT6, STM32H563AGI6, STM32H563AII3Q, STM32H563AII6, STM32H563IGK6, STM32H563IGT6, STM32H563IIK3Q, STM32H563IIK6, STM32H563IIT3Q, STM32H563IIT6, STM32H563MIY3QTR, STM32H563RGT6, STM32H563RGV6, STM32H563RIT6, STM32H563RIV6, STM32H563VGT6, STM32H563VIT3Q, STM32H563VIT6, STM32H563ZGT6, STM32H563ZIT3Q, STM32H563ZIT6, STM32H573AII3Q, STM32H573AII6, STM32H573I-DK, STM32H573IIK3Q, STM32H573IIK6, STM32H573IIT3Q, STM32H573IIT6, STM32H573MIY3QTR, STM32H573RIT6, STM32H573RIV6, STM32H573VIT3Q, STM32H573VIT6, STM32H573ZIT3Q, STM32H573ZIT6, STM32L4R5QGI6STR, STM32MP131AAE3, STM32MP131AAF3, STM32MP131AAG3, STM32MP131CAE3, STM32MP131CAF3, STM32MP131CAG3, STM32MP131DAE7, STM32MP131DAF7, STM32MP131DAG7, STM32MP131FAE7, STM32MP131FAF7, STM32MP131FAG7, STM32MP133AAE3, STM32MP133AAF3, STM32MP133AAG3, STM32MP133CAE3, STM32MP133CAF3, STM32MP133CAG3, STM32MP133DAE7, STM32MP133DAF7, STM32MP133DAG7, STM32MP133FAE7, STM32MP133FAF7, STM32MP133FAG7, STM32MP135AAE3, STM32MP135AAF3, STM32MP135AAG3, STM32MP135CAE3, STM32MP135CAF3, STM32MP135CAG3, STM32MP135DAE7, STM32MP135DAF7, STM32MP135DAG7, STM32MP135F-DK, STM32MP135FAE7, STM32MP135FAF7, STM32MP135FAF7T, STM32MP135FAF7U, STM32MP135FAG7, STM32U535CBT6, STM32U535CBT6Q, STM32U535CBU6, STM32U535CBU6Q, STM32U535CCT6, STM32U535CCT6Q, STM32U535CCU6, STM32U535CCU6Q, STM32U535CET6, STM32U535CET6Q, STM32U535CEU6, STM32U535CEU6Q, STM32U535JEY6QTR, STM32U535NCY6QTR, STM32U535NEY6QTR, STM32U535RBI6, STM32U535RBI6Q, STM32U535RBT6, STM32U535RBT6Q, STM32U535RCI6, STM32U535RCI6Q, STM32U535RCT6, STM32U535RCT6Q, STM32U535REI6, STM32U535REI6Q, STM32U535RET6, STM32U535RET6Q, STM32U535VCI6, STM32U535VCI6Q, STM32U535VCT6, STM32U535VCT6Q, STM32U535VEI6, STM32U535VEI6Q, STM32U535VET6, STM32U535VET6Q, STM32U545CET6, STM32U545CET6Q, STM32U545CEU6, STM32U545CEU6Q, STM32U545JEY6QTR, STM32U545NEY6QTR, STM32U545REI6, STM32U545REI6Q, STM32U545RET6, STM32U545RET6Q, STM32U545VEI6, STM32U545VEI6Q, STM32U545VET6, STM32U545VET6Q, STM32U595AIH6, STM32U595AIH6Q, STM32U595AJH6, STM32U595AJH6Q, STM32U595QII6, STM32U595QII6Q, STM32U595QJI6, STM32U595QJI6Q, STM32U595RIT6, STM32U595RIT6Q, STM32U595RJT6, STM32U595RJT6Q, STM32U595VIT6, STM32U595VIT6Q, STM32U595VJT6, STM32U595VJT6Q, STM32U595ZIT6, STM32U595ZIT6Q, STM32U595ZIY6QTR, STM32U595ZJT6, STM32U595ZJT6Q, STM32U595ZJY6QTR, STM32U599BJY6QTR, STM32U599NIH6Q, STM32U599NJH6Q, STM32U599VIT6Q, STM32U599VJT6, STM32U599VJT6Q, STM32U599ZIT6Q, STM32U599ZIY6QTR, STM32U599ZJT6Q, STM32U599ZJY6QTR, STM32U5A5AJH6, STM32U5A5AJH6Q, STM32U5A5QJI6, STM32U5A5QJI6Q, STM32U5A5RJT6, STM32U5A5RJT6Q, STM32U5A5VJT6, STM32U5A5VJT6Q, STM32U5A5ZJT6, STM32U5A5ZJT6Q, STM32U5A5ZJY6QTR, STM32U5A9BJY6QTR, STM32U5A9J-DK, STM32U5A9NJH6Q, STM32U5A9VJT6Q, STM32U5A9ZJT6Q, STM32U5A9ZJY6QTR, STM32WB1MMCH6, STM32WBA52CEU6, STM32WBA52CEU6T, STM32WBA52CGU6, STM32WBA52CGU6T, STM32WL5MOCH6, STM32WL5MOCH6TR]
2023-11-02 01:10:12,719 [INFO] DbMcus:216 - Found 3825 MCUs, 3825 are supported
2023-11-02 01:10:12,722 [INFO] ApiDb:423 - Load user favorites file C:\Users\Huy/.stm32cubeide/favorites.mcus.txt: 0 item(s)
2023-11-02 01:10:12,722 [INFO] ApiDb:427 - User favorites MCUs=[]
2023-11-02 01:10:12,722 [INFO] DbMcus:222 - Set 0 / 0 favorites MCUs
2023-11-02 01:10:13,046 [WARN] ThirdParty:833 - waiting for thirdparty lock release [change project]
2023-11-02 01:10:13,046 [INFO] ThirdParty:835 - entering critical section [change project]
2023-11-02 01:10:13,048 [INFO] ThirdParty:1030 - CMSIS Pack Vendor :STMicroelectronics X-CUBE-GNSS1 6.0.0
2023-11-02 01:10:13,048 [INFO] ThirdParty:1030 - CMSIS Pack Vendor :STMicroelectronics USB_HOST 2.0.0
2023-11-02 01:10:13,048 [INFO] ThirdParty:1030 - CMSIS Pack Vendor :STMicroelectronics X-CUBE-AZRTOS-F4 1.1.0
2023-11-02 01:10:13,048 [INFO] ThirdParty:1030 - CMSIS Pack Vendor :STMicroelectronics LIBJPEG 8.0.0
2023-11-02 01:10:13,048 [INFO] ThirdParty:1030 - CMSIS Pack Vendor :STMicroelectronics X-CUBE-SMBUS 2.1.0
2023-11-02 01:10:13,048 [INFO] ThirdParty:1030 - CMSIS Pack Vendor :STMicroelectronics X-CUBE-BLEMGR 1.2.0
2023-11-02 01:10:13,049 [INFO] ThirdParty:1030 - CMSIS Pack Vendor :STMicroelectronics X-CUBE-AZRTOS-F7 1.1.0
2023-11-02 01:10:13,049 [INFO] ThirdParty:1030 - CMSIS Pack Vendor :STMicroelectronics X-CUBE-AZRTOS-L5 2.0.0
2023-11-02 01:10:13,049 [INFO] ThirdParty:1030 - CMSIS Pack Vendor :STMicroelectronics USB_DEVICE 2.0.0
2023-11-02 01:10:13,049 [INFO] ThirdParty:1030 - CMSIS Pack Vendor :STMicroelectronics X-CUBE-MEMS1 9.6.0
2023-11-02 01:10:13,049 [INFO] ThirdParty:1030 - CMSIS Pack Vendor :STMicroelectronics X-CUBE-EEPRMA1 4.2.0
2023-11-02 01:10:13,049 [INFO] ThirdParty:1030 - CMSIS Pack Vendor :ITTIA_DB I-CUBE-ITTIADB 8.8.0
2023-11-02 01:10:13,049 [INFO] ThirdParty:1030 - CMSIS Pack Vendor :STMicroelectronics FP-SNS-MOTENV1 4.3.2
2023-11-02 01:10:13,049 [INFO] ThirdParty:1030 - CMSIS Pack Vendor :STMicroelectronics X-CUBE-BLE1 6.2.3
2023-11-02 01:10:13,049 [INFO] ThirdParty:1030 - CMSIS Pack Vendor :STMicroelectronics X-CUBE-BLE1 6.2.4
2023-11-02 01:10:13,049 [INFO] ThirdParty:1030 - CMSIS Pack Vendor :STMicroelectronics FreeRTOS 0.0.1
2023-11-02 01:10:13,049 [INFO] ThirdParty:1030 - CMSIS Pack Vendor :STMicroelectronics X-CUBE-BLEMGR 2.0.0
2023-11-02 01:10:13,049 [INFO] ThirdParty:1030 - CMSIS Pack Vendor :STMicroelectronics FP-SNS-FLIGHT1 5.0.2
2023-11-02 01:10:13,049 [INFO] ThirdParty:1030 - CMSIS Pack Vendor :STMicroelectronics X-CUBE-NFC4 2.0.5
2023-11-02 01:10:13,049 [INFO] ThirdParty:1030 - CMSIS Pack Vendor :STMicroelectronics X-CUBE-NFC4 2.0.4
2023-11-02 01:10:13,049 [INFO] ThirdParty:1030 - CMSIS Pack Vendor :STMicroelectronics X-CUBE-AZRTOS-H7 3.1.0
2023-11-02 01:10:13,050 [INFO] ThirdParty:1030 - CMSIS Pack Vendor :STMicroelectronics PDM2PCM 3.3.0
2023-11-02 01:10:13,050 [INFO] ThirdParty:1030 - CMSIS Pack Vendor :STMicroelectronics X-CUBE-TOF1 3.1.0
2023-11-02 01:10:13,050 [INFO] ThirdParty:1030 - CMSIS Pack Vendor :STMicroelectronics X-CUBE-DISPLAY 3.0.0
2023-11-02 01:10:13,050 [INFO] ThirdParty:1030 - CMSIS Pack Vendor :STMicroelectronics X-CUBE-BLE1 7.0.0
2023-11-02 01:10:13,050 [INFO] ThirdParty:1030 - CMSIS Pack Vendor :wolfSSL I-CUBE-wolfSSL 5.5.0
2023-11-02 01:10:13,050 [INFO] ThirdParty:1030 - CMSIS Pack Vendor :STMicroelectronics HAL Drivers 0.0.0
2023-11-02 01:10:13,050 [INFO] ThirdParty:1030 - CMSIS Pack Vendor :STMicroelectronics X-CUBE-TOUCHGFX 4.22.0
2023-11-02 01:10:13,050 [INFO] ThirdParty:1030 - CMSIS Pack Vendor :STMicroelectronics X-CUBE-NFC7 1.0.1
2023-11-02 01:10:13,050 [INFO] ThirdParty:1030 - CMSIS Pack Vendor :STMicroelectronics MBEDTLS 2.14.1
2023-11-02 01:10:13,050 [INFO] ThirdParty:1030 - CMSIS Pack Vendor :STMicroelectronics X-CUBE-NFC7 1.0.0
2023-11-02 01:10:13,050 [INFO] ThirdParty:1030 - CMSIS Pack Vendor :STMicroelectronics X-CUBE-TOUCHGFX 4.22.1
2023-11-02 01:10:13,050 [INFO] ThirdParty:1030 - CMSIS Pack Vendor :STMicroelectronics X-CUBE-NFC6 3.0.0
2023-11-02 01:10:13,050 [INFO] ThirdParty:1030 - CMSIS Pack Vendor :STMicroelectronics X-CUBE-MEMS1 9.3.0
2023-11-02 01:10:13,050 [INFO] ThirdParty:1030 - CMSIS Pack Vendor :STMicroelectronics X-CUBE-EEPRMA1 4.1.0
2023-11-02 01:10:13,050 [INFO] ThirdParty:1030 - CMSIS Pack Vendor :STMicroelectronics X-CUBE-AI 7.2.0
2023-11-02 01:10:13,050 [INFO] ThirdParty:1030 - CMSIS Pack Vendor :STMicroelectronics FP-SNS-SMARTAG2 1.2.0
2023-11-02 01:10:13,050 [INFO] ThirdParty:1030 - CMSIS Pack Vendor :STMicroelectronics X-CUBE-AZRTOS-WL 2.0.0
2023-11-02 01:10:13,050 [INFO] ThirdParty:1030 - CMSIS Pack Vendor :STMicroelectronics USB_DEVICE 1.0.0
2023-11-02 01:10:13,051 [INFO] ThirdParty:1030 - CMSIS Pack Vendor :STMicroelectronics X-CUBE-AI 8.1.0
2023-11-02 01:10:13,051 [INFO] ThirdParty:1030 - CMSIS Pack Vendor :STMicroelectronics X-CUBE-AZRTOS-L4 2.0.0
2023-11-02 01:10:13,051 [INFO] ThirdParty:1030 - CMSIS Pack Vendor :STMicroelectronics ThreadX 0.0.2
2023-11-02 01:10:13,051 [INFO] ThirdParty:1030 - CMSIS Pack Vendor :WES I-CUBE-Cesium 1.3.0
2023-11-02 01:10:13,051 [INFO] ThirdParty:1030 - CMSIS Pack Vendor :STMicroelectronics lwIP 2.1.2
2023-11-02 01:10:13,051 [INFO] ThirdParty:1030 - CMSIS Pack Vendor :STMicroelectronics X-CUBE-SFXS2LP1 4.0.0
2023-11-02 01:10:13,051 [INFO] ThirdParty:1030 - CMSIS Pack Vendor :STMicroelectronics X-CUBE-BLE2 3.3.0
2023-11-02 01:10:13,051 [INFO] ThirdParty:1030 - CMSIS Pack Vendor :STMicroelectronics X-CUBE-DISPLAY 2.2.0
2023-11-02 01:10:13,051 [INFO] ThirdParty:1030 - CMSIS Pack Vendor :STMicroelectronics X-CUBE-TOF1 3.2.0
2023-11-02 01:10:13,051 [INFO] ThirdParty:1030 - CMSIS Pack Vendor :STMicroelectronics PDM2PCM 3.2.0
2023-11-02 01:10:13,051 [INFO] ThirdParty:1030 - CMSIS Pack Vendor :STMicroelectronics X-CUBE-AZRTOS-H7 3.0.0
2023-11-02 01:10:13,051 [INFO] ThirdParty:1030 - CMSIS Pack Vendor :STMicroelectronics X-CUBE-ISPU 1.0.0
2023-11-02 01:10:13,051 [INFO] ThirdParty:1030 - CMSIS Pack Vendor :STMicroelectronics X-CUBE-ISPU 1.1.0
2023-11-02 01:10:13,051 [INFO] ThirdParty:1030 - CMSIS Pack Vendor :RoweBots I-CUBE-UNISONRTOS 5.5.0-4
2023-11-02 01:10:13,051 [INFO] ThirdParty:1030 - CMSIS Pack Vendor :STMicroelectronics X-CUBE-AZRTOS-H7 2.1.0
2023-11-02 01:10:13,051 [INFO] ThirdParty:1030 - CMSIS Pack Vendor :STMicroelectronics USB_DEVICE 3.0.0
2023-11-02 01:10:13,051 [INFO] ThirdParty:1030 - CMSIS Pack Vendor :STMicroelectronics X-CUBE-AI 8.0.0
2023-11-02 01:10:13,051 [INFO] ThirdParty:1030 - CMSIS Pack Vendor :STMicroelectronics X-CUBE-AZRTOS-WB 2.0.0
2023-11-02 01:10:13,051 [INFO] ThirdParty:1030 - CMSIS Pack Vendor :STMicroelectronics X-CUBE-FREERTOS 1.0.0
2023-11-02 01:10:13,051 [INFO] ThirdParty:1030 - CMSIS Pack Vendor :STMicroelectronics X-CUBE-FREERTOS 1.0.1
2023-11-02 01:10:13,051 [INFO] ThirdParty:1030 - CMSIS Pack Vendor :STMicroelectronics X-CUBE-TOUCHGFX 4.21.1
2023-11-02 01:10:13,051 [INFO] ThirdParty:1030 - CMSIS Pack Vendor :STMicroelectronics X-CUBE-TOUCHGFX 4.21.0
2023-11-02 01:10:13,052 [INFO] ThirdParty:1030 - CMSIS Pack Vendor :STMicroelectronics X-CUBE-TOUCHGFX 4.21.3
2023-11-02 01:10:13,052 [INFO] ThirdParty:1030 - CMSIS Pack Vendor :STMicroelectronics X-CUBE-BLEMGR 1.0.0
2023-11-02 01:10:13,052 [INFO] ThirdParty:1030 - CMSIS Pack Vendor :STMicroelectronics X-CUBE-MEMS1 9.4.0
2023-11-02 01:10:13,052 [INFO] ThirdParty:1030 - CMSIS Pack Vendor :STMicroelectronics X-CUBE-AI 7.3.0
2023-11-02 01:10:13,052 [INFO] ThirdParty:1030 - CMSIS Pack Vendor :STMicroelectronics X-CUBE-ALGOBUILD 1.3.0
2023-11-02 01:10:13,052 [INFO] ThirdParty:1030 - CMSIS Pack Vendor :STMicroelectronics X-CUBE-AZRTOS-L5 1.1.0
2023-11-02 01:10:13,052 [INFO] ThirdParty:1030 - CMSIS Pack Vendor :STMicroelectronics X-CUBE-AZRTOS-G0 1.1.0
2023-11-02 01:10:13,052 [INFO] ThirdParty:1030 - CMSIS Pack Vendor :STMicroelectronics X-CUBE-NFC4 3.0.0
2023-11-02 01:10:13,052 [INFO] ThirdParty:1030 - CMSIS Pack Vendor :SEGGER I-CUBE-embOS 1.2.0
2023-11-02 01:10:13,052 [INFO] ThirdParty:1030 - CMSIS Pack Vendor :STMicroelectronics X-CUBE-SUBG2 5.0.0
2023-11-02 01:10:13,052 [INFO] ThirdParty:1030 - CMSIS Pack Vendor :STMicroelectronics STM32_WPAN 1.0.0
2023-11-02 01:10:13,052 [INFO] ThirdParty:1030 - CMSIS Pack Vendor :STMicroelectronics lwIP 2.0.3
2023-11-02 01:10:13,052 [INFO] ThirdParty:1030 - CMSIS Pack Vendor :STMicroelectronics USB_HOST 1.0.0
2023-11-02 01:10:13,052 [INFO] ThirdParty:1030 - CMSIS Pack Vendor :STMicroelectronics X-CUBE-TOF1 3.3.1
2023-11-02 01:10:13,052 [INFO] ThirdParty:1030 - CMSIS Pack Vendor :STMicroelectronics X-CUBE-AZRTOS-G4 2.0.0
2023-11-02 01:10:13,052 [INFO] ThirdParty:1030 - CMSIS Pack Vendor :STMicroelectronics PDM2PCM 3.1.0
2023-11-02 01:10:13,052 [INFO] ThirdParty:1030 - CMSIS Pack Vendor :STMicroelectronics X-CUBE-TOF1 3.3.0
2023-11-02 01:10:13,052 [INFO] ThirdParty:1030 - CMSIS Pack Vendor :STMicroelectronics FP-ATR-ASTRA1 1.1.1
2023-11-02 01:10:13,052 [INFO] ThirdParty:1030 - CMSIS Pack Vendor :Infineon AIROC-Wi-Fi-Bluetooth-STM32 1.5.1
2023-11-02 01:10:13,052 [INFO] ThirdParty:1030 - CMSIS Pack Vendor :STMicroelectronics X-CUBE-BLEMGR 3.0.0
2023-11-02 01:10:13,052 [INFO] ThirdParty:1030 - CMSIS Pack Vendor :STMicroelectronics X-CUBE-BLEMGR 1.3.0
2023-11-02 01:10:13,052 [INFO] ThirdParty:1030 - CMSIS Pack Vendor :STMicroelectronics FP-ATR-SIGFOX1 3.2.0
2023-11-02 01:10:13,052 [INFO] ThirdParty:1030 - CMSIS Pack Vendor :STMicroelectronics X-CUBE-AZRTOS-G4 1.0.0
2023-11-02 01:10:13,052 [INFO] ThirdParty:1030 - CMSIS Pack Vendor :STMicroelectronics X-CUBE-AZRTOS-L4 1.0.0
2023-11-02 01:10:13,052 [INFO] ThirdParty:1030 - CMSIS Pack Vendor :STMicroelectronics MBEDTLS 2.16.2
2023-11-02 01:10:13,052 [INFO] ThirdParty:1030 - CMSIS Pack Vendor :emotas I-CUBE-CANOPEN 1.1.2
2023-11-02 01:10:13,052 [INFO] ThirdParty:1030 - CMSIS Pack Vendor :STMicroelectronics X-CUBE-TOUCHGFX 4.20.0
2023-11-02 01:10:13,052 [INFO] ThirdParty:1030 - CMSIS Pack Vendor :STMicroelectronics X-CUBE-MEMS1 10.0.0
2023-11-02 01:10:13,052 [INFO] ThirdParty:1030 - CMSIS Pack Vendor :STMicroelectronics X-CUBE-FREERTOS 1.1.0
2023-11-02 01:10:13,052 [INFO] ThirdParty:1030 - CMSIS Pack Vendor :STMicroelectronics X-CUBE-AZRTOS-WL 1.0.0
2023-11-02 01:10:13,052 [INFO] ThirdParty:1030 - CMSIS Pack Vendor :portGmbH I-Cube-SoM-uGOAL 1.1.0
2023-11-02 01:10:13,053 [INFO] ThirdParty:1030 - CMSIS Pack Vendor :STMicroelectronics X-CUBE-ALS 1.0.1
2023-11-02 01:10:13,053 [INFO] ThirdParty:1030 - CMSIS Pack Vendor :STMicroelectronics X-CUBE-MEMS1 9.5.0
2023-11-02 01:10:13,053 [INFO] ThirdParty:1030 - CMSIS Pack Vendor :STMicroelectronics ThreadX 1.0.0
2023-11-02 01:10:13,053 [INFO] ThirdParty:1030 - CMSIS Pack Vendor :STMicroelectronics X-CUBE-AZRTOS-WB 1.1.0
2023-11-02 01:10:13,053 [INFO] ThirdParty:1030 - CMSIS Pack Vendor :SEGGER I-CUBE-embOS 1.3.1
2023-11-02 01:10:13,053 [INFO] ThirdParty:1030 - CMSIS Pack Vendor :STMicroelectronics X-CUBE-AZRTOS-L5 1.0.0
2023-11-02 01:10:13,053 [INFO] ThirdParty:1030 - CMSIS Pack Vendor :STMicroelectronics X-CUBE-EEPRMA1 3.1.1
2023-11-02 01:10:13,053 [INFO] ThirdParty:1030 - CMSIS Pack Vendor :STMicroelectronics FP-ATR-ASTRA1 2.0.0
2023-11-02 01:10:13,053 [INFO] ThirdParty:841 - exiting critical section [change project]
2023-11-02 01:10:13,267 [INFO] PinOutPanel:1499 - setPackage(No Configuration,No Configuration)
2023-11-02 01:10:13,268 [INFO] PinOutPanel:1499 - setPackage(STM32F103C6Ux,UFQFPN48)
2023-11-02 01:10:13,709 [INFO] UtilMem:75 - Before build in PCC Used Memory: 517957304 Bytes (831520768)
2023-11-02 01:10:14,657 [INFO] UtilMem:75 - After build in PCC Used Memory: 689045504 Bytes (831520768)
2023-11-02 01:10:14,723 [INFO] IPUIPlugin:80 - create IPUIPlugin
2023-11-02 01:10:14,723 [INFO] IPUIPlugin:80 - create IPUIPlugin
2023-11-02 01:10:14,723 [INFO] IPUIPlugin:80 - create IPUIPlugin
2023-11-02 01:10:14,724 [INFO] IPUIPlugin:80 - create IPUIPlugin
2023-11-02 01:10:14,724 [INFO] IPUIPlugin:80 - create IPUIPlugin
2023-11-02 01:10:14,724 [INFO] IPUIPlugin:80 - create IPUIPlugin
2023-11-02 01:10:14,724 [INFO] IPUIPlugin:80 - create IPUIPlugin
2023-11-02 01:10:14,724 [INFO] IPUIPlugin:80 - create IPUIPlugin
2023-11-02 01:10:14,724 [INFO] IPUIPlugin:80 - create IPUIPlugin
2023-11-02 01:10:14,724 [INFO] IPUIPlugin:80 - create IPUIPlugin
2023-11-02 01:10:14,724 [INFO] IPUIPlugin:80 - create IPUIPlugin
2023-11-02 01:10:14,725 [INFO] IPUIPlugin:80 - create IPUIPlugin
2023-11-02 01:10:14,725 [INFO] IPUIPlugin:80 - create IPUIPlugin
2023-11-02 01:10:14,725 [INFO] IPUIPlugin:80 - create IPUIPlugin
2023-11-02 01:10:14,725 [INFO] IPUIPlugin:80 - create IPUIPlugin
2023-11-02 01:10:14,725 [INFO] IPUIPlugin:80 - create IPUIPlugin
2023-11-02 01:10:14,725 [INFO] IPUIPlugin:80 - create IPUIPlugin
2023-11-02 01:10:14,726 [INFO] IPUIPlugin:80 - create IPUIPlugin
2023-11-02 01:10:14,726 [INFO] IPUIPlugin:80 - create IPUIPlugin
2023-11-02 01:10:14,727 [INFO] IPUIPlugin:80 - create IPUIPlugin
2023-11-02 01:10:14,727 [INFO] IPUIPlugin:80 - create IPUIPlugin
2023-11-02 01:10:14,727 [INFO] IPUIPlugin:80 - create IPUIPlugin
2023-11-02 01:10:14,728 [INFO] IPUIPlugin:80 - create IPUIPlugin
2023-11-02 01:10:14,939 [INFO] CADModel:165 - CPN selected for project levelSTM32F103C6U6A
2023-11-02 01:10:14,939 [INFO] CADModel:114 - Register for checkConnection events
2023-11-02 01:10:15,002 [INFO] OpenFileManager:328 - Restore cursor
2023-11-02 10:00:21,903 [INFO] UtilMem:75 - End SaveConfig() Used Memory: 614579064 Bytes (831520768)
2023-11-02 10:00:23,420 [INFO] UtilMem:75 - End SaveConfig() Used Memory: 638070344 Bytes (831520768)
2023-11-02 10:00:30,134 [INFO] UtilMem:75 - End SaveConfig() Used Memory: 723527240 Bytes (831520768)
2023-11-02 10:00:30,688 [INFO] BlockDiagram:2759 - set Specific Code input for plugin: NVIC
2023-11-02 10:00:30,689 [INFO] BlockDiagram:2759 - set Specific Code input for plugin: GPIO
2023-11-02 10:00:30,689 [INFO] BlockDiagram:2759 - set Specific Code input for plugin: RCC
2023-11-02 10:00:30,689 [INFO] BlockDiagram:2759 - set Specific Code input for plugin: TIM1_8F1
2023-11-02 10:00:30,690 [INFO] CodeGenerator:793 - code generatio: config db path: C:\ST\STM32CubeIDE_1.7.0\STM32CubeIDE\plugins\com.st.stm32cube.common.mx_6.8.0.202302231600\\db\
2023-11-02 10:00:30,992 [INFO] CodeEngine:255 - oldGeneratedFile, D:\Embedded_Programming\STM\STM32\Microprocessors_Microcontrollers_Lab\Microprocessors_Microcontrollers_Lab_2\STM32CubeIDE\STM32ProjectForLab2\MXTmpFiles\license.tmp_save
2023-11-02 10:00:31,402 [INFO] CodeEngine:279 - Generated code: D:\Embedded_Programming\STM\STM32\Microprocessors_Microcontrollers_Lab\Microprocessors_Microcontrollers_Lab_2\STM32CubeIDE\STM32ProjectForLab2\MXTmpFiles\license.tmp
2023-11-02 10:00:31,506 [INFO] CodeEngine:255 - oldGeneratedFile, D:\Embedded_Programming\STM\STM32\Microprocessors_Microcontrollers_Lab\Microprocessors_Microcontrollers_Lab_2\STM32CubeIDE\STM32ProjectForLab2\MXTmpFiles\gpio.tmp_save
2023-11-02 10:00:31,644 [INFO] CodeEngine:279 - Generated code: D:\Embedded_Programming\STM\STM32\Microprocessors_Microcontrollers_Lab\Microprocessors_Microcontrollers_Lab_2\STM32CubeIDE\STM32ProjectForLab2\MXTmpFiles\gpio.tmp
2023-11-02 10:00:31,910 [INFO] CodeEngine:255 - oldGeneratedFile, D:\Embedded_Programming\STM\STM32\Microprocessors_Microcontrollers_Lab\Microprocessors_Microcontrollers_Lab_2\STM32CubeIDE\STM32ProjectForLab2\Core\Src\stm32f1xx_it.c_save
2023-11-02 10:00:32,036 [INFO] CodeEngine:279 - Generated code: D:\Embedded_Programming\STM\STM32\Microprocessors_Microcontrollers_Lab\Microprocessors_Microcontrollers_Lab_2\STM32CubeIDE\STM32ProjectForLab2\Core\Src\stm32f1xx_it.c
2023-11-02 10:00:32,048 [INFO] CodeEngine:255 - oldGeneratedFile, D:\Embedded_Programming\STM\STM32\Microprocessors_Microcontrollers_Lab\Microprocessors_Microcontrollers_Lab_2\STM32CubeIDE\STM32ProjectForLab2\Core\Inc\stm32f1xx_it.h_save
2023-11-02 10:00:32,174 [INFO] CodeEngine:279 - Generated code: D:\Embedded_Programming\STM\STM32\Microprocessors_Microcontrollers_Lab\Microprocessors_Microcontrollers_Lab_2\STM32CubeIDE\STM32ProjectForLab2\Core\Inc\stm32f1xx_it.h
2023-11-02 10:00:32,221 [INFO] CodeEngine:255 - oldGeneratedFile, D:\Embedded_Programming\STM\STM32\Microprocessors_Microcontrollers_Lab\Microprocessors_Microcontrollers_Lab_2\STM32CubeIDE\STM32ProjectForLab2\Core\Src\stm32f1xx_hal_msp.c_save
2023-11-02 10:00:32,339 [INFO] CodeEngine:279 - Generated code: D:\Embedded_Programming\STM\STM32\Microprocessors_Microcontrollers_Lab\Microprocessors_Microcontrollers_Lab_2\STM32CubeIDE\STM32ProjectForLab2\Core\Src\stm32f1xx_hal_msp.c
2023-11-02 10:00:32,347 [INFO] CodeEngine:255 - oldGeneratedFile, D:\Embedded_Programming\STM\STM32\Microprocessors_Microcontrollers_Lab\Microprocessors_Microcontrollers_Lab_2\STM32CubeIDE\STM32ProjectForLab2\MXTmpFiles\system.tmp_save
2023-11-02 10:00:32,407 [INFO] CodeEngine:279 - Generated code: D:\Embedded_Programming\STM\STM32\Microprocessors_Microcontrollers_Lab\Microprocessors_Microcontrollers_Lab_2\STM32CubeIDE\STM32ProjectForLab2\MXTmpFiles\system.tmp
2023-11-02 10:00:32,432 [INFO] CodeEngine:311 - oldGeneratedFile, D:\Embedded_Programming\STM\STM32\Microprocessors_Microcontrollers_Lab\Microprocessors_Microcontrollers_Lab_2\STM32CubeIDE\STM32ProjectForLab2\Core\Inc\stm32f1xx_hal_conf.h_save
2023-11-02 10:00:32,529 [INFO] CodeEngine:335 - Generated code: D:\Embedded_Programming\STM\STM32\Microprocessors_Microcontrollers_Lab\Microprocessors_Microcontrollers_Lab_2\STM32CubeIDE\STM32ProjectForLab2\Core\Inc\stm32f1xx_hal_conf.h
2023-11-02 10:00:32,553 [WARN] IPConfigManager:3431 - IP not found : TIM
2023-11-02 10:00:32,554 [WARN] CodeGenerator:3754 - IP not found : null
2023-11-02 10:00:32,571 [INFO] CodeEngine:255 - oldGeneratedFile, D:\Embedded_Programming\STM\STM32\Microprocessors_Microcontrollers_Lab\Microprocessors_Microcontrollers_Lab_2\STM32CubeIDE\STM32ProjectForLab2\Core\Inc\main.h_save
2023-11-02 10:00:32,682 [INFO] CodeEngine:279 - Generated code: D:\Embedded_Programming\STM\STM32\Microprocessors_Microcontrollers_Lab\Microprocessors_Microcontrollers_Lab_2\STM32CubeIDE\STM32ProjectForLab2\Core\Inc\main.h
2023-11-02 10:00:32,705 [INFO] CodeEngine:255 - oldGeneratedFile, D:\Embedded_Programming\STM\STM32\Microprocessors_Microcontrollers_Lab\Microprocessors_Microcontrollers_Lab_2\STM32CubeIDE\STM32ProjectForLab2\Core\Src\main.c_save
2023-11-02 10:00:32,840 [INFO] CodeEngine:279 - Generated code: D:\Embedded_Programming\STM\STM32\Microprocessors_Microcontrollers_Lab\Microprocessors_Microcontrollers_Lab_2\STM32CubeIDE\STM32ProjectForLab2\Core\Src\main.c
2023-11-02 10:00:33,454 [INFO] ProjectBuilder:2996 - Time for Copy HAL[1] : 128mS.
2023-11-02 10:00:33,473 [INFO] ProjectBuilder:4304 - Project Generator version: 3.19.2
2023-11-02 10:00:33,807 [INFO] ConfigFileManager:1483 - The Die is : DIE412
2023-11-02 10:00:33,946 [INFO] ApiDbMcu:507 - Load IP Config File for FATFS
2023-11-02 10:00:33,956 [INFO] ApiDbMcu:507 - Load IP Config File for FREERTOS
2023-11-02 10:00:33,967 [INFO] ApiDbMcu:507 - Load IP Config File for USB_DEVICE
2023-11-02 10:00:35,335 [INFO] LogOutputStream:77 - [STDOUT_REDIRECT] 
2023-11-02 10:00:37,302 [INFO] ProjectBuilder:4505 - Time for Generating toolchain IDE Files: 3828mS.
2023-11-02 10:00:37,302 [INFO] ProjectBuilder:2867 - Time for Copy CMSIS : 0mS.
2023-11-02 10:00:37,304 [INFO] ProjectBuilder:2867 - Time for Copy CMSIS : 0mS.
