2023-10-18 21:06:39,488 [INFO] Activator:176 - 


2023-10-18 21:06:39,490 [INFO] Activator:177 - !SESSION log4j initialized
2023-10-18 21:06:41,356 [INFO] LogOutputStream:77 - [STDOUT_REDIRECT] 
2023-10-18 21:06:46,571 [INFO] ApplicationProperties:184 - Using Application install path: C:\ST\STM32CubeIDE_1.7.0\STM32CubeIDE\plugins\com.st.stm32cube.common.mx_6.8.0.202302231600
2023-10-18 21:06:46,586 [INFO] DbMcusXml:78 - Set database path to: C:\ST\STM32CubeIDE_1.7.0\STM32CubeIDE\plugins\com.st.stm32cube.common.mx_6.8.0.202302231600\\db\/mcu/
2023-10-18 21:06:46,586 [INFO] ApiDb:274 - Set plugin database path to: C:\ST\STM32CubeIDE_1.7.0\STM32CubeIDE\plugins\com.st.stm32cube.common.mx_6.8.0.202302231600\\db\/plugins/boardmanager/
2023-10-18 21:06:46,586 [WARN] ApiDb:259 - Overriding images path with different value:  => C:\ST\STM32CubeIDE_1.7.0\STM32CubeIDE\plugins\com.st.stm32cube.common.mx_6.8.0.202302231600\\db\/plugins/mcufinder/images/
2023-10-18 21:06:46,607 [INFO] ApiDb:250 - Set database path to: C:\Users\Huy\.stmcufinder\plugins\mcufinder//mcu/
2023-10-18 21:06:46,607 [INFO] DbMcusAds:125 - Set database path to: C:\Users\Huy\.stmcufinder\plugins\mcufinder//mcu/
2023-10-18 21:06:46,616 [INFO] CrossReferenceDbSqlite:203 - Set database path to: C:\Users\Huy\.stmcufinder\plugins\mcufinder//mcu/cs/
2023-10-18 21:06:46,766 [INFO] RulesReader:64 - Compatibility file has been processed (293 Rules)
2023-10-18 21:06:46,834 [INFO] DbMcusXml:78 - Set database path to: C:\ST\STM32CubeIDE_1.7.0\STM32CubeIDE\plugins\com.st.stm32cube.common.mx_6.8.0.202302231600\\db\/mcu/
2023-10-18 21:06:46,834 [INFO] ApiDb:274 - Set plugin database path to: C:\ST\STM32CubeIDE_1.7.0\STM32CubeIDE\plugins\com.st.stm32cube.common.mx_6.8.0.202302231600\\db\/plugins/boardmanager/
2023-10-18 21:06:46,834 [INFO] ApiDb:261 - Set plugin images path to: C:\ST\STM32CubeIDE_1.7.0\STM32CubeIDE\plugins\com.st.stm32cube.common.mx_6.8.0.202302231600\\db\/plugins/mcufinder/images/
2023-10-18 21:06:46,834 [WARN] DbFile:41 - Overriding database path with different value: C:\Users\Huy\.stmcufinder\plugins\mcufinder/ => C:\Users\Huy\.stmcufinder\plugins\mcufinder
2023-10-18 21:06:46,834 [INFO] ApiDb:250 - Set database path to: C:\Users\Huy\.stmcufinder\plugins\mcufinder//mcu/
2023-10-18 21:06:46,834 [WARN] DbFile:41 - Overriding database path with different value: C:\Users\Huy\.stmcufinder\plugins\mcufinder/ => C:\Users\Huy\.stmcufinder\plugins\mcufinder
2023-10-18 21:06:46,834 [INFO] DbMcusAds:125 - Set database path to: C:\Users\Huy\.stmcufinder\plugins\mcufinder//mcu/
2023-10-18 21:06:46,834 [WARN] DbFile:41 - Overriding database path with different value: C:\Users\Huy\.stmcufinder\plugins\mcufinder/ => C:\Users\Huy\.stmcufinder\plugins\mcufinder
2023-10-18 21:06:46,834 [WARN] DbFile:41 - Overriding database path with different value: C:\Users\Huy\.stmcufinder\plugins\mcufinder/ => C:\Users\Huy\.stmcufinder\plugins\mcufinder
2023-10-18 21:06:46,834 [INFO] CrossReferenceDbSqlite:203 - Set database path to: C:\Users\Huy\.stmcufinder\plugins\mcufinder//mcu/cs/
2023-10-18 21:06:46,907 [INFO] MainPanel:253 - HeapMemory: 268435456
2023-10-18 21:06:46,988 [INFO] DbMcusXml:78 - Set database path to: C:\ST\STM32CubeIDE_1.7.0\STM32CubeIDE\plugins\com.st.stm32cube.common.mx_6.8.0.202302231600\\db\/mcu/
2023-10-18 21:06:46,988 [INFO] ApiDb:274 - Set plugin database path to: C:\ST\STM32CubeIDE_1.7.0\STM32CubeIDE\plugins\com.st.stm32cube.common.mx_6.8.0.202302231600\\db\/plugins/boardmanager/
2023-10-18 21:06:46,988 [INFO] ApiDb:261 - Set plugin images path to: C:\ST\STM32CubeIDE_1.7.0\STM32CubeIDE\plugins\com.st.stm32cube.common.mx_6.8.0.202302231600\\db\/plugins/mcufinder/images/
2023-10-18 21:06:46,988 [WARN] DbFile:41 - Overriding database path with different value: C:\Users\Huy\.stmcufinder\plugins\mcufinder/ => C:\Users\Huy\.stmcufinder\plugins\mcufinder
2023-10-18 21:06:46,988 [INFO] ApiDb:250 - Set database path to: C:\Users\Huy\.stmcufinder\plugins\mcufinder//mcu/
2023-10-18 21:06:46,988 [WARN] DbFile:41 - Overriding database path with different value: C:\Users\Huy\.stmcufinder\plugins\mcufinder/ => C:\Users\Huy\.stmcufinder\plugins\mcufinder
2023-10-18 21:06:46,988 [INFO] DbMcusAds:125 - Set database path to: C:\Users\Huy\.stmcufinder\plugins\mcufinder//mcu/
2023-10-18 21:06:46,988 [WARN] DbFile:41 - Overriding database path with different value: C:\Users\Huy\.stmcufinder\plugins\mcufinder/ => C:\Users\Huy\.stmcufinder\plugins\mcufinder
2023-10-18 21:06:46,988 [WARN] DbFile:41 - Overriding database path with different value: C:\Users\Huy\.stmcufinder\plugins\mcufinder/ => C:\Users\Huy\.stmcufinder\plugins\mcufinder
2023-10-18 21:06:46,988 [INFO] CrossReferenceDbSqlite:203 - Set database path to: C:\Users\Huy\.stmcufinder\plugins\mcufinder//mcu/cs/
2023-10-18 21:06:47,007 [INFO] ApplicationProperties:184 - Using Application install path: C:\ST\STM32CubeIDE_1.7.0\STM32CubeIDE\plugins\com.st.stm32cube.common.mx_6.8.0.202302231600
2023-10-18 21:06:47,007 [INFO] PluginManage:196 - Search for loadable plugins [exclusion list=, ]
2023-10-18 21:06:47,016 [INFO] PluginManage:310 - Check plugin analytics
2023-10-18 21:06:47,131 [INFO] AnalyticsPlugin:253 - Accepted Software Licenses: 
2023-10-18 21:06:47,131 [INFO] AnalyticsPlugin:255 - Accepted CMSIS Pack Licenses: 
2023-10-18 21:06:47,131 [INFO] AnalyticsPlugin:257 - Accepted Firmware Licenses: FW.F4.1.27.0
2023-10-18 21:06:47,131 [INFO] PluginManage:359 - Loaded plugin analytics (category:tool,tabindex:-1)
2023-10-18 21:06:47,131 [INFO] PluginManage:310 - Check plugin cadmodel
2023-10-18 21:06:47,147 [INFO] CADModel:105 - Init CAD model plugin
2023-10-18 21:06:47,147 [INFO] PluginManage:359 - Loaded plugin cadmodel (category:power,tabindex:5)
2023-10-18 21:06:47,147 [INFO] PluginManage:310 - Check plugin clock
2023-10-18 21:06:47,178 [INFO] PluginManage:359 - Loaded plugin clock (category:base,tabindex:2)
2023-10-18 21:06:47,178 [INFO] PluginManage:310 - Check plugin ddr
2023-10-18 21:06:47,178 [INFO] PluginManage:359 - Loaded plugin ddr (category:tool,tabindex:6)
2023-10-18 21:06:47,178 [INFO] PluginManage:310 - Check plugin filemanager
2023-10-18 21:06:47,288 [INFO] PluginManage:359 - Loaded plugin filemanager (category:base,tabindex:10)
2023-10-18 21:06:47,288 [INFO] PluginManage:310 - Check plugin ipmanager
2023-10-18 21:06:47,300 [INFO] PluginManage:359 - Loaded plugin ipmanager (category:base,tabindex:5)
2023-10-18 21:06:47,300 [INFO] PluginManage:310 - Check plugin lpbam
2023-10-18 21:06:47,307 [INFO] PluginManage:359 - Loaded plugin lpbam (category:base,tabindex:0)
2023-10-18 21:06:47,307 [INFO] PluginManage:310 - Check plugin pinoutandconfiguration
2023-10-18 21:06:47,320 [INFO] PluginManage:359 - Loaded plugin pinoutandconfiguration (category:base,tabindex:1)
2023-10-18 21:06:47,320 [INFO] PluginManage:310 - Check plugin pinoutconfig
2023-10-18 21:06:47,415 [WARN] SupportedApi:132 - Cannot load RTOS API schema: s4s-elt-must-match.1: The content of 'definitions' must match (annotation?, (simpleType | complexType)?, (unique | key | keyref)*)). A problem was found starting at: attribute.
2023-10-18 21:06:47,541 [INFO] PluginManage:359 - Loaded plugin pinoutconfig (category:base,tabindex:0)
2023-10-18 21:06:47,541 [INFO] PluginManage:310 - Check plugin power
2023-10-18 21:06:47,557 [INFO] PluginManage:359 - Loaded plugin power (category:power,tabindex:4)
2023-10-18 21:06:47,557 [INFO] PluginManage:310 - Check plugin projectmanager
2023-10-18 21:06:47,573 [INFO] PluginManage:359 - Loaded plugin projectmanager (category:projectmanager,tabindex:3)
2023-10-18 21:06:47,573 [INFO] PluginManage:310 - Check plugin thirdparty
2023-10-18 21:06:47,810 [INFO] PluginManage:359 - Loaded plugin thirdparty (category:base,tabindex:-1)
2023-10-18 21:06:47,810 [INFO] PluginManage:310 - Check plugin tools
2023-10-18 21:06:47,810 [WARN] IntegrityCheckThread:84 - waiting for thirdparty lock release [integrity check]
2023-10-18 21:06:47,810 [INFO] IntegrityCheckThread:86 - entering critical section [integrity check]
2023-10-18 21:06:47,810 [INFO] ThirdPartyUpdaterWithRetryManager:70 - Updater plugin not ready yet. [1/15]
2023-10-18 21:06:47,841 [INFO] PluginManage:359 - Loaded plugin tools (category:base,tabindex:7)
2023-10-18 21:06:47,841 [INFO] PluginManage:310 - Check plugin tutovideos
2023-10-18 21:06:48,046 [INFO] PluginManage:359 - Loaded plugin tutovideos (category:base,tabindex:-1)
2023-10-18 21:06:48,046 [INFO] PluginManage:310 - Check plugin updater
2023-10-18 21:06:48,061 [INFO] PluginManage:359 - Loaded plugin updater (category:base,tabindex:12)
2023-10-18 21:06:48,061 [INFO] PluginManage:283 - PluginManage : Loaded plugins [15]
2023-10-18 21:06:48,326 [INFO] PinOutPanel:1499 - setPackage(No Configuration,No Configuration)
2023-10-18 21:06:48,386 [INFO] CADModel:165 - CPN selected for project level
2023-10-18 21:06:48,386 [INFO] CADModel:114 - Register for checkConnection events
2023-10-18 21:06:48,421 [INFO] IPUIPlugin:80 - create IPUIPlugin
2023-10-18 21:06:48,421 [INFO] PluginManager:220 - loadIPPluginJar : add adc
2023-10-18 21:06:48,449 [INFO] IPUIPlugin:80 - create IPUIPlugin
2023-10-18 21:06:48,449 [INFO] PluginManager:220 - loadIPPluginJar : add aes
2023-10-18 21:06:48,481 [INFO] IPUIPlugin:80 - create IPUIPlugin
2023-10-18 21:06:48,481 [INFO] PluginManager:220 - loadIPPluginJar : add can
2023-10-18 21:06:48,509 [INFO] IPUIPlugin:80 - create IPUIPlugin
2023-10-18 21:06:48,509 [INFO] PluginManager:220 - loadIPPluginJar : add comp
2023-10-18 21:06:48,529 [INFO] IPUIPlugin:80 - create IPUIPlugin
2023-10-18 21:06:48,529 [INFO] PluginManager:220 - loadIPPluginJar : add cryp
2023-10-18 21:06:48,565 [INFO] IPUIPlugin:80 - create IPUIPlugin
2023-10-18 21:06:48,565 [INFO] PluginManager:220 - loadIPPluginJar : add dfsdm
2023-10-18 21:06:48,577 [INFO] IPUIPlugin:80 - create IPUIPlugin
2023-10-18 21:06:48,577 [INFO] PluginManager:220 - loadIPPluginJar : add dma
2023-10-18 21:06:48,611 [INFO] IPUIPlugin:80 - create IPUIPlugin
2023-10-18 21:06:48,611 [INFO] PluginManager:220 - loadIPPluginJar : add dma3
2023-10-18 21:06:48,626 [INFO] IPUIPlugin:80 - create IPUIPlugin
2023-10-18 21:06:48,626 [INFO] PluginManager:220 - loadIPPluginJar : add fatfs
2023-10-18 21:06:48,658 [INFO] IPUIPlugin:80 - create IPUIPlugin
2023-10-18 21:06:48,658 [INFO] PluginManager:220 - loadIPPluginJar : add fmc
2023-10-18 21:06:48,677 [INFO] IPUIPlugin:80 - create IPUIPlugin
2023-10-18 21:06:48,677 [INFO] PluginManager:220 - loadIPPluginJar : add freertos
2023-10-18 21:06:48,690 [INFO] IPUIPlugin:80 - create IPUIPlugin
2023-10-18 21:06:48,690 [INFO] PluginManager:220 - loadIPPluginJar : add genericplugin
2023-10-18 21:06:48,754 [INFO] IPUIPlugin:80 - create IPUIPlugin
2023-10-18 21:06:48,754 [INFO] PluginManager:220 - loadIPPluginJar : add gfxmmu
2023-10-18 21:06:48,866 [INFO] IPUIPlugin:80 - create IPUIPlugin
2023-10-18 21:06:48,866 [INFO] PluginManager:220 - loadIPPluginJar : add gic
2023-10-18 21:06:48,882 [INFO] IPUIPlugin:80 - create IPUIPlugin
2023-10-18 21:06:48,882 [INFO] PluginManager:220 - loadIPPluginJar : add gpio
2023-10-18 21:06:48,943 [INFO] IPUIPlugin:80 - create IPUIPlugin
2023-10-18 21:06:48,943 [INFO] PluginManager:220 - loadIPPluginJar : add gtzc
2023-10-18 21:06:48,975 [INFO] IPUIPlugin:80 - create IPUIPlugin
2023-10-18 21:06:48,975 [INFO] PluginManager:220 - loadIPPluginJar : add hash
2023-10-18 21:06:49,022 [INFO] IPUIPlugin:80 - create IPUIPlugin
2023-10-18 21:06:49,022 [INFO] PluginManager:220 - loadIPPluginJar : add i2c
2023-10-18 21:06:49,054 [INFO] IPUIPlugin:80 - create IPUIPlugin
2023-10-18 21:06:49,054 [INFO] PluginManager:220 - loadIPPluginJar : add i2s
2023-10-18 21:06:49,085 [INFO] IPUIPlugin:80 - create IPUIPlugin
2023-10-18 21:06:49,085 [INFO] PluginManager:220 - loadIPPluginJar : add i3c
2023-10-18 21:06:49,165 [INFO] IPUIPlugin:80 - create IPUIPlugin
2023-10-18 21:06:49,165 [INFO] PluginManager:220 - loadIPPluginJar : add ipddr
2023-10-18 21:06:49,243 [INFO] IPUIPlugin:80 - create IPUIPlugin
2023-10-18 21:06:49,243 [INFO] PluginManager:220 - loadIPPluginJar : add linkedlist
2023-10-18 21:06:49,274 [INFO] IPUIPlugin:80 - create IPUIPlugin
2023-10-18 21:06:49,274 [INFO] PluginManager:220 - loadIPPluginJar : add lorawan
2023-10-18 21:06:49,290 [INFO] IPUIPlugin:80 - create IPUIPlugin
2023-10-18 21:06:49,290 [INFO] PluginManager:220 - loadIPPluginJar : add ltdc
2023-10-18 21:06:49,314 [INFO] IPUIPlugin:80 - create IPUIPlugin
2023-10-18 21:06:49,314 [INFO] PluginManager:220 - loadIPPluginJar : add mdma
2023-10-18 21:06:49,322 [INFO] IPUIPlugin:80 - create IPUIPlugin
2023-10-18 21:06:49,322 [INFO] PluginManager:220 - loadIPPluginJar : add nvic
2023-10-18 21:06:49,354 [INFO] IPUIPlugin:80 - create IPUIPlugin
2023-10-18 21:06:49,354 [INFO] PluginManager:220 - loadIPPluginJar : add opamp
2023-10-18 21:06:49,398 [INFO] IPUIPlugin:80 - create IPUIPlugin
2023-10-18 21:06:49,398 [INFO] PluginManager:220 - loadIPPluginJar : add openamp
2023-10-18 21:06:49,432 [INFO] IPUIPlugin:80 - create IPUIPlugin
2023-10-18 21:06:49,432 [INFO] PluginManager:220 - loadIPPluginJar : add pdm2pcm
2023-10-18 21:06:49,448 [INFO] IPUIPlugin:80 - create IPUIPlugin
2023-10-18 21:06:49,448 [INFO] PluginManager:220 - loadIPPluginJar : add plateformsettings
2023-10-18 21:06:49,464 [INFO] IPUIPlugin:80 - create IPUIPlugin
2023-10-18 21:06:49,464 [INFO] PluginManager:220 - loadIPPluginJar : add quadspi
2023-10-18 21:06:49,480 [INFO] IPUIPlugin:80 - create IPUIPlugin
2023-10-18 21:06:49,480 [INFO] PluginManager:220 - loadIPPluginJar : add resmgrutility
2023-10-18 21:06:49,527 [INFO] IPUIPlugin:80 - create IPUIPlugin
2023-10-18 21:06:49,527 [INFO] PluginManager:220 - loadIPPluginJar : add sai
2023-10-18 21:06:49,564 [INFO] IPUIPlugin:80 - create IPUIPlugin
2023-10-18 21:06:49,564 [INFO] PluginManager:220 - loadIPPluginJar : add spi
2023-10-18 21:06:49,614 [INFO] IPUIPlugin:80 - create IPUIPlugin
2023-10-18 21:06:49,614 [INFO] PluginManager:220 - loadIPPluginJar : add stm32_wpan
2023-10-18 21:06:49,623 [INFO] IPUIPlugin:80 - create IPUIPlugin
2023-10-18 21:06:49,623 [INFO] PluginManager:220 - loadIPPluginJar : add tim
2023-10-18 21:06:49,670 [INFO] IPUIPlugin:80 - create IPUIPlugin
2023-10-18 21:06:49,670 [INFO] PluginManager:220 - loadIPPluginJar : add touchsensing
2023-10-18 21:06:49,686 [INFO] IPUIPlugin:80 - create IPUIPlugin
2023-10-18 21:06:49,686 [INFO] PluginManager:220 - loadIPPluginJar : add tracer_emb
2023-10-18 21:06:49,701 [INFO] IPUIPlugin:80 - create IPUIPlugin
2023-10-18 21:06:49,701 [INFO] PluginManager:220 - loadIPPluginJar : add ts
2023-10-18 21:06:49,717 [INFO] IPUIPlugin:80 - create IPUIPlugin
2023-10-18 21:06:49,717 [INFO] PluginManager:220 - loadIPPluginJar : add tsc
2023-10-18 21:06:49,733 [INFO] IPUIPlugin:80 - create IPUIPlugin
2023-10-18 21:06:49,733 [INFO] PluginManager:220 - loadIPPluginJar : add ucpd
2023-10-18 21:06:49,764 [INFO] IPUIPlugin:80 - create IPUIPlugin
2023-10-18 21:06:49,764 [INFO] PluginManager:220 - loadIPPluginJar : add usart
2023-10-18 21:06:49,797 [INFO] IPUIPlugin:80 - create IPUIPlugin
2023-10-18 21:06:49,797 [INFO] PluginManager:220 - loadIPPluginJar : add usbx
2023-10-18 21:06:49,930 [INFO] CADModel:165 - CPN selected for project level
2023-10-18 21:06:49,930 [INFO] CADModel:114 - Register for checkConnection events
2023-10-18 21:06:49,930 [FATAL] Updater:308 - Updater called before beeing initialized
2023-10-18 21:06:49,930 [ERROR] CADModel:125 - Updater not yet initialized, retry later 
2023-10-18 21:06:50,070 [INFO] CADModel:165 - CPN selected for project level
2023-10-18 21:06:50,070 [INFO] CADModel:114 - Register for checkConnection events
2023-10-18 21:06:50,070 [FATAL] Updater:308 - Updater called before beeing initialized
2023-10-18 21:06:50,070 [ERROR] CADModel:125 - Updater not yet initialized, retry later 
2023-10-18 21:06:50,072 [FATAL] Updater:308 - Updater called before beeing initialized
2023-10-18 21:06:50,189 [FATAL] Updater:308 - Updater called before beeing initialized
2023-10-18 21:06:50,203 [INFO] DbMcusAds:53 - JSON generation date=Tue Mar 07 15:50:55 ICT 2023 (1678179055114)
2023-10-18 21:06:50,203 [FATAL] Updater:308 - Updater called before beeing initialized
2023-10-18 21:06:50,297 [WARN] DetailPanel:346 - Failed to get advertising image, set to default
2023-10-18 21:06:50,381 [FATAL] Updater:308 - Updater called before beeing initialized
2023-10-18 21:06:50,381 [FATAL] Updater:308 - Updater called before beeing initialized
2023-10-18 21:06:50,381 [FATAL] Updater:308 - Updater called before beeing initialized
2023-10-18 21:06:50,381 [WARN] DetailPanel:346 - Failed to get advertising image, set to default
2023-10-18 21:06:50,381 [FATAL] Updater:308 - Updater called before beeing initialized
2023-10-18 21:06:50,436 [ERROR] Updater:1120 - MainUpdater not yet initialized. External WinMGr cannot be set.
2023-10-18 21:06:50,450 [INFO] Updater:1056 - Updater Version found : 6.8.0
2023-10-18 21:06:50,470 [INFO] ApplicationProperties:184 - Using Application install path: C:\ST\STM32CubeIDE_1.7.0\STM32CubeIDE\plugins\com.st.stm32cube.common.mx_6.8.0.202302231600
2023-10-18 21:06:50,816 [INFO] ThirdPartyUpdaterWithRetryManager:70 - Updater plugin not ready yet. [2/15]
2023-10-18 21:06:50,846 [INFO] MainUpdater:2854 - connection check result : 10
2023-10-18 21:06:50,846 [INFO] MainUpdater:3548 - Updater definition file requires update
2023-10-18 21:06:50,846 [INFO] MainUpdater:283 - Updater Check For Update Now.
2023-10-18 21:06:50,847 [INFO] MicroXplorer:498 - Change Database Version : DB.6.0.80
2023-10-18 21:06:50,915 [INFO] ServerAccessManage:473 - Download File updaters.zip
2023-10-18 21:06:51,081 [INFO] FileExtend:240 - Unzip File : updaters.zip
2023-10-18 21:06:51,081 [INFO] FileExtend:255 - Standard Zip Deflate
2023-10-18 21:06:51,900 [INFO] ServerAccessManage:473 - Download File PacksControlFlags.xml
2023-10-18 21:06:51,999 [INFO] ServerAccessManage:473 - Download File cubemx.pidx
2023-10-18 21:06:53,376 [INFO] ServerAccessManage:473 - Download File STMicroelectronics.X-CUBE-MEMS1.pdsc
2023-10-18 21:06:53,826 [WARN] MainUpdater:1187 - Updater busy. Cannot search thirdparties
2023-10-18 21:06:53,827 [INFO] ThirdPartyUpdaterWithRetryManager:96 - Updater plugin is busy. [1/15]
2023-10-18 21:06:56,828 [WARN] MainUpdater:1187 - Updater busy. Cannot search thirdparties
2023-10-18 21:06:56,828 [INFO] ThirdPartyUpdaterWithRetryManager:96 - Updater plugin is busy. [2/15]
2023-10-18 21:06:58,963 [INFO] ServerAccessManage:473 - Download File Infineon.AIROC-Wi-Fi-Bluetooth-STM32.pdsc
2023-10-18 21:06:59,840 [WARN] MainUpdater:1187 - Updater busy. Cannot search thirdparties
2023-10-18 21:06:59,841 [INFO] ThirdPartyUpdaterWithRetryManager:96 - Updater plugin is busy. [3/15]
2023-10-18 21:07:00,795 [WARN] PackLoader:240 - Cannot read IP mode file for STMicroelectronics.X-CUBE-MEMS1.10.0.0
2023-10-18 21:07:00,856 [INFO] MainUpdater:2854 - connection check result : 10
2023-10-18 21:07:00,856 [INFO] CheckServerUpdateThread:120 - End of CheckServer Thread
2023-10-18 21:07:00,889 [INFO] McuFinderGlobals:66 - Set McuFinderConnectedMode to true
2023-10-18 21:07:00,996 [WARN] PackLoader:240 - Cannot read IP mode file for Infineon.AIROC-Wi-Fi-Bluetooth-STM32.1.5.1
2023-10-18 21:07:00,999 [INFO] PopulateThirdPartyThread:66 - Ending populate Thread
2023-10-18 21:07:01,002 [INFO] ThirdParty:1030 - CMSIS Pack Vendor :STMicroelectronics X-CUBE-MEMS1 10.0.0
2023-10-18 21:07:01,003 [INFO] ThirdParty:1030 - CMSIS Pack Vendor :Infineon AIROC-Wi-Fi-Bluetooth-STM32 1.5.1
2023-10-18 21:07:01,004 [INFO] LoadServerUpdatesThread:373 - End of LoadServerUpdate Thread
2023-10-18 21:07:01,073 [INFO] ServerAccessManage:473 - Download File mcusAds.json._tmp_
2023-10-18 21:07:01,193 [INFO] LoadUrlFilesThread:156 - End of LoadUrlFiles Thread
2023-10-18 21:07:01,513 [INFO] ServerAccessManage:473 - Download File cube-finder-db.zip
2023-10-18 21:07:02,436 [ERROR] LogOutputStream:75 - [STDERR_REDIRECT] SLF4J: Failed to load class "org.slf4j.impl.StaticLoggerBinder".
2023-10-18 21:07:02,436 [ERROR] LogOutputStream:75 - [STDERR_REDIRECT] SLF4J: Defaulting to no-operation (NOP) logger implementation
2023-10-18 21:07:02,436 [ERROR] LogOutputStream:75 - [STDERR_REDIRECT] SLF4J: See http://www.slf4j.org/codes.html#StaticLoggerBinder for further details.
2023-10-18 21:07:02,852 [WARN] MainUpdater:1187 - Updater busy. Cannot search thirdparties
2023-10-18 21:07:02,852 [INFO] ThirdPartyUpdaterWithRetryManager:96 - Updater plugin is busy. [4/15]
2023-10-18 21:07:05,853 [WARN] MainUpdater:1187 - Updater busy. Cannot search thirdparties
2023-10-18 21:07:05,853 [INFO] ThirdPartyUpdaterWithRetryManager:96 - Updater plugin is busy. [5/15]
2023-10-18 21:07:08,864 [WARN] MainUpdater:1187 - Updater busy. Cannot search thirdparties
2023-10-18 21:07:08,864 [INFO] ThirdPartyUpdaterWithRetryManager:96 - Updater plugin is busy. [6/15]
2023-10-18 21:07:11,873 [WARN] MainUpdater:1187 - Updater busy. Cannot search thirdparties
2023-10-18 21:07:11,873 [INFO] ThirdPartyUpdaterWithRetryManager:96 - Updater plugin is busy. [7/15]
2023-10-18 21:07:14,875 [WARN] MainUpdater:1187 - Updater busy. Cannot search thirdparties
2023-10-18 21:07:14,875 [INFO] ThirdPartyUpdaterWithRetryManager:96 - Updater plugin is busy. [8/15]
2023-10-18 21:07:15,338 [INFO] FileExtend:240 - Unzip File : cube-finder-db.zip
2023-10-18 21:07:15,339 [INFO] FileExtend:255 - Standard Zip Deflate
2023-10-18 21:07:16,242 [INFO] LoadUrlFilesThread:156 - End of LoadUrlFiles Thread
2023-10-18 21:07:17,673 [INFO] ServerAccessManage:473 - Download File crdb.zip
2023-10-18 21:07:17,891 [WARN] MainUpdater:1187 - Updater busy. Cannot search thirdparties
2023-10-18 21:07:17,891 [INFO] ThirdPartyUpdaterWithRetryManager:96 - Updater plugin is busy. [9/15]
2023-10-18 21:07:19,192 [INFO] FileExtend:240 - Unzip File : crdb.zip
2023-10-18 21:07:19,192 [INFO] FileExtend:255 - Standard Zip Deflate
2023-10-18 21:07:19,342 [INFO] LoadUrlFilesThread:156 - End of LoadUrlFiles Thread
2023-10-18 21:07:19,506 [INFO] ServerAccessManage:473 - Download File tutoVideoDB.zip
2023-10-18 21:07:19,553 [INFO] FileExtend:240 - Unzip File : tutoVideoDB.zip
2023-10-18 21:07:19,553 [INFO] FileExtend:255 - Standard Zip Deflate
2023-10-18 21:07:19,689 [INFO] LoadUrlFilesThread:156 - End of LoadUrlFiles Thread
2023-10-18 21:07:19,701 [WARN] DbFile:41 - Overriding database path with different value: C:\Users\Huy\.stmcufinder\plugins\mcufinder/ => C:\Users\Huy\.stmcufinder\plugins\mcufinder
2023-10-18 21:07:19,924 [INFO] ServerAccessManage:473 - Download File api_config.json
2023-10-18 21:07:20,041 [INFO] LoadUrlFilesThread:156 - End of LoadUrlFiles Thread
2023-10-18 21:07:20,050 [INFO] DbMcusAds:53 - JSON generation date=Tue Mar 07 15:50:55 ICT 2023 (1678179055114)
2023-10-18 21:07:20,078 [INFO] LoadUrlFilesThread:185 - End of LoadServerUrlFiles without Thread
2023-10-18 21:07:20,079 [INFO] TargetSelectorAdapter:259 - Refresh data is successful
2023-10-18 21:07:20,282 [INFO] ApiDb:581 - Connected to CubeFinder SQLite database (C:\Users\Huy\.stmcufinder\plugins\mcufinder\mcu\cube-finder-db.db)
2023-10-18 21:07:20,344 [INFO] ApiDb:668 - CubeFinder database Data Model version=2.1
2023-10-18 21:07:20,344 [INFO] ApiDb:669 - CubeFinder database Configuration version=3.0.37
2023-10-18 21:07:20,344 [INFO] ApiDb:670 - CubeFinder database generation date=2023-08-09 (1691586011)
2023-10-18 21:07:20,344 [INFO] ApiDb:671 - CubeFinder database FW Pack versions=[FP-ATR-ASTRA1_V2.0.0, FP-SNS-FLIGHT1_V5.0.1, FP-SNS-FLIGHT1_V5.0.2, FP-SNS-MOTENV1_V4.3.1, FP-SNS-MOTENV1_V4.3.2, STM32Cube_FW_C0_V1.1.0, STM32Cube_FW_F4_V1.27.1, STM32Cube_FW_F7_V1.17.0, STM32Cube_FW_G0_V1.6.1, STM32Cube_FW_G4_V1.5.1, STM32Cube_FW_H5_V0.5.1, STM32Cube_FW_H5_V1.1.0, STM32Cube_FW_H7_V1.11.0, STM32Cube_FW_L0_V1.12.2, STM32Cube_FW_L5_V1.5.0, STM32Cube_FW_U5_V1.3.0, STM32Cube_FW_U5_V1.3.0RC4, STM32Cube_FW_WBA_V1.0.0RC1, STM32Cube_FW_WBA_V1.1.0, STM32Cube_FW_WBA_V1.1.0RC1, STM32Cube_FW_WB_V1.15.0RC1, STM32Cube_FW_WB_V1.16.0, STM32Cube_FW_WB_V1.16.0RC2, STM32Cube_FW_WB_V1.17.0, STM32Cube_FW_WL_V1.3.0, X-CUBE-ALGOBUILD_V1.3.0, X-CUBE-ALS_V1.0.1, X-CUBE-AZRTOS-F4_V1.1.0, X-CUBE-AZRTOS-F7_V1.1.0, X-CUBE-AZRTOS-G0_V1.1.0, X-CUBE-AZRTOS-G4_V2.0.0, X-CUBE-AZRTOS-H7_V3.1.0, X-CUBE-AZRTOS-L4_V1.0.0, X-CUBE-AZRTOS-L4_V2.0.0, X-CUBE-AZRTOS-L5_V1.1.0, X-CUBE-AZRTOS-WB_V1.1.0, X-CUBE-AZRTOS-WL_V2.0.0, X-CUBE-BLE1_V7.0.0, X-CUBE-BLE2_V3.3.0, X-CUBE-BLEMGR_V2.0.0, X-CUBE-EEPRMA1_V4.1.0, X-CUBE-FREERTOS_V1.1.0, X-CUBE-GNSS1_V6.0.0, X-CUBE-MEMS1_V9.1.0, X-CUBE-MEMS1_V9.4.0, X-CUBE-MEMS1_V9.6.0, X-CUBE-NFC4_V3.0.0, X-CUBE-NFC7_V1.0.0, X-CUBE-SFXS2LP1_V4.0.0, X-CUBE-SUBG2_V5.0.0, X-CUBE-TOF1_V3.3.1]
2023-10-18 21:07:21,121 [WARN] PackLoader:240 - Cannot read IP mode file for STMicroelectronics.X-CUBE-SMBUS.2.1.0
2023-10-18 21:07:21,157 [WARN] PackLoader:240 - Cannot read IP mode file for STMicroelectronics.X-CUBE-AZRTOS-F7.1.1.0
2023-10-18 21:07:21,184 [WARN] PackLoader:240 - Cannot read IP mode file for STMicroelectronics.FP-SNS-MOTENV1.4.3.2
2023-10-18 21:07:21,207 [WARN] PackLoader:240 - Cannot read IP mode file for STMicroelectronics.X-CUBE-BLE1.6.2.3
2023-10-18 21:07:21,227 [WARN] PackLoader:240 - Cannot read IP mode file for STMicroelectronics.X-CUBE-BLE1.6.2.4
2023-10-18 21:07:21,234 [WARN] PackLoader:240 - Cannot read IP mode file for STMicroelectronics.FP-SNS-FLIGHT1.5.0.2
2023-10-18 21:07:21,265 [WARN] PackLoader:240 - Cannot read IP mode file for STMicroelectronics.X-CUBE-TOF1.3.1.0
2023-10-18 21:07:21,288 [WARN] PackLoader:240 - Cannot read IP mode file for STMicroelectronics.X-CUBE-DISPLAY.3.0.0
2023-10-18 21:07:21,306 [WARN] PackLoader:240 - Cannot read IP mode file for STMicroelectronics.X-CUBE-BLE1.7.0.0
2023-10-18 21:07:21,330 [WARN] PackLoader:240 - Cannot read IP mode file for STMicroelectronics.X-CUBE-TOUCHGFX.4.22.0
2023-10-18 21:07:21,344 [WARN] PackLoader:240 - Cannot read IP mode file for STMicroelectronics.X-CUBE-TOUCHGFX.4.22.1
2023-10-18 21:07:21,543 [WARN] PackLoader:240 - Cannot read IP mode file for STMicroelectronics.X-CUBE-MEMS1.9.3.0
2023-10-18 21:07:21,757 [WARN] PackLoader:240 - Cannot read IP mode file for STMicroelectronics.X-CUBE-AI.7.2.0
2023-10-18 21:07:21,776 [WARN] PackLoader:240 - Cannot read IP mode file for STMicroelectronics.FP-SNS-SMARTAG2.1.2.0
2023-10-18 21:07:21,804 [INFO] LogOutputStream:77 - [STDOUT_REDIRECT] 1 : Invalid condition id : UX_CORESTACK_Condition cause : null
2023-10-18 21:07:21,804 [INFO] LogOutputStream:77 - [STDOUT_REDIRECT] 1 : Invalid condition id : UX_CORESTACK_Condition cause : null
2023-10-18 21:07:21,804 [INFO] LogOutputStream:77 - [STDOUT_REDIRECT] 1 : Invalid condition id : UX_CORESTACK_Condition cause : null
2023-10-18 21:07:21,804 [INFO] LogOutputStream:77 - [STDOUT_REDIRECT] 1 : Invalid condition id : UX_CORESTACK_Condition cause : null
2023-10-18 21:07:21,804 [INFO] LogOutputStream:77 - [STDOUT_REDIRECT] 1 : Invalid condition id : UX_CORESTACK_Condition cause : null
2023-10-18 21:07:21,804 [WARN] PackLoader:240 - Cannot read IP mode file for STMicroelectronics.X-CUBE-AZRTOS-WL.2.0.0
2023-10-18 21:07:21,842 [WARN] PackLoader:240 - Cannot read IP mode file for WES.I-CUBE-Cesium.1.3.0
2023-10-18 21:07:21,856 [WARN] PackLoader:240 - Cannot read IP mode file for STMicroelectronics.X-CUBE-BLE2.3.3.0
2023-10-18 21:07:21,875 [WARN] PackLoader:240 - Cannot read IP mode file for STMicroelectronics.X-CUBE-DISPLAY.2.2.0
2023-10-18 21:07:21,903 [WARN] PackLoader:240 - Cannot read IP mode file for STMicroelectronics.X-CUBE-TOF1.3.2.0
2023-10-18 21:07:21,930 [WARN] PackLoader:240 - Cannot read IP mode file for STMicroelectronics.X-CUBE-ISPU.1.0.0
2023-10-18 21:07:21,970 [WARN] PackLoader:240 - Cannot read IP mode file for STMicroelectronics.X-CUBE-AZRTOS-H7.2.1.0
2023-10-18 21:07:21,990 [WARN] PackLoader:240 - Cannot read IP mode file for STMicroelectronics.X-CUBE-TOUCHGFX.4.21.1
2023-10-18 21:07:22,005 [WARN] PackLoader:240 - Cannot read IP mode file for STMicroelectronics.X-CUBE-TOUCHGFX.4.21.0
2023-10-18 21:07:22,005 [WARN] PackLoader:240 - Cannot read IP mode file for STMicroelectronics.X-CUBE-TOUCHGFX.4.21.3
2023-10-18 21:07:22,096 [WARN] PackLoader:240 - Cannot read IP mode file for STMicroelectronics.X-CUBE-MEMS1.9.4.0
2023-10-18 21:07:22,242 [WARN] PackLoader:240 - Cannot read IP mode file for STMicroelectronics.X-CUBE-AI.7.3.0
2023-10-18 21:07:22,254 [WARN] PackLoader:240 - Cannot read IP mode file for STMicroelectronics.X-CUBE-ALGOBUILD.1.3.0
2023-10-18 21:07:22,294 [WARN] PackLoader:240 - Cannot read IP mode file for STMicroelectronics.X-CUBE-AZRTOS-G0.1.1.0
2023-10-18 21:07:22,314 [WARN] PackLoader:240 - Cannot read IP mode file for STMicroelectronics.X-CUBE-NFC4.3.0.0
2023-10-18 21:07:22,388 [WARN] PackLoader:240 - Cannot read IP mode file for SEGGER.I-CUBE-embOS.1.2.0
2023-10-18 21:07:22,496 [WARN] PackLoader:240 - Cannot read IP mode file for STMicroelectronics.X-CUBE-BLEMGR.1.3.0
2023-10-18 21:07:22,506 [WARN] PackLoader:240 - Cannot read IP mode file for STMicroelectronics.FP-ATR-SIGFOX1.3.2.0
2023-10-18 21:07:22,526 [WARN] PackLoader:240 - Cannot read IP mode file for emotas.I-CUBE-CANOPEN.1.1.2
2023-10-18 21:07:22,544 [WARN] PackLoader:240 - Cannot read IP mode file for STMicroelectronics.X-CUBE-TOUCHGFX.4.20.0
2023-10-18 21:07:22,613 [WARN] PackLoader:240 - Cannot read IP mode file for STMicroelectronics.X-CUBE-MEMS1.9.5.0
2023-10-18 21:07:22,824 [WARN] PackLoader:240 - Cannot read IP mode file for SEGGER.I-CUBE-embOS.1.3.1
2023-10-18 21:07:22,908 [WARN] PackLoader:240 - Cannot read IP mode file for STMicroelectronics.X-CUBE-GNSS1.6.0.0
2023-10-18 21:07:22,955 [WARN] PackLoader:240 - Cannot read IP mode file for STMicroelectronics.X-CUBE-AZRTOS-F4.1.1.0
2023-10-18 21:07:23,198 [WARN] PackLoader:240 - Cannot read IP mode file for STMicroelectronics.X-CUBE-BLEMGR.1.2.0
2023-10-18 21:07:23,301 [WARN] PackLoader:240 - Cannot read IP mode file for STMicroelectronics.X-CUBE-AZRTOS-L5.2.0.0
2023-10-18 21:07:23,357 [WARN] PackLoader:240 - Cannot read IP mode file for STMicroelectronics.X-CUBE-MEMS1.9.6.0
2023-10-18 21:07:23,521 [WARN] PackLoader:240 - Cannot read IP mode file for ITTIA_DB.I-CUBE-ITTIADB.8.8.0
2023-10-18 21:07:23,544 [WARN] PackLoader:240 - Cannot read IP mode file for STMicroelectronics.X-CUBE-BLEMGR.2.0.0
2023-10-18 21:07:23,561 [WARN] PackLoader:240 - Cannot read IP mode file for STMicroelectronics.X-CUBE-NFC4.2.0.5
2023-10-18 21:07:23,576 [WARN] PackLoader:240 - Cannot read IP mode file for STMicroelectronics.X-CUBE-NFC4.2.0.4
2023-10-18 21:07:23,625 [WARN] ConditionMgr:438 - getConditionDescription Invalid condition id : UX DEVICE CLASS RTOS Condition cause : null
2023-10-18 21:07:23,625 [WARN] ConditionMgr:438 - getConditionDescription Invalid condition id : UX DEVICE CLASS RTOS Condition cause : null
2023-10-18 21:07:23,625 [WARN] PackLoader:240 - Cannot read IP mode file for STMicroelectronics.X-CUBE-AZRTOS-H7.3.1.0
2023-10-18 21:07:23,625 [WARN] ConditionMgr:1039 - genDependencies : Invalid condition id : UX DEVICE CLASS RTOS Condition cause : null
2023-10-18 21:07:23,625 [WARN] ConditionMgr:1039 - genDependencies : Invalid condition id : UX DEVICE CLASS RTOS Condition cause : null
2023-10-18 21:07:23,625 [WARN] ConditionMgr:1039 - genDependencies : Invalid condition id : UX DEVICE CLASS RTOS Condition cause : null
2023-10-18 21:07:23,625 [WARN] ConditionMgr:1039 - genDependencies : Invalid condition id : UX DEVICE CLASS RTOS Condition cause : null
2023-10-18 21:07:23,625 [WARN] ConditionMgr:1039 - genDependencies : Invalid condition id : UX DEVICE CLASS RTOS Condition cause : null
2023-10-18 21:07:23,641 [WARN] PackLoader:240 - Cannot read IP mode file for wolfSSL.I-CUBE-wolfSSL.5.5.0
2023-10-18 21:07:23,657 [WARN] PackLoader:240 - Cannot read IP mode file for STMicroelectronics.X-CUBE-NFC7.1.0.1
2023-10-18 21:07:23,672 [WARN] PackLoader:240 - Cannot read IP mode file for STMicroelectronics.X-CUBE-NFC7.1.0.0
2023-10-18 21:07:23,689 [WARN] PackLoader:240 - Cannot read IP mode file for STMicroelectronics.X-CUBE-NFC6.3.0.0
2023-10-18 21:07:23,735 [WARN] PackLoader:240 - Cannot read IP mode file for STMicroelectronics.X-CUBE-EEPRMA1.4.1.0
2023-10-18 21:07:23,778 [WARN] PackLoader:240 - Cannot read IP mode file for STMicroelectronics.X-CUBE-AI.8.1.0
2023-10-18 21:07:23,803 [WARN] ConditionMgr:438 - getConditionDescription Invalid condition id : LAN8742 Phy interface Condition cause : null
2023-10-18 21:07:23,803 [WARN] PackLoader:240 - Cannot read IP mode file for STMicroelectronics.X-CUBE-AZRTOS-L4.2.0.0
2023-10-18 21:07:23,803 [WARN] ConditionMgr:1039 - genDependencies : Invalid condition id : LAN8742 Phy interface Condition cause : null
2023-10-18 21:07:23,803 [WARN] ConditionMgr:1039 - genDependencies : Invalid condition id : LAN8742 Phy interface Condition cause : null
2023-10-18 21:07:23,803 [WARN] ConditionMgr:1039 - genDependencies : Invalid condition id : LAN8742 Phy interface Condition cause : null
2023-10-18 21:07:23,830 [WARN] PackLoader:240 - Cannot read IP mode file for STMicroelectronics.X-CUBE-SFXS2LP1.4.0.0
2023-10-18 21:07:23,852 [WARN] PackLoader:240 - Cannot read IP mode file for STMicroelectronics.X-CUBE-AZRTOS-H7.3.0.0
2023-10-18 21:07:23,875 [WARN] PackLoader:240 - Cannot read IP mode file for STMicroelectronics.X-CUBE-ISPU.1.1.0
2023-10-18 21:07:23,889 [WARN] PackLoader:240 - Cannot read IP mode file for RoweBots.I-CUBE-UNISONRTOS.5.5.0-4
2023-10-18 21:07:23,898 [WARN] PackLoader:240 - Cannot read IP mode file for STMicroelectronics.X-CUBE-AI.8.0.0
2023-10-18 21:07:23,921 [WARN] ConditionMgr:438 - getConditionDescription Invalid condition id : UX DEVICE CLASS RTOS Condition cause : null
2023-10-18 21:07:23,921 [WARN] ConditionMgr:438 - getConditionDescription Invalid condition id : UX DEVICE CLASS RTOS Condition cause : null
2023-10-18 21:07:23,923 [WARN] PackLoader:240 - Cannot read IP mode file for STMicroelectronics.X-CUBE-AZRTOS-WB.2.0.0
2023-10-18 21:07:23,923 [WARN] ConditionMgr:1039 - genDependencies : Invalid condition id : UX DEVICE CLASS RTOS Condition cause : null
2023-10-18 21:07:23,923 [WARN] ConditionMgr:1039 - genDependencies : Invalid condition id : UX DEVICE CLASS RTOS Condition cause : null
2023-10-18 21:07:23,924 [WARN] ConditionMgr:1039 - genDependencies : Invalid condition id : UX DEVICE CLASS RTOS Condition cause : null
2023-10-18 21:07:23,924 [WARN] ConditionMgr:1039 - genDependencies : Invalid condition id : UX DEVICE CLASS RTOS Condition cause : null
2023-10-18 21:07:23,924 [WARN] ConditionMgr:1039 - genDependencies : Invalid condition id : UX DEVICE CLASS RTOS Condition cause : null
2023-10-18 21:07:23,936 [WARN] PackLoader:240 - Cannot read IP mode file for STMicroelectronics.X-CUBE-FREERTOS.1.0.0
2023-10-18 21:07:23,947 [WARN] PackLoader:240 - Cannot read IP mode file for STMicroelectronics.X-CUBE-FREERTOS.1.0.1
2023-10-18 21:07:23,951 [INFO] ApiDb:240 - Found 297 in-development CPN: [B-G473E-ZEST1S, B-WB1M-WPAN1, B-WL5M-SUBG1, NUCLEO-C031C6, NUCLEO-H503RB, NUCLEO-H563ZI, NUCLEO-U545RE-Q, NUCLEO-U5A5ZJ-Q, NUCLEO-WBA52CG, STEVAL-PROTEUS1, STEVAL-STWINBX1, STM320518-EVAL, STM32C0116-DK, STM32C011D6Y3TR, STM32C011D6Y6TR, STM32C011F4P3, STM32C011F4P6, STM32C011F4U3, STM32C011F4U6TR, STM32C011F6P3, STM32C011F6P6, STM32C011F6U3, STM32C011F6U6TR, STM32C011J4M3, STM32C011J4M6, STM32C011J6M3, STM32C011J6M6, STM32C0316-DK, STM32C031C4T3, STM32C031C4T6, STM32C031C4U3, STM32C031C4U6, STM32C031C6T3, STM32C031C6T6, STM32C031C6U3, STM32C031C6U6, STM32C031F4P3, STM32C031F4P6, STM32C031F6P3, STM32C031F6P6, STM32C031G4U3, STM32C031G4U6, STM32C031G6U3, STM32C031G6U6, STM32C031K4T3, STM32C031K4T6, STM32C031K4U3, STM32C031K4U6, STM32C031K6T3, STM32C031K6T6, STM32C031K6U3, STM32C031K6U6, STM32G071K8TXN, STM32G071K8UXN, STM32G081GBU6N, STM32G081KBT6N, STM32G081KBUXN, STM32G0B1CCT6N, STM32G0B1KCT6, STM32G0B1NEY6TR, STM32G0B1RCT6N, STM32G0C1CCT6, STM32G0C1CCT6N, STM32G0C1CCU6N, STM32G0C1CET6N, STM32G0C1CEU6N, STM32G0C1KCT6, STM32G0C1NEY6TR, STM32G0C1RCI6N, STM32G0C1RCT6N, STM32G0C1REI6N, STM32G0C1RET6N, STM32G0C1VCI6, STM32G0C1VEI6, STM32G471CCT6, STM32G471CCU6, STM32G471CET3, STM32G471CET6, STM32G471CEU3, STM32G471CEU6, STM32G471MCT6, STM32G471MET3, STM32G471MET6, STM32G471MEY6TR, STM32G471QCT6, STM32G471QET3, STM32G471RCT6, STM32G471RET3, STM32G471RET6, STM32G471VCH6, STM32G471VCI6, STM32G471VCT6, STM32G471VEH3, STM32G471VEH6, STM32G471VEI3, STM32G471VEI6, STM32G471VET3, STM32G471VET6, STM32G474CCT6, STM32H503CBT6, STM32H503CBU6, STM32H503EBY6TR, STM32H503KBU6, STM32H503RBT6, STM32H562AGI6, STM32H562AII6, STM32H562IGK6, STM32H562IGT6, STM32H562IIK6, STM32H562IIT6, STM32H562RGT6, STM32H562RGV6, STM32H562RIT6, STM32H562RIV6, STM32H562VGT6, STM32H562VIT6, STM32H562ZGT6, STM32H562ZIT6, STM32H563AGI6, STM32H563AII3Q, STM32H563AII6, STM32H563IGK6, STM32H563IGT6, STM32H563IIK3Q, STM32H563IIK6, STM32H563IIT3Q, STM32H563IIT6, STM32H563MIY3QTR, STM32H563RGT6, STM32H563RGV6, STM32H563RIT6, STM32H563RIV6, STM32H563VGT6, STM32H563VIT3Q, STM32H563VIT6, STM32H563ZGT6, STM32H563ZIT3Q, STM32H563ZIT6, STM32H573AII3Q, STM32H573AII6, STM32H573I-DK, STM32H573IIK3Q, STM32H573IIK6, STM32H573IIT3Q, STM32H573IIT6, STM32H573MIY3QTR, STM32H573RIT6, STM32H573RIV6, STM32H573VIT3Q, STM32H573VIT6, STM32H573ZIT3Q, STM32H573ZIT6, STM32L4R5QGI6STR, STM32MP131AAE3, STM32MP131AAF3, STM32MP131AAG3, STM32MP131CAE3, STM32MP131CAF3, STM32MP131CAG3, STM32MP131DAE7, STM32MP131DAF7, STM32MP131DAG7, STM32MP131FAE7, STM32MP131FAF7, STM32MP131FAG7, STM32MP133AAE3, STM32MP133AAF3, STM32MP133AAG3, STM32MP133CAE3, STM32MP133CAF3, STM32MP133CAG3, STM32MP133DAE7, STM32MP133DAF7, STM32MP133DAG7, STM32MP133FAE7, STM32MP133FAF7, STM32MP133FAG7, STM32MP135AAE3, STM32MP135AAF3, STM32MP135AAG3, STM32MP135CAE3, STM32MP135CAF3, STM32MP135CAG3, STM32MP135DAE7, STM32MP135DAF7, STM32MP135DAG7, STM32MP135F-DK, STM32MP135FAE7, STM32MP135FAF7, STM32MP135FAF7T, STM32MP135FAF7U, STM32MP135FAG7, STM32U535CBT6, STM32U535CBT6Q, STM32U535CBU6, STM32U535CBU6Q, STM32U535CCT6, STM32U535CCT6Q, STM32U535CCU6, STM32U535CCU6Q, STM32U535CET6, STM32U535CET6Q, STM32U535CEU6, STM32U535CEU6Q, STM32U535JEY6QTR, STM32U535NCY6QTR, STM32U535NEY6QTR, STM32U535RBI6, STM32U535RBI6Q, STM32U535RBT6, STM32U535RBT6Q, STM32U535RCI6, STM32U535RCI6Q, STM32U535RCT6, STM32U535RCT6Q, STM32U535REI6, STM32U535REI6Q, STM32U535RET6, STM32U535RET6Q, STM32U535VCI6, STM32U535VCI6Q, STM32U535VCT6, STM32U535VCT6Q, STM32U535VEI6, STM32U535VEI6Q, STM32U535VET6, STM32U535VET6Q, STM32U545CET6, STM32U545CET6Q, STM32U545CEU6, STM32U545CEU6Q, STM32U545JEY6QTR, STM32U545NEY6QTR, STM32U545REI6, STM32U545REI6Q, STM32U545RET6, STM32U545RET6Q, STM32U545VEI6, STM32U545VEI6Q, STM32U545VET6, STM32U545VET6Q, STM32U595AIH6, STM32U595AIH6Q, STM32U595AJH6, STM32U595AJH6Q, STM32U595QII6, STM32U595QII6Q, STM32U595QJI6, STM32U595QJI6Q, STM32U595RIT6, STM32U595RIT6Q, STM32U595RJT6, STM32U595RJT6Q, STM32U595VIT6, STM32U595VIT6Q, STM32U595VJT6, STM32U595VJT6Q, STM32U595ZIT6, STM32U595ZIT6Q, STM32U595ZIY6QTR, STM32U595ZJT6, STM32U595ZJT6Q, STM32U595ZJY6QTR, STM32U599BJY6QTR, STM32U599NIH6Q, STM32U599NJH6Q, STM32U599VIT6Q, STM32U599VJT6, STM32U599VJT6Q, STM32U599ZIT6Q, STM32U599ZIY6QTR, STM32U599ZJT6Q, STM32U599ZJY6QTR, STM32U5A5AJH6, STM32U5A5AJH6Q, STM32U5A5QJI6, STM32U5A5QJI6Q, STM32U5A5RJT6, STM32U5A5RJT6Q, STM32U5A5VJT6, STM32U5A5VJT6Q, STM32U5A5ZJT6, STM32U5A5ZJT6Q, STM32U5A5ZJY6QTR, STM32U5A9BJY6QTR, STM32U5A9J-DK, STM32U5A9NJH6Q, STM32U5A9VJT6Q, STM32U5A9ZJT6Q, STM32U5A9ZJY6QTR, STM32WB1MMCH6, STM32WBA52CEU6, STM32WBA52CEU6T, STM32WBA52CGU6, STM32WBA52CGU6T, STM32WL5MOCH6, STM32WL5MOCH6TR]
2023-10-18 21:07:23,951 [WARN] PackLoader:240 - Cannot read IP mode file for STMicroelectronics.X-CUBE-BLEMGR.1.0.0
2023-10-18 21:07:23,967 [INFO] DbMcus:216 - Found 3825 MCUs, 3825 are supported
2023-10-18 21:07:23,975 [INFO] ApiDb:423 - Load user favorites file C:\Users\Huy/.stm32cubeide/favorites.mcus.txt: 0 item(s)
2023-10-18 21:07:23,975 [INFO] ApiDb:427 - User favorites MCUs=[]
2023-10-18 21:07:23,975 [INFO] DbMcus:222 - Set 0 / 0 favorites MCUs
2023-10-18 21:07:23,993 [WARN] PackLoader:240 - Cannot read IP mode file for STMicroelectronics.X-CUBE-AZRTOS-L5.1.1.0
2023-10-18 21:07:24,003 [WARN] PackLoader:240 - Cannot read IP mode file for STMicroelectronics.X-CUBE-SUBG2.5.0.0
2023-10-18 21:07:24,034 [WARN] PackLoader:240 - Cannot read IP mode file for STMicroelectronics.X-CUBE-TOF1.3.3.1
2023-10-18 21:07:24,051 [WARN] PackLoader:240 - Cannot read IP mode file for STMicroelectronics.X-CUBE-AZRTOS-G4.2.0.0
2023-10-18 21:07:24,085 [WARN] PackLoader:240 - Cannot read IP mode file for STMicroelectronics.X-CUBE-TOF1.3.3.0
2023-10-18 21:07:24,099 [WARN] PackLoader:240 - Cannot read IP mode file for STMicroelectronics.FP-ATR-ASTRA1.1.1.1
2023-10-18 21:07:24,104 [WARN] PackLoader:240 - Cannot read IP mode file for Infineon.AIROC-Wi-Fi-Bluetooth-STM32.1.5.1
2023-10-18 21:07:24,130 [WARN] PackLoader:240 - Cannot read IP mode file for STMicroelectronics.X-CUBE-AZRTOS-G4.1.0.0
2023-10-18 21:07:24,152 [WARN] PackLoader:240 - Cannot read IP mode file for STMicroelectronics.X-CUBE-AZRTOS-L4.1.0.0
2023-10-18 21:07:24,188 [WARN] PackLoader:240 - Cannot read IP mode file for STMicroelectronics.X-CUBE-MEMS1.10.0.0
2023-10-18 21:07:24,280 [INFO] ApiDb:668 - CubeFinder database Data Model version=2.1
2023-10-18 21:07:24,280 [INFO] ApiDb:669 - CubeFinder database Configuration version=3.0.37
2023-10-18 21:07:24,281 [INFO] ApiDb:670 - CubeFinder database generation date=2023-08-09 (1691586011)
2023-10-18 21:07:24,281 [INFO] ApiDb:671 - CubeFinder database FW Pack versions=[FP-ATR-ASTRA1_V2.0.0, FP-SNS-FLIGHT1_V5.0.1, FP-SNS-FLIGHT1_V5.0.2, FP-SNS-MOTENV1_V4.3.1, FP-SNS-MOTENV1_V4.3.2, STM32Cube_FW_C0_V1.1.0, STM32Cube_FW_F4_V1.27.1, STM32Cube_FW_F7_V1.17.0, STM32Cube_FW_G0_V1.6.1, STM32Cube_FW_G4_V1.5.1, STM32Cube_FW_H5_V0.5.1, STM32Cube_FW_H5_V1.1.0, STM32Cube_FW_H7_V1.11.0, STM32Cube_FW_L0_V1.12.2, STM32Cube_FW_L5_V1.5.0, STM32Cube_FW_U5_V1.3.0, STM32Cube_FW_U5_V1.3.0RC4, STM32Cube_FW_WBA_V1.0.0RC1, STM32Cube_FW_WBA_V1.1.0, STM32Cube_FW_WBA_V1.1.0RC1, STM32Cube_FW_WB_V1.15.0RC1, STM32Cube_FW_WB_V1.16.0, STM32Cube_FW_WB_V1.16.0RC2, STM32Cube_FW_WB_V1.17.0, STM32Cube_FW_WL_V1.3.0, X-CUBE-ALGOBUILD_V1.3.0, X-CUBE-ALS_V1.0.1, X-CUBE-AZRTOS-F4_V1.1.0, X-CUBE-AZRTOS-F7_V1.1.0, X-CUBE-AZRTOS-G0_V1.1.0, X-CUBE-AZRTOS-G4_V2.0.0, X-CUBE-AZRTOS-H7_V3.1.0, X-CUBE-AZRTOS-L4_V1.0.0, X-CUBE-AZRTOS-L4_V2.0.0, X-CUBE-AZRTOS-L5_V1.1.0, X-CUBE-AZRTOS-WB_V1.1.0, X-CUBE-AZRTOS-WL_V2.0.0, X-CUBE-BLE1_V7.0.0, X-CUBE-BLE2_V3.3.0, X-CUBE-BLEMGR_V2.0.0, X-CUBE-EEPRMA1_V4.1.0, X-CUBE-FREERTOS_V1.1.0, X-CUBE-GNSS1_V6.0.0, X-CUBE-MEMS1_V9.1.0, X-CUBE-MEMS1_V9.4.0, X-CUBE-MEMS1_V9.6.0, X-CUBE-NFC4_V3.0.0, X-CUBE-NFC7_V1.0.0, X-CUBE-SFXS2LP1_V4.0.0, X-CUBE-SUBG2_V5.0.0, X-CUBE-TOF1_V3.3.1]
2023-10-18 21:07:24,291 [WARN] PackLoader:240 - Cannot read IP mode file for STMicroelectronics.X-CUBE-FREERTOS.1.1.0
2023-10-18 21:07:24,301 [WARN] PackLoader:240 - Cannot read IP mode file for STMicroelectronics.X-CUBE-AZRTOS-WL.1.0.0
2023-10-18 21:07:24,328 [WARN] PackLoader:240 - Cannot read IP mode file for portGmbH.I-Cube-SoM-uGOAL.1.1.0
2023-10-18 21:07:24,340 [WARN] PackLoader:240 - Cannot read IP mode file for STMicroelectronics.X-CUBE-ALS.1.0.1
2023-10-18 21:07:24,352 [WARN] PackLoader:240 - Cannot read IP mode file for STMicroelectronics.X-CUBE-AZRTOS-WB.1.1.0
2023-10-18 21:07:24,368 [INFO] DbBoardsSqlite:226 - include board P-NUCLEO-WB55-NUCLEO as a kit item of type 'Nucleo-64'
2023-10-18 21:07:24,369 [INFO] DbBoardsSqlite:226 - include board P-NUCLEO-WB55-USBDONGLE as a kit item of type 'Nucleo USB Dongle'
2023-10-18 21:07:24,370 [INFO] DbBoardsSqlite:226 - include board STEVAL-IDP005V1 as a kit item of type 'Evaluation Board'
2023-10-18 21:07:24,370 [INFO] DbBoardsSqlite:226 - include board STEVAL-IDP005V2 as a kit item of type 'Evaluation Board'
2023-10-18 21:07:24,381 [WARN] PackLoader:240 - Cannot read IP mode file for STMicroelectronics.X-CUBE-AZRTOS-L5.1.0.0
2023-10-18 21:07:24,393 [WARN] PackLoader:240 - Cannot read IP mode file for STMicroelectronics.X-CUBE-EEPRMA1.3.1.1
2023-10-18 21:07:24,397 [WARN] PackLoader:240 - Cannot read IP mode file for STMicroelectronics.FP-ATR-ASTRA1.2.0.0
2023-10-18 21:07:24,397 [INFO] ThirdParty:978 - Integrity check success = true
2023-10-18 21:07:24,397 [INFO] IntegrityCheckThread:100 - exiting critical section [integrity check]
2023-10-18 21:07:24,397 [INFO] IntegrityCheckThread:103 - End integrity checks thread
2023-10-18 21:07:24,423 [INFO] ApiDb:240 - Found 297 in-development CPN: [B-G473E-ZEST1S, B-WB1M-WPAN1, B-WL5M-SUBG1, NUCLEO-C031C6, NUCLEO-H503RB, NUCLEO-H563ZI, NUCLEO-U545RE-Q, NUCLEO-U5A5ZJ-Q, NUCLEO-WBA52CG, STEVAL-PROTEUS1, STEVAL-STWINBX1, STM320518-EVAL, STM32C0116-DK, STM32C011D6Y3TR, STM32C011D6Y6TR, STM32C011F4P3, STM32C011F4P6, STM32C011F4U3, STM32C011F4U6TR, STM32C011F6P3, STM32C011F6P6, STM32C011F6U3, STM32C011F6U6TR, STM32C011J4M3, STM32C011J4M6, STM32C011J6M3, STM32C011J6M6, STM32C0316-DK, STM32C031C4T3, STM32C031C4T6, STM32C031C4U3, STM32C031C4U6, STM32C031C6T3, STM32C031C6T6, STM32C031C6U3, STM32C031C6U6, STM32C031F4P3, STM32C031F4P6, STM32C031F6P3, STM32C031F6P6, STM32C031G4U3, STM32C031G4U6, STM32C031G6U3, STM32C031G6U6, STM32C031K4T3, STM32C031K4T6, STM32C031K4U3, STM32C031K4U6, STM32C031K6T3, STM32C031K6T6, STM32C031K6U3, STM32C031K6U6, STM32G071K8TXN, STM32G071K8UXN, STM32G081GBU6N, STM32G081KBT6N, STM32G081KBUXN, STM32G0B1CCT6N, STM32G0B1KCT6, STM32G0B1NEY6TR, STM32G0B1RCT6N, STM32G0C1CCT6, STM32G0C1CCT6N, STM32G0C1CCU6N, STM32G0C1CET6N, STM32G0C1CEU6N, STM32G0C1KCT6, STM32G0C1NEY6TR, STM32G0C1RCI6N, STM32G0C1RCT6N, STM32G0C1REI6N, STM32G0C1RET6N, STM32G0C1VCI6, STM32G0C1VEI6, STM32G471CCT6, STM32G471CCU6, STM32G471CET3, STM32G471CET6, STM32G471CEU3, STM32G471CEU6, STM32G471MCT6, STM32G471MET3, STM32G471MET6, STM32G471MEY6TR, STM32G471QCT6, STM32G471QET3, STM32G471RCT6, STM32G471RET3, STM32G471RET6, STM32G471VCH6, STM32G471VCI6, STM32G471VCT6, STM32G471VEH3, STM32G471VEH6, STM32G471VEI3, STM32G471VEI6, STM32G471VET3, STM32G471VET6, STM32G474CCT6, STM32H503CBT6, STM32H503CBU6, STM32H503EBY6TR, STM32H503KBU6, STM32H503RBT6, STM32H562AGI6, STM32H562AII6, STM32H562IGK6, STM32H562IGT6, STM32H562IIK6, STM32H562IIT6, STM32H562RGT6, STM32H562RGV6, STM32H562RIT6, STM32H562RIV6, STM32H562VGT6, STM32H562VIT6, STM32H562ZGT6, STM32H562ZIT6, STM32H563AGI6, STM32H563AII3Q, STM32H563AII6, STM32H563IGK6, STM32H563IGT6, STM32H563IIK3Q, STM32H563IIK6, STM32H563IIT3Q, STM32H563IIT6, STM32H563MIY3QTR, STM32H563RGT6, STM32H563RGV6, STM32H563RIT6, STM32H563RIV6, STM32H563VGT6, STM32H563VIT3Q, STM32H563VIT6, STM32H563ZGT6, STM32H563ZIT3Q, STM32H563ZIT6, STM32H573AII3Q, STM32H573AII6, STM32H573I-DK, STM32H573IIK3Q, STM32H573IIK6, STM32H573IIT3Q, STM32H573IIT6, STM32H573MIY3QTR, STM32H573RIT6, STM32H573RIV6, STM32H573VIT3Q, STM32H573VIT6, STM32H573ZIT3Q, STM32H573ZIT6, STM32L4R5QGI6STR, STM32MP131AAE3, STM32MP131AAF3, STM32MP131AAG3, STM32MP131CAE3, STM32MP131CAF3, STM32MP131CAG3, STM32MP131DAE7, STM32MP131DAF7, STM32MP131DAG7, STM32MP131FAE7, STM32MP131FAF7, STM32MP131FAG7, STM32MP133AAE3, STM32MP133AAF3, STM32MP133AAG3, STM32MP133CAE3, STM32MP133CAF3, STM32MP133CAG3, STM32MP133DAE7, STM32MP133DAF7, STM32MP133DAG7, STM32MP133FAE7, STM32MP133FAF7, STM32MP133FAG7, STM32MP135AAE3, STM32MP135AAF3, STM32MP135AAG3, STM32MP135CAE3, STM32MP135CAF3, STM32MP135CAG3, STM32MP135DAE7, STM32MP135DAF7, STM32MP135DAG7, STM32MP135F-DK, STM32MP135FAE7, STM32MP135FAF7, STM32MP135FAF7T, STM32MP135FAF7U, STM32MP135FAG7, STM32U535CBT6, STM32U535CBT6Q, STM32U535CBU6, STM32U535CBU6Q, STM32U535CCT6, STM32U535CCT6Q, STM32U535CCU6, STM32U535CCU6Q, STM32U535CET6, STM32U535CET6Q, STM32U535CEU6, STM32U535CEU6Q, STM32U535JEY6QTR, STM32U535NCY6QTR, STM32U535NEY6QTR, STM32U535RBI6, STM32U535RBI6Q, STM32U535RBT6, STM32U535RBT6Q, STM32U535RCI6, STM32U535RCI6Q, STM32U535RCT6, STM32U535RCT6Q, STM32U535REI6, STM32U535REI6Q, STM32U535RET6, STM32U535RET6Q, STM32U535VCI6, STM32U535VCI6Q, STM32U535VCT6, STM32U535VCT6Q, STM32U535VEI6, STM32U535VEI6Q, STM32U535VET6, STM32U535VET6Q, STM32U545CET6, STM32U545CET6Q, STM32U545CEU6, STM32U545CEU6Q, STM32U545JEY6QTR, STM32U545NEY6QTR, STM32U545REI6, STM32U545REI6Q, STM32U545RET6, STM32U545RET6Q, STM32U545VEI6, STM32U545VEI6Q, STM32U545VET6, STM32U545VET6Q, STM32U595AIH6, STM32U595AIH6Q, STM32U595AJH6, STM32U595AJH6Q, STM32U595QII6, STM32U595QII6Q, STM32U595QJI6, STM32U595QJI6Q, STM32U595RIT6, STM32U595RIT6Q, STM32U595RJT6, STM32U595RJT6Q, STM32U595VIT6, STM32U595VIT6Q, STM32U595VJT6, STM32U595VJT6Q, STM32U595ZIT6, STM32U595ZIT6Q, STM32U595ZIY6QTR, STM32U595ZJT6, STM32U595ZJT6Q, STM32U595ZJY6QTR, STM32U599BJY6QTR, STM32U599NIH6Q, STM32U599NJH6Q, STM32U599VIT6Q, STM32U599VJT6, STM32U599VJT6Q, STM32U599ZIT6Q, STM32U599ZIY6QTR, STM32U599ZJT6Q, STM32U599ZJY6QTR, STM32U5A5AJH6, STM32U5A5AJH6Q, STM32U5A5QJI6, STM32U5A5QJI6Q, STM32U5A5RJT6, STM32U5A5RJT6Q, STM32U5A5VJT6, STM32U5A5VJT6Q, STM32U5A5ZJT6, STM32U5A5ZJT6Q, STM32U5A5ZJY6QTR, STM32U5A9BJY6QTR, STM32U5A9J-DK, STM32U5A9NJH6Q, STM32U5A9VJT6Q, STM32U5A9ZJT6Q, STM32U5A9ZJY6QTR, STM32WB1MMCH6, STM32WBA52CEU6, STM32WBA52CEU6T, STM32WBA52CGU6, STM32WBA52CGU6T, STM32WL5MOCH6, STM32WL5MOCH6TR]
2023-10-18 21:07:24,544 [INFO] BoardInfo:880 - No configuration file found for board P-NUCLEO-WB55
2023-10-18 21:07:24,545 [INFO] DbBoards:157 - Kit is not supported: P-NUCLEO-WB55
2023-10-18 21:07:24,564 [INFO] BoardInfo:880 - No configuration file found for board STEVAL-BFA001V1B
2023-10-18 21:07:24,565 [INFO] DbBoards:157 - Kit is not supported: STEVAL-BFA001V1B
2023-10-18 21:07:24,569 [INFO] BoardInfo:880 - No configuration file found for board STEVAL-BFA001V2B
2023-10-18 21:07:24,569 [INFO] DbBoards:157 - Kit is not supported: STEVAL-BFA001V2B
2023-10-18 21:07:24,575 [INFO] BoardInfo:880 - No configuration file found for board STEVAL-SMARTAG2
2023-10-18 21:07:24,576 [INFO] DbBoards:157 - Board is not supported: STEVAL-SMARTAG2
2023-10-18 21:07:24,677 [INFO] DbBoards:161 - Found 188 boards, 184 are supported
2023-10-18 21:07:24,685 [INFO] ApiDb:423 - Load user favorites file C:\Users\Huy/.stm32cubeide/favorites.boards.txt: 0 item(s)
2023-10-18 21:07:24,685 [INFO] ApiDb:427 - User favorites Boards=[]
2023-10-18 21:07:24,687 [INFO] DbBoards:190 - Set 0 / 0 favorites Boards
2023-10-18 21:07:24,689 [INFO] ApiDb:668 - CubeFinder database Data Model version=2.1
2023-10-18 21:07:24,689 [INFO] ApiDb:669 - CubeFinder database Configuration version=3.0.37
2023-10-18 21:07:24,689 [INFO] ApiDb:670 - CubeFinder database generation date=2023-08-09 (1691586011)
2023-10-18 21:07:24,689 [INFO] ApiDb:671 - CubeFinder database FW Pack versions=[FP-ATR-ASTRA1_V2.0.0, FP-SNS-FLIGHT1_V5.0.1, FP-SNS-FLIGHT1_V5.0.2, FP-SNS-MOTENV1_V4.3.1, FP-SNS-MOTENV1_V4.3.2, STM32Cube_FW_C0_V1.1.0, STM32Cube_FW_F4_V1.27.1, STM32Cube_FW_F7_V1.17.0, STM32Cube_FW_G0_V1.6.1, STM32Cube_FW_G4_V1.5.1, STM32Cube_FW_H5_V0.5.1, STM32Cube_FW_H5_V1.1.0, STM32Cube_FW_H7_V1.11.0, STM32Cube_FW_L0_V1.12.2, STM32Cube_FW_L5_V1.5.0, STM32Cube_FW_U5_V1.3.0, STM32Cube_FW_U5_V1.3.0RC4, STM32Cube_FW_WBA_V1.0.0RC1, STM32Cube_FW_WBA_V1.1.0, STM32Cube_FW_WBA_V1.1.0RC1, STM32Cube_FW_WB_V1.15.0RC1, STM32Cube_FW_WB_V1.16.0, STM32Cube_FW_WB_V1.16.0RC2, STM32Cube_FW_WB_V1.17.0, STM32Cube_FW_WL_V1.3.0, X-CUBE-ALGOBUILD_V1.3.0, X-CUBE-ALS_V1.0.1, X-CUBE-AZRTOS-F4_V1.1.0, X-CUBE-AZRTOS-F7_V1.1.0, X-CUBE-AZRTOS-G0_V1.1.0, X-CUBE-AZRTOS-G4_V2.0.0, X-CUBE-AZRTOS-H7_V3.1.0, X-CUBE-AZRTOS-L4_V1.0.0, X-CUBE-AZRTOS-L4_V2.0.0, X-CUBE-AZRTOS-L5_V1.1.0, X-CUBE-AZRTOS-WB_V1.1.0, X-CUBE-AZRTOS-WL_V2.0.0, X-CUBE-BLE1_V7.0.0, X-CUBE-BLE2_V3.3.0, X-CUBE-BLEMGR_V2.0.0, X-CUBE-EEPRMA1_V4.1.0, X-CUBE-FREERTOS_V1.1.0, X-CUBE-GNSS1_V6.0.0, X-CUBE-MEMS1_V9.1.0, X-CUBE-MEMS1_V9.4.0, X-CUBE-MEMS1_V9.6.0, X-CUBE-NFC4_V3.0.0, X-CUBE-NFC7_V1.0.0, X-CUBE-SFXS2LP1_V4.0.0, X-CUBE-SUBG2_V5.0.0, X-CUBE-TOF1_V3.3.1]
2023-10-18 21:07:26,058 [INFO] DbExamplesSqlite:376 - Ignored 27 examples not supported by CubeIDE
2023-10-18 21:07:26,058 [INFO] DbExamplesSqlite:377 - Found 7231 examples active
2023-10-18 21:07:26,058 [INFO] DbExamplesSqlite:378 - Found 677 examples obsolete
2023-10-18 21:07:26,058 [INFO] DbExamplesSqlite:379 - Found 0 examples under development
2023-10-18 21:07:26,058 [INFO] DbExamplesSqlite:380 - Found 74 examples not building
2023-10-18 21:07:26,064 [INFO] DbExamples:125 - Found 7278 examples
2023-10-18 21:07:26,094 [ERROR] DbExamples:208 - Found 22 examples with invalid data (board or MCU)
2023-10-18 21:07:26,094 [INFO] DbExamples:222 - Found 91 boards with related examples
2023-10-18 21:07:26,096 [INFO] DbExamples:235 - Found 77 MCUs with related examples
2023-10-18 21:07:26,119 [INFO] ApiDb:414 - User favorites file not found: C:\Users\Huy/.stm32cubeide/favorites.examples.txt
2023-10-18 21:07:26,119 [INFO] DbExamples:250 - Set 0 / 0 favorites Examples
2023-10-18 21:07:26,649 [INFO] McuFinderGlobals:66 - Set McuFinderConnectedMode to true
2023-10-18 21:07:26,668 [INFO] MultiScanPanel:200 - Auto-refresh data requested => check proxy status ongoing
2023-10-18 21:07:26,673 [INFO] FinderPluginLoader:95 - Searching for filters in installed packs
2023-10-18 21:07:28,575 [INFO] LoadUrlFilesThread:185 - End of LoadServerUrlFiles without Thread
2023-10-18 21:07:28,598 [INFO] DetailPanel:341 - Set advertising image to C:/Users/Huy/STM32Cube/Repository/\en.prom-stm32h5-mcu-finder.jpg
2023-10-18 21:07:29,277 [INFO] ToolPreferences:110 - Table McuList, key=mcufinder_cubeide.mculist: column name not found=IO
2023-10-18 21:07:29,277 [INFO] ToolPreferences:110 - Table McuList, key=mcufinder_cubeide.mculist: column name not found=Freq.
2023-10-18 21:09:03,876 [INFO] MainUpdater:2854 - connection check result : 10
2023-10-18 21:09:03,876 [INFO] MainUpdater:2854 - connection check result : 10
2023-10-18 21:09:03,915 [INFO] MicroXplorer:468 - Change Database Path : 
2023-10-18 21:09:03,915 [INFO] MicroXplorer:498 - Change Database Version : DB.6.0.80
2023-10-18 21:09:03,915 [WARN] ThirdParty:871 - waiting for thirdparty lock release [close project]
2023-10-18 21:09:03,915 [INFO] ThirdParty:873 - entering critical section [close project]
2023-10-18 21:09:03,924 [INFO] ThirdParty:883 - exiting critical section [close project]
2023-10-18 21:09:03,924 [INFO] PinOutPanel:1499 - setPackage(No Configuration,No Configuration)
2023-10-18 21:09:03,924 [INFO] UtilMem:75 - Begin LoadConfig() Used Memory: 526376248 Bytes (589299712)
2023-10-18 21:09:03,924 [INFO] MicroXplorer:468 - Change Database Path : 
2023-10-18 21:09:03,940 [INFO] MicroXplorer:498 - Change Database Version : DB.6.0.80
2023-10-18 21:09:03,940 [INFO] OpenFileManager:308 - Change cursor
2023-10-18 21:09:03,973 [INFO] Mcu:1937 - Initializing MCU STM32F103C6Ux STM32F103C6Ux 
2023-10-18 21:09:03,973 [INFO] Mcu:1950 - No CPN specified => set CPN to STM32F103C6U6A
2023-10-18 21:09:04,748 [INFO] Context:659 - Trying to add GPIOservice into a context  which must be forbidden
2023-10-18 21:09:04,985 [INFO] ImportTextPane:194 - (OptionalMessage_ERROR) Unable to find key (Mcu.ThirdPartyNb) in loaded IOC file
2023-10-18 21:09:04,985 [INFO] ImportTextPane:194 - (OptionalMessage_ERROR) Unable to find key (Mcu.PinsNb) in loaded IOC file
2023-10-18 21:09:04,985 [INFO] ImportTextPane:194 - (OptionalMessage_ERROR) Unable to find key (Mcu.IPNb) in loaded IOC file
2023-10-18 21:09:05,192 [INFO] RtosManager:555 - Registered RTOS mode: class=CMSIS, group=RTOS, mode=CMSIS_V1, owner=FREERTOS
2023-10-18 21:09:05,192 [INFO] RtosManager:555 - Registered RTOS mode: class=CMSIS, group=RTOS2, mode=CMSIS_V2, owner=FREERTOS
2023-10-18 21:09:05,192 [INFO] RtosManager:555 - Registered RTOS mode: class=RTOS, group=Core, mode=CMSIS_V1, owner=FREERTOS
2023-10-18 21:09:05,192 [INFO] RtosManager:555 - Registered RTOS mode: class=RTOS, group=Core, mode=CMSIS_V2, owner=FREERTOS
2023-10-18 21:09:05,192 [WARN] ModelIntegratedComponent:184 - Missing modes for component STMicroelectronics:FreeRTOS:0.0.1:STMicroelectronics:RTOS:FreeRTOS:Core:::10.2.0:
2023-10-18 21:09:05,208 [WARN] ModelIntegratedComponent:63 - No mode defined for component null
2023-10-18 21:09:05,208 [WARN] ModelIntegratedComponent:63 - No mode defined for component null
2023-10-18 21:09:05,208 [WARN] ModelIntegratedComponent:63 - No mode defined for component null
2023-10-18 21:09:05,208 [WARN] ModelIntegratedComponent:63 - No mode defined for component null
2023-10-18 21:09:05,208 [WARN] ModelIntegratedComponent:63 - No mode defined for component null
2023-10-18 21:09:05,208 [WARN] ModelIntegratedComponent:63 - No mode defined for component null
2023-10-18 21:09:05,208 [WARN] ModelIntegratedComponent:63 - No mode defined for component null
2023-10-18 21:09:05,208 [WARN] ModelIntegratedComponent:63 - No mode defined for component null
2023-10-18 21:09:05,208 [WARN] ModelIntegratedComponent:63 - No mode defined for component null
2023-10-18 21:09:05,208 [WARN] ModelIntegratedComponent:63 - No mode defined for component null
2023-10-18 21:09:05,208 [WARN] ModelIntegratedComponent:63 - No mode defined for component null
2023-10-18 21:09:05,208 [WARN] ModelIntegratedComponent:63 - No mode defined for component null
2023-10-18 21:09:05,208 [WARN] ModelIntegratedComponent:63 - No mode defined for component null
2023-10-18 21:09:05,208 [WARN] ModelIntegratedComponent:63 - No mode defined for component null
2023-10-18 21:09:05,208 [WARN] ModelIntegratedComponent:63 - No mode defined for component null
2023-10-18 21:09:05,208 [WARN] ModelIntegratedComponent:63 - No mode defined for component null
2023-10-18 21:09:05,208 [WARN] ModelIntegratedComponent:63 - No mode defined for component null
2023-10-18 21:09:05,208 [WARN] ModelIntegratedComponent:63 - No mode defined for component null
2023-10-18 21:09:05,208 [WARN] ModelIntegratedComponent:63 - No mode defined for component null
2023-10-18 21:09:05,208 [WARN] ModelIntegratedComponent:63 - No mode defined for component null
2023-10-18 21:09:05,208 [WARN] ModelIntegratedComponent:63 - No mode defined for component null
2023-10-18 21:09:05,208 [WARN] ModelIntegratedComponent:63 - No mode defined for component null
2023-10-18 21:09:05,208 [WARN] ModelIntegratedComponent:63 - No mode defined for component null
2023-10-18 21:09:05,208 [WARN] ModelIntegratedComponent:63 - No mode defined for component null
2023-10-18 21:09:05,208 [WARN] ModelIntegratedComponent:63 - No mode defined for component null
2023-10-18 21:09:05,208 [WARN] ModelIntegratedComponent:63 - No mode defined for component null
2023-10-18 21:09:05,208 [WARN] ModelIntegratedComponent:63 - No mode defined for component null
2023-10-18 21:09:05,208 [WARN] ModelIntegratedComponent:63 - No mode defined for component null
2023-10-18 21:09:05,208 [WARN] ModelIntegratedComponent:63 - No mode defined for component null
2023-10-18 21:09:05,208 [WARN] ModelIntegratedComponent:63 - No mode defined for component null
2023-10-18 21:09:05,208 [WARN] ModelIntegratedComponent:63 - No mode defined for component null
2023-10-18 21:09:05,208 [WARN] ModelIntegratedComponent:63 - No mode defined for component null
2023-10-18 21:09:05,208 [WARN] ModelIntegratedComponent:63 - No mode defined for component null
2023-10-18 21:09:05,684 [INFO] ThirdPartyModel:298 - Start build external matchings
2023-10-18 21:09:07,531 [INFO] ThirdPartyModel:316 - End build external matchings
2023-10-18 21:09:07,751 [INFO] UtilMem:75 - End LoadConfig() Used Memory: 502714080 Bytes (659554304)
2023-10-18 21:09:07,783 [WARN] ThirdParty:833 - waiting for thirdparty lock release [change project]
2023-10-18 21:09:07,783 [INFO] ThirdParty:835 - entering critical section [change project]
2023-10-18 21:09:07,783 [INFO] ThirdParty:1030 - CMSIS Pack Vendor :STMicroelectronics X-CUBE-GNSS1 6.0.0
2023-10-18 21:09:07,783 [INFO] ThirdParty:1030 - CMSIS Pack Vendor :STMicroelectronics USB_HOST 2.0.0
2023-10-18 21:09:07,783 [INFO] ThirdParty:1030 - CMSIS Pack Vendor :STMicroelectronics X-CUBE-AZRTOS-F4 1.1.0
2023-10-18 21:09:07,783 [INFO] ThirdParty:1030 - CMSIS Pack Vendor :STMicroelectronics LIBJPEG 8.0.0
2023-10-18 21:09:07,783 [INFO] ThirdParty:1030 - CMSIS Pack Vendor :STMicroelectronics X-CUBE-SMBUS 2.1.0
2023-10-18 21:09:07,783 [INFO] ThirdParty:1030 - CMSIS Pack Vendor :STMicroelectronics X-CUBE-BLEMGR 1.2.0
2023-10-18 21:09:07,783 [INFO] ThirdParty:1030 - CMSIS Pack Vendor :STMicroelectronics X-CUBE-AZRTOS-F7 1.1.0
2023-10-18 21:09:07,783 [INFO] ThirdParty:1030 - CMSIS Pack Vendor :STMicroelectronics X-CUBE-AZRTOS-L5 2.0.0
2023-10-18 21:09:07,783 [INFO] ThirdParty:1030 - CMSIS Pack Vendor :STMicroelectronics USB_DEVICE 2.0.0
2023-10-18 21:09:07,783 [INFO] ThirdParty:1030 - CMSIS Pack Vendor :STMicroelectronics X-CUBE-MEMS1 9.6.0
2023-10-18 21:09:07,783 [INFO] ThirdParty:1030 - CMSIS Pack Vendor :ITTIA_DB I-CUBE-ITTIADB 8.8.0
2023-10-18 21:09:07,783 [INFO] ThirdParty:1030 - CMSIS Pack Vendor :STMicroelectronics FP-SNS-MOTENV1 4.3.2
2023-10-18 21:09:07,783 [INFO] ThirdParty:1030 - CMSIS Pack Vendor :STMicroelectronics X-CUBE-BLE1 6.2.3
2023-10-18 21:09:07,783 [INFO] ThirdParty:1030 - CMSIS Pack Vendor :STMicroelectronics X-CUBE-BLE1 6.2.4
2023-10-18 21:09:07,783 [INFO] ThirdParty:1030 - CMSIS Pack Vendor :STMicroelectronics FreeRTOS 0.0.1
2023-10-18 21:09:07,783 [INFO] ThirdParty:1030 - CMSIS Pack Vendor :STMicroelectronics X-CUBE-BLEMGR 2.0.0
2023-10-18 21:09:07,783 [INFO] ThirdParty:1030 - CMSIS Pack Vendor :STMicroelectronics FP-SNS-FLIGHT1 5.0.2
2023-10-18 21:09:07,783 [INFO] ThirdParty:1030 - CMSIS Pack Vendor :STMicroelectronics X-CUBE-NFC4 2.0.5
2023-10-18 21:09:07,783 [INFO] ThirdParty:1030 - CMSIS Pack Vendor :STMicroelectronics X-CUBE-NFC4 2.0.4
2023-10-18 21:09:07,783 [INFO] ThirdParty:1030 - CMSIS Pack Vendor :STMicroelectronics X-CUBE-AZRTOS-H7 3.1.0
2023-10-18 21:09:07,783 [INFO] ThirdParty:1030 - CMSIS Pack Vendor :STMicroelectronics PDM2PCM 3.3.0
2023-10-18 21:09:07,783 [INFO] ThirdParty:1030 - CMSIS Pack Vendor :STMicroelectronics X-CUBE-TOF1 3.1.0
2023-10-18 21:09:07,783 [INFO] ThirdParty:1030 - CMSIS Pack Vendor :STMicroelectronics X-CUBE-DISPLAY 3.0.0
2023-10-18 21:09:07,783 [INFO] ThirdParty:1030 - CMSIS Pack Vendor :STMicroelectronics X-CUBE-BLE1 7.0.0
2023-10-18 21:09:07,783 [INFO] ThirdParty:1030 - CMSIS Pack Vendor :wolfSSL I-CUBE-wolfSSL 5.5.0
2023-10-18 21:09:07,783 [INFO] ThirdParty:1030 - CMSIS Pack Vendor :STMicroelectronics HAL Drivers 0.0.0
2023-10-18 21:09:07,783 [INFO] ThirdParty:1030 - CMSIS Pack Vendor :STMicroelectronics X-CUBE-TOUCHGFX 4.22.0
2023-10-18 21:09:07,783 [INFO] ThirdParty:1030 - CMSIS Pack Vendor :STMicroelectronics X-CUBE-NFC7 1.0.1
2023-10-18 21:09:07,783 [INFO] ThirdParty:1030 - CMSIS Pack Vendor :STMicroelectronics MBEDTLS 2.14.1
2023-10-18 21:09:07,783 [INFO] ThirdParty:1030 - CMSIS Pack Vendor :STMicroelectronics X-CUBE-NFC7 1.0.0
2023-10-18 21:09:07,783 [INFO] ThirdParty:1030 - CMSIS Pack Vendor :STMicroelectronics X-CUBE-TOUCHGFX 4.22.1
2023-10-18 21:09:07,783 [INFO] ThirdParty:1030 - CMSIS Pack Vendor :STMicroelectronics X-CUBE-NFC6 3.0.0
2023-10-18 21:09:07,783 [INFO] ThirdParty:1030 - CMSIS Pack Vendor :STMicroelectronics X-CUBE-MEMS1 9.3.0
2023-10-18 21:09:07,783 [INFO] ThirdParty:1030 - CMSIS Pack Vendor :STMicroelectronics X-CUBE-EEPRMA1 4.1.0
2023-10-18 21:09:07,783 [INFO] ThirdParty:1030 - CMSIS Pack Vendor :STMicroelectronics X-CUBE-AI 7.2.0
2023-10-18 21:09:07,783 [INFO] ThirdParty:1030 - CMSIS Pack Vendor :STMicroelectronics FP-SNS-SMARTAG2 1.2.0
2023-10-18 21:09:07,783 [INFO] ThirdParty:1030 - CMSIS Pack Vendor :STMicroelectronics X-CUBE-AZRTOS-WL 2.0.0
2023-10-18 21:09:07,783 [INFO] ThirdParty:1030 - CMSIS Pack Vendor :STMicroelectronics USB_DEVICE 1.0.0
2023-10-18 21:09:07,783 [INFO] ThirdParty:1030 - CMSIS Pack Vendor :STMicroelectronics X-CUBE-AI 8.1.0
2023-10-18 21:09:07,783 [INFO] ThirdParty:1030 - CMSIS Pack Vendor :STMicroelectronics X-CUBE-AZRTOS-L4 2.0.0
2023-10-18 21:09:07,783 [INFO] ThirdParty:1030 - CMSIS Pack Vendor :STMicroelectronics ThreadX 0.0.2
2023-10-18 21:09:07,783 [INFO] ThirdParty:1030 - CMSIS Pack Vendor :WES I-CUBE-Cesium 1.3.0
2023-10-18 21:09:07,783 [INFO] ThirdParty:1030 - CMSIS Pack Vendor :STMicroelectronics lwIP 2.1.2
2023-10-18 21:09:07,783 [INFO] ThirdParty:1030 - CMSIS Pack Vendor :STMicroelectronics X-CUBE-SFXS2LP1 4.0.0
2023-10-18 21:09:07,783 [INFO] ThirdParty:1030 - CMSIS Pack Vendor :STMicroelectronics X-CUBE-BLE2 3.3.0
2023-10-18 21:09:07,783 [INFO] ThirdParty:1030 - CMSIS Pack Vendor :STMicroelectronics X-CUBE-DISPLAY 2.2.0
2023-10-18 21:09:07,783 [INFO] ThirdParty:1030 - CMSIS Pack Vendor :STMicroelectronics X-CUBE-TOF1 3.2.0
2023-10-18 21:09:07,783 [INFO] ThirdParty:1030 - CMSIS Pack Vendor :STMicroelectronics PDM2PCM 3.2.0
2023-10-18 21:09:07,783 [INFO] ThirdParty:1030 - CMSIS Pack Vendor :STMicroelectronics X-CUBE-AZRTOS-H7 3.0.0
2023-10-18 21:09:07,783 [INFO] ThirdParty:1030 - CMSIS Pack Vendor :STMicroelectronics X-CUBE-ISPU 1.0.0
2023-10-18 21:09:07,783 [INFO] ThirdParty:1030 - CMSIS Pack Vendor :STMicroelectronics X-CUBE-ISPU 1.1.0
2023-10-18 21:09:07,783 [INFO] ThirdParty:1030 - CMSIS Pack Vendor :RoweBots I-CUBE-UNISONRTOS 5.5.0-4
2023-10-18 21:09:07,783 [INFO] ThirdParty:1030 - CMSIS Pack Vendor :STMicroelectronics X-CUBE-AZRTOS-H7 2.1.0
2023-10-18 21:09:07,783 [INFO] ThirdParty:1030 - CMSIS Pack Vendor :STMicroelectronics USB_DEVICE 3.0.0
2023-10-18 21:09:07,783 [INFO] ThirdParty:1030 - CMSIS Pack Vendor :STMicroelectronics X-CUBE-AI 8.0.0
2023-10-18 21:09:07,783 [INFO] ThirdParty:1030 - CMSIS Pack Vendor :STMicroelectronics X-CUBE-AZRTOS-WB 2.0.0
2023-10-18 21:09:07,783 [INFO] ThirdParty:1030 - CMSIS Pack Vendor :STMicroelectronics X-CUBE-FREERTOS 1.0.0
2023-10-18 21:09:07,783 [INFO] ThirdParty:1030 - CMSIS Pack Vendor :STMicroelectronics X-CUBE-FREERTOS 1.0.1
2023-10-18 21:09:07,783 [INFO] ThirdParty:1030 - CMSIS Pack Vendor :STMicroelectronics X-CUBE-TOUCHGFX 4.21.1
2023-10-18 21:09:07,783 [INFO] ThirdParty:1030 - CMSIS Pack Vendor :STMicroelectronics X-CUBE-TOUCHGFX 4.21.0
2023-10-18 21:09:07,783 [INFO] ThirdParty:1030 - CMSIS Pack Vendor :STMicroelectronics X-CUBE-TOUCHGFX 4.21.3
2023-10-18 21:09:07,783 [INFO] ThirdParty:1030 - CMSIS Pack Vendor :STMicroelectronics X-CUBE-BLEMGR 1.0.0
2023-10-18 21:09:07,783 [INFO] ThirdParty:1030 - CMSIS Pack Vendor :STMicroelectronics X-CUBE-MEMS1 9.4.0
2023-10-18 21:09:07,783 [INFO] ThirdParty:1030 - CMSIS Pack Vendor :STMicroelectronics X-CUBE-AI 7.3.0
2023-10-18 21:09:07,783 [INFO] ThirdParty:1030 - CMSIS Pack Vendor :STMicroelectronics X-CUBE-ALGOBUILD 1.3.0
2023-10-18 21:09:07,783 [INFO] ThirdParty:1030 - CMSIS Pack Vendor :STMicroelectronics X-CUBE-AZRTOS-L5 1.1.0
2023-10-18 21:09:07,783 [INFO] ThirdParty:1030 - CMSIS Pack Vendor :STMicroelectronics X-CUBE-AZRTOS-G0 1.1.0
2023-10-18 21:09:07,783 [INFO] ThirdParty:1030 - CMSIS Pack Vendor :STMicroelectronics X-CUBE-NFC4 3.0.0
2023-10-18 21:09:07,783 [INFO] ThirdParty:1030 - CMSIS Pack Vendor :SEGGER I-CUBE-embOS 1.2.0
2023-10-18 21:09:07,783 [INFO] ThirdParty:1030 - CMSIS Pack Vendor :STMicroelectronics X-CUBE-SUBG2 5.0.0
2023-10-18 21:09:07,783 [INFO] ThirdParty:1030 - CMSIS Pack Vendor :STMicroelectronics STM32_WPAN 1.0.0
2023-10-18 21:09:07,783 [INFO] ThirdParty:1030 - CMSIS Pack Vendor :STMicroelectronics lwIP 2.0.3
2023-10-18 21:09:07,783 [INFO] ThirdParty:1030 - CMSIS Pack Vendor :STMicroelectronics USB_HOST 1.0.0
2023-10-18 21:09:07,783 [INFO] ThirdParty:1030 - CMSIS Pack Vendor :STMicroelectronics X-CUBE-TOF1 3.3.1
2023-10-18 21:09:07,783 [INFO] ThirdParty:1030 - CMSIS Pack Vendor :STMicroelectronics X-CUBE-AZRTOS-G4 2.0.0
2023-10-18 21:09:07,783 [INFO] ThirdParty:1030 - CMSIS Pack Vendor :STMicroelectronics PDM2PCM 3.1.0
2023-10-18 21:09:07,783 [INFO] ThirdParty:1030 - CMSIS Pack Vendor :STMicroelectronics X-CUBE-TOF1 3.3.0
2023-10-18 21:09:07,783 [INFO] ThirdParty:1030 - CMSIS Pack Vendor :STMicroelectronics FP-ATR-ASTRA1 1.1.1
2023-10-18 21:09:07,783 [INFO] ThirdParty:1030 - CMSIS Pack Vendor :Infineon AIROC-Wi-Fi-Bluetooth-STM32 1.5.1
2023-10-18 21:09:07,783 [INFO] ThirdParty:1030 - CMSIS Pack Vendor :STMicroelectronics X-CUBE-BLEMGR 1.3.0
2023-10-18 21:09:07,783 [INFO] ThirdParty:1030 - CMSIS Pack Vendor :STMicroelectronics FP-ATR-SIGFOX1 3.2.0
2023-10-18 21:09:07,783 [INFO] ThirdParty:1030 - CMSIS Pack Vendor :STMicroelectronics X-CUBE-AZRTOS-G4 1.0.0
2023-10-18 21:09:07,783 [INFO] ThirdParty:1030 - CMSIS Pack Vendor :STMicroelectronics X-CUBE-AZRTOS-L4 1.0.0
2023-10-18 21:09:07,783 [INFO] ThirdParty:1030 - CMSIS Pack Vendor :STMicroelectronics MBEDTLS 2.16.2
2023-10-18 21:09:07,783 [INFO] ThirdParty:1030 - CMSIS Pack Vendor :emotas I-CUBE-CANOPEN 1.1.2
2023-10-18 21:09:07,783 [INFO] ThirdParty:1030 - CMSIS Pack Vendor :STMicroelectronics X-CUBE-TOUCHGFX 4.20.0
2023-10-18 21:09:07,783 [INFO] ThirdParty:1030 - CMSIS Pack Vendor :STMicroelectronics X-CUBE-MEMS1 10.0.0
2023-10-18 21:09:07,783 [INFO] ThirdParty:1030 - CMSIS Pack Vendor :STMicroelectronics X-CUBE-FREERTOS 1.1.0
2023-10-18 21:09:07,783 [INFO] ThirdParty:1030 - CMSIS Pack Vendor :STMicroelectronics X-CUBE-AZRTOS-WL 1.0.0
2023-10-18 21:09:07,783 [INFO] ThirdParty:1030 - CMSIS Pack Vendor :portGmbH I-Cube-SoM-uGOAL 1.1.0
2023-10-18 21:09:07,783 [INFO] ThirdParty:1030 - CMSIS Pack Vendor :STMicroelectronics X-CUBE-ALS 1.0.1
2023-10-18 21:09:07,783 [INFO] ThirdParty:1030 - CMSIS Pack Vendor :STMicroelectronics X-CUBE-MEMS1 9.5.0
2023-10-18 21:09:07,783 [INFO] ThirdParty:1030 - CMSIS Pack Vendor :STMicroelectronics ThreadX 1.0.0
2023-10-18 21:09:07,783 [INFO] ThirdParty:1030 - CMSIS Pack Vendor :STMicroelectronics X-CUBE-AZRTOS-WB 1.1.0
2023-10-18 21:09:07,783 [INFO] ThirdParty:1030 - CMSIS Pack Vendor :SEGGER I-CUBE-embOS 1.3.1
2023-10-18 21:09:07,783 [INFO] ThirdParty:1030 - CMSIS Pack Vendor :STMicroelectronics X-CUBE-AZRTOS-L5 1.0.0
2023-10-18 21:09:07,783 [INFO] ThirdParty:1030 - CMSIS Pack Vendor :STMicroelectronics X-CUBE-EEPRMA1 3.1.1
2023-10-18 21:09:07,783 [INFO] ThirdParty:1030 - CMSIS Pack Vendor :STMicroelectronics FP-ATR-ASTRA1 2.0.0
2023-10-18 21:09:07,783 [INFO] ThirdParty:841 - exiting critical section [change project]
2023-10-18 21:09:08,010 [INFO] PinOutPanel:1499 - setPackage(No Configuration,No Configuration)
2023-10-18 21:09:08,010 [INFO] PinOutPanel:1499 - setPackage(STM32F103C6Ux,UFQFPN48)
2023-10-18 21:09:08,403 [INFO] UtilMem:75 - Before build in PCC Used Memory: 530127360 Bytes (659554304)
2023-10-18 21:09:09,101 [INFO] UtilMem:75 - After build in PCC Used Memory: 569274496 Bytes (659554304)
2023-10-18 21:09:09,133 [INFO] IPUIPlugin:80 - create IPUIPlugin
2023-10-18 21:09:09,133 [INFO] IPUIPlugin:80 - create IPUIPlugin
2023-10-18 21:09:09,133 [INFO] IPUIPlugin:80 - create IPUIPlugin
2023-10-18 21:09:09,133 [INFO] IPUIPlugin:80 - create IPUIPlugin
2023-10-18 21:09:09,133 [INFO] IPUIPlugin:80 - create IPUIPlugin
2023-10-18 21:09:09,133 [INFO] IPUIPlugin:80 - create IPUIPlugin
2023-10-18 21:09:09,133 [INFO] IPUIPlugin:80 - create IPUIPlugin
2023-10-18 21:09:09,133 [INFO] IPUIPlugin:80 - create IPUIPlugin
2023-10-18 21:09:09,133 [INFO] IPUIPlugin:80 - create IPUIPlugin
2023-10-18 21:09:09,133 [INFO] IPUIPlugin:80 - create IPUIPlugin
2023-10-18 21:09:09,133 [INFO] IPUIPlugin:80 - create IPUIPlugin
2023-10-18 21:09:09,133 [INFO] IPUIPlugin:80 - create IPUIPlugin
2023-10-18 21:09:09,133 [INFO] IPUIPlugin:80 - create IPUIPlugin
2023-10-18 21:09:09,133 [INFO] IPUIPlugin:80 - create IPUIPlugin
2023-10-18 21:09:09,133 [INFO] IPUIPlugin:80 - create IPUIPlugin
2023-10-18 21:09:09,133 [INFO] IPUIPlugin:80 - create IPUIPlugin
2023-10-18 21:09:09,133 [INFO] IPUIPlugin:80 - create IPUIPlugin
2023-10-18 21:09:09,133 [INFO] IPUIPlugin:80 - create IPUIPlugin
2023-10-18 21:09:09,133 [INFO] IPUIPlugin:80 - create IPUIPlugin
2023-10-18 21:09:09,133 [INFO] IPUIPlugin:80 - create IPUIPlugin
2023-10-18 21:09:09,133 [INFO] IPUIPlugin:80 - create IPUIPlugin
2023-10-18 21:09:09,133 [INFO] IPUIPlugin:80 - create IPUIPlugin
2023-10-18 21:09:09,133 [INFO] IPUIPlugin:80 - create IPUIPlugin
2023-10-18 21:09:09,293 [INFO] CADModel:165 - CPN selected for project levelSTM32F103C6U6A
2023-10-18 21:09:09,293 [INFO] CADModel:114 - Register for checkConnection events
2023-10-18 21:09:09,341 [INFO] OpenFileManager:328 - Restore cursor
2023-10-18 21:09:11,152 [INFO] UtilMem:75 - End SaveConfig() Used Memory: 551801192 Bytes (659554304)
2023-10-18 21:09:11,200 [INFO] UtilMem:75 - End SaveConfig() Used Memory: 562834568 Bytes (659554304)
2023-10-18 21:09:11,654 [INFO] BlockDiagram:2759 - set Specific Code input for plugin: NVIC
2023-10-18 21:09:11,654 [INFO] BlockDiagram:2759 - set Specific Code input for plugin: RCC
2023-10-18 21:09:11,657 [INFO] CodeGenerator:793 - code generatio: config db path: C:\ST\STM32CubeIDE_1.7.0\STM32CubeIDE\plugins\com.st.stm32cube.common.mx_6.8.0.202302231600\\db\
2023-10-18 21:09:12,117 [INFO] CodeEngine:255 - oldGeneratedFile, D:\Embedded_Programming\STM\STM32\Microprocessors_Microcontrollers_Lab\Microprocessors_Microcontrollers_Lab_2\STM32CubeIDE\STM32ProjectForLab2\MXTmpFiles\license.tmp_save
2023-10-18 21:09:12,626 [INFO] CodeEngine:279 - Generated code: D:\Embedded_Programming\STM\STM32\Microprocessors_Microcontrollers_Lab\Microprocessors_Microcontrollers_Lab_2\STM32CubeIDE\STM32ProjectForLab2\MXTmpFiles\license.tmp
2023-10-18 21:09:12,642 [INFO] CodeEngine:255 - oldGeneratedFile, D:\Embedded_Programming\STM\STM32\Microprocessors_Microcontrollers_Lab\Microprocessors_Microcontrollers_Lab_2\STM32CubeIDE\STM32ProjectForLab2\Core\Src\stm32f1xx_it.c_save
2023-10-18 21:09:12,785 [INFO] CodeEngine:279 - Generated code: D:\Embedded_Programming\STM\STM32\Microprocessors_Microcontrollers_Lab\Microprocessors_Microcontrollers_Lab_2\STM32CubeIDE\STM32ProjectForLab2\Core\Src\stm32f1xx_it.c
2023-10-18 21:09:12,800 [INFO] CodeEngine:255 - oldGeneratedFile, D:\Embedded_Programming\STM\STM32\Microprocessors_Microcontrollers_Lab\Microprocessors_Microcontrollers_Lab_2\STM32CubeIDE\STM32ProjectForLab2\Core\Inc\stm32f1xx_it.h_save
2023-10-18 21:09:12,895 [INFO] CodeEngine:279 - Generated code: D:\Embedded_Programming\STM\STM32\Microprocessors_Microcontrollers_Lab\Microprocessors_Microcontrollers_Lab_2\STM32CubeIDE\STM32ProjectForLab2\Core\Inc\stm32f1xx_it.h
2023-10-18 21:09:13,022 [INFO] CodeEngine:255 - oldGeneratedFile, D:\Embedded_Programming\STM\STM32\Microprocessors_Microcontrollers_Lab\Microprocessors_Microcontrollers_Lab_2\STM32CubeIDE\STM32ProjectForLab2\Core\Src\stm32f1xx_hal_msp.c_save
2023-10-18 21:09:13,164 [INFO] CodeEngine:279 - Generated code: D:\Embedded_Programming\STM\STM32\Microprocessors_Microcontrollers_Lab\Microprocessors_Microcontrollers_Lab_2\STM32CubeIDE\STM32ProjectForLab2\Core\Src\stm32f1xx_hal_msp.c
2023-10-18 21:09:13,180 [INFO] CodeEngine:255 - oldGeneratedFile, D:\Embedded_Programming\STM\STM32\Microprocessors_Microcontrollers_Lab\Microprocessors_Microcontrollers_Lab_2\STM32CubeIDE\STM32ProjectForLab2\MXTmpFiles\system.tmp_save
2023-10-18 21:09:13,275 [INFO] CodeEngine:279 - Generated code: D:\Embedded_Programming\STM\STM32\Microprocessors_Microcontrollers_Lab\Microprocessors_Microcontrollers_Lab_2\STM32CubeIDE\STM32ProjectForLab2\MXTmpFiles\system.tmp
2023-10-18 21:09:13,293 [INFO] CodeEngine:311 - oldGeneratedFile, D:\Embedded_Programming\STM\STM32\Microprocessors_Microcontrollers_Lab\Microprocessors_Microcontrollers_Lab_2\STM32CubeIDE\STM32ProjectForLab2\Core\Inc\stm32f1xx_hal_conf.h_save
2023-10-18 21:09:13,434 [INFO] CodeEngine:335 - Generated code: D:\Embedded_Programming\STM\STM32\Microprocessors_Microcontrollers_Lab\Microprocessors_Microcontrollers_Lab_2\STM32CubeIDE\STM32ProjectForLab2\Core\Inc\stm32f1xx_hal_conf.h
2023-10-18 21:09:13,489 [INFO] CodeEngine:255 - oldGeneratedFile, D:\Embedded_Programming\STM\STM32\Microprocessors_Microcontrollers_Lab\Microprocessors_Microcontrollers_Lab_2\STM32CubeIDE\STM32ProjectForLab2\Core\Inc\main.h_save
2023-10-18 21:09:13,608 [INFO] CodeEngine:279 - Generated code: D:\Embedded_Programming\STM\STM32\Microprocessors_Microcontrollers_Lab\Microprocessors_Microcontrollers_Lab_2\STM32CubeIDE\STM32ProjectForLab2\Core\Inc\main.h
2023-10-18 21:09:13,625 [INFO] CodeEngine:255 - oldGeneratedFile, D:\Embedded_Programming\STM\STM32\Microprocessors_Microcontrollers_Lab\Microprocessors_Microcontrollers_Lab_2\STM32CubeIDE\STM32ProjectForLab2\Core\Src\main.c_save
2023-10-18 21:09:13,767 [INFO] CodeEngine:279 - Generated code: D:\Embedded_Programming\STM\STM32\Microprocessors_Microcontrollers_Lab\Microprocessors_Microcontrollers_Lab_2\STM32CubeIDE\STM32ProjectForLab2\Core\Src\main.c
2023-10-18 21:09:14,589 [INFO] ProjectBuilder:2996 - Time for Copy HAL[1] : 142mS.
2023-10-18 21:09:14,606 [INFO] ProjectBuilder:4304 - Project Generator version: 3.19.2
2023-10-18 21:09:15,064 [INFO] ConfigFileManager:1483 - The Die is : DIE412
2023-10-18 21:09:15,096 [INFO] ApiDbMcu:507 - Load IP Config File for FATFS
2023-10-18 21:09:15,129 [INFO] ApiDbMcu:507 - Load IP Config File for FREERTOS
2023-10-18 21:09:15,159 [INFO] ApiDbMcu:507 - Load IP Config File for USB_DEVICE
2023-10-18 21:09:16,899 [INFO] LogOutputStream:77 - [STDOUT_REDIRECT] 
2023-10-18 21:09:21,535 [INFO] ProjectBuilder:4505 - Time for Generating toolchain IDE Files: 6929mS.
2023-10-18 21:09:21,535 [INFO] ProjectBuilder:2867 - Time for Copy CMSIS : 0mS.
2023-10-18 21:09:21,535 [INFO] ProjectBuilder:2867 - Time for Copy CMSIS : 0mS.
2023-10-18 21:09:22,899 [INFO] McuFinderGlobals:66 - Set McuFinderConnectedMode to true
2023-10-18 21:09:22,899 [INFO] ApiDb:448 - Save user favorites file C:\Users\Huy/.stm32cubeide/favorites.mcus.txt: 0 item(s)
2023-10-18 21:09:22,899 [INFO] ApiDb:452 - User favorites MCUs=[]
2023-10-18 21:09:41,413 [INFO] NvicIntPanel:101 - NVIC parent = com.st.microxplorer.plugins.ip.nvic.MultiNvicIntPanel[,0,0,0x0,invalid,layout=javax.swing.BoxLayout,alignmentX=0.0,alignmentY=0.0,border=,flags=9,maximumSize=,minimumSize=,preferredSize=]
2023-10-18 21:09:42,782 [INFO] NvicIntPanel:101 - NVIC parent = com.st.microxplorer.plugins.ip.nvic.MultiNvicIntPanel[,0,0,0x0,invalid,layout=javax.swing.BoxLayout,alignmentX=0.0,alignmentY=0.0,border=,flags=9,maximumSize=,minimumSize=,preferredSize=]
2023-10-18 21:09:48,709 [INFO] NvicIntPanel:101 - NVIC parent = com.st.microxplorer.plugins.ip.nvic.MultiNvicIntPanel[,0,0,0x0,invalid,layout=javax.swing.BoxLayout,alignmentX=0.0,alignmentY=0.0,border=,flags=9,maximumSize=,minimumSize=,preferredSize=]
2023-10-18 21:09:57,167 [INFO] NvicIntPanel:101 - NVIC parent = com.st.microxplorer.plugins.ip.nvic.MultiNvicIntPanel[,0,0,0x0,invalid,layout=javax.swing.BoxLayout,alignmentX=0.0,alignmentY=0.0,border=,flags=9,maximumSize=,minimumSize=,preferredSize=]
2023-10-18 21:09:58,683 [INFO] UtilMem:75 - End SaveConfig() Used Memory: 690890960 Bytes (861929472)
2023-10-18 21:10:00,622 [INFO] UtilMem:75 - End SaveConfig() Used Memory: 710463848 Bytes (861929472)
2023-10-18 21:10:02,646 [INFO] UtilMem:75 - End SaveConfig() Used Memory: 540069312 Bytes (861929472)
2023-10-18 21:10:02,988 [INFO] BlockDiagram:2759 - set Specific Code input for plugin: NVIC
2023-10-18 21:10:02,988 [INFO] BlockDiagram:2759 - set Specific Code input for plugin: GPIO
2023-10-18 21:10:02,988 [INFO] BlockDiagram:2759 - set Specific Code input for plugin: RCC
2023-10-18 21:10:02,988 [INFO] BlockDiagram:2759 - set Specific Code input for plugin: TIM1_8F1
2023-10-18 21:10:02,988 [INFO] CodeGenerator:793 - code generatio: config db path: C:\ST\STM32CubeIDE_1.7.0\STM32CubeIDE\plugins\com.st.stm32cube.common.mx_6.8.0.202302231600\\db\
2023-10-18 21:10:03,177 [INFO] CodeEngine:255 - oldGeneratedFile, D:\Embedded_Programming\STM\STM32\Microprocessors_Microcontrollers_Lab\Microprocessors_Microcontrollers_Lab_2\STM32CubeIDE\STM32ProjectForLab2\MXTmpFiles\license.tmp_save
2023-10-18 21:10:03,304 [INFO] CodeEngine:279 - Generated code: D:\Embedded_Programming\STM\STM32\Microprocessors_Microcontrollers_Lab\Microprocessors_Microcontrollers_Lab_2\STM32CubeIDE\STM32ProjectForLab2\MXTmpFiles\license.tmp
2023-10-18 21:10:03,383 [INFO] CodeEngine:255 - oldGeneratedFile, D:\Embedded_Programming\STM\STM32\Microprocessors_Microcontrollers_Lab\Microprocessors_Microcontrollers_Lab_2\STM32CubeIDE\STM32ProjectForLab2\MXTmpFiles\gpio.tmp_save
2023-10-18 21:10:03,509 [INFO] CodeEngine:279 - Generated code: D:\Embedded_Programming\STM\STM32\Microprocessors_Microcontrollers_Lab\Microprocessors_Microcontrollers_Lab_2\STM32CubeIDE\STM32ProjectForLab2\MXTmpFiles\gpio.tmp
2023-10-18 21:10:03,671 [INFO] CodeEngine:255 - oldGeneratedFile, D:\Embedded_Programming\STM\STM32\Microprocessors_Microcontrollers_Lab\Microprocessors_Microcontrollers_Lab_2\STM32CubeIDE\STM32ProjectForLab2\Core\Src\stm32f1xx_it.c_save
2023-10-18 21:10:03,812 [INFO] CodeEngine:279 - Generated code: D:\Embedded_Programming\STM\STM32\Microprocessors_Microcontrollers_Lab\Microprocessors_Microcontrollers_Lab_2\STM32CubeIDE\STM32ProjectForLab2\Core\Src\stm32f1xx_it.c
2023-10-18 21:10:03,826 [INFO] CodeEngine:255 - oldGeneratedFile, D:\Embedded_Programming\STM\STM32\Microprocessors_Microcontrollers_Lab\Microprocessors_Microcontrollers_Lab_2\STM32CubeIDE\STM32ProjectForLab2\Core\Inc\stm32f1xx_it.h_save
2023-10-18 21:10:03,905 [INFO] CodeEngine:279 - Generated code: D:\Embedded_Programming\STM\STM32\Microprocessors_Microcontrollers_Lab\Microprocessors_Microcontrollers_Lab_2\STM32CubeIDE\STM32ProjectForLab2\Core\Inc\stm32f1xx_it.h
2023-10-18 21:10:03,922 [INFO] CodeEngine:255 - oldGeneratedFile, D:\Embedded_Programming\STM\STM32\Microprocessors_Microcontrollers_Lab\Microprocessors_Microcontrollers_Lab_2\STM32CubeIDE\STM32ProjectForLab2\Core\Src\stm32f1xx_hal_msp.c_save
2023-10-18 21:10:04,031 [INFO] CodeEngine:279 - Generated code: D:\Embedded_Programming\STM\STM32\Microprocessors_Microcontrollers_Lab\Microprocessors_Microcontrollers_Lab_2\STM32CubeIDE\STM32ProjectForLab2\Core\Src\stm32f1xx_hal_msp.c
2023-10-18 21:10:04,031 [INFO] CodeEngine:255 - oldGeneratedFile, D:\Embedded_Programming\STM\STM32\Microprocessors_Microcontrollers_Lab\Microprocessors_Microcontrollers_Lab_2\STM32CubeIDE\STM32ProjectForLab2\MXTmpFiles\system.tmp_save
2023-10-18 21:10:04,095 [INFO] CodeEngine:279 - Generated code: D:\Embedded_Programming\STM\STM32\Microprocessors_Microcontrollers_Lab\Microprocessors_Microcontrollers_Lab_2\STM32CubeIDE\STM32ProjectForLab2\MXTmpFiles\system.tmp
2023-10-18 21:10:04,115 [INFO] CodeEngine:311 - oldGeneratedFile, D:\Embedded_Programming\STM\STM32\Microprocessors_Microcontrollers_Lab\Microprocessors_Microcontrollers_Lab_2\STM32CubeIDE\STM32ProjectForLab2\Core\Inc\stm32f1xx_hal_conf.h_save
2023-10-18 21:10:04,237 [INFO] CodeEngine:335 - Generated code: D:\Embedded_Programming\STM\STM32\Microprocessors_Microcontrollers_Lab\Microprocessors_Microcontrollers_Lab_2\STM32CubeIDE\STM32ProjectForLab2\Core\Inc\stm32f1xx_hal_conf.h
2023-10-18 21:10:04,269 [WARN] IPConfigManager:3431 - IP not found : TIM
2023-10-18 21:10:04,269 [WARN] CodeGenerator:3754 - IP not found : null
2023-10-18 21:10:04,285 [INFO] CodeEngine:255 - oldGeneratedFile, D:\Embedded_Programming\STM\STM32\Microprocessors_Microcontrollers_Lab\Microprocessors_Microcontrollers_Lab_2\STM32CubeIDE\STM32ProjectForLab2\Core\Inc\main.h_save
2023-10-18 21:10:04,364 [INFO] CodeEngine:279 - Generated code: D:\Embedded_Programming\STM\STM32\Microprocessors_Microcontrollers_Lab\Microprocessors_Microcontrollers_Lab_2\STM32CubeIDE\STM32ProjectForLab2\Core\Inc\main.h
2023-10-18 21:10:04,395 [INFO] CodeEngine:255 - oldGeneratedFile, D:\Embedded_Programming\STM\STM32\Microprocessors_Microcontrollers_Lab\Microprocessors_Microcontrollers_Lab_2\STM32CubeIDE\STM32ProjectForLab2\Core\Src\main.c_save
2023-10-18 21:10:04,490 [INFO] CodeEngine:279 - Generated code: D:\Embedded_Programming\STM\STM32\Microprocessors_Microcontrollers_Lab\Microprocessors_Microcontrollers_Lab_2\STM32CubeIDE\STM32ProjectForLab2\Core\Src\main.c
2023-10-18 21:10:05,135 [INFO] ProjectBuilder:2996 - Time for Copy HAL[1] : 78mS.
2023-10-18 21:10:05,135 [INFO] ProjectBuilder:4304 - Project Generator version: 3.19.2
2023-10-18 21:10:05,420 [INFO] ConfigFileManager:1483 - The Die is : DIE412
2023-10-18 21:10:07,018 [INFO] ProjectBuilder:4505 - Time for Generating toolchain IDE Files: 1883mS.
2023-10-18 21:10:07,021 [INFO] ProjectBuilder:2867 - Time for Copy CMSIS : 0mS.
2023-10-18 21:10:07,021 [INFO] ProjectBuilder:2867 - Time for Copy CMSIS : 0mS.
