2023-11-02 19:21:25,659 [INFO] Activator:176 - 


2023-11-02 19:21:25,662 [INFO] Activator:177 - !SESSION log4j initialized
2023-11-02 19:21:28,898 [INFO] LogOutputStream:77 - [STDOUT_REDIRECT] 
2023-11-02 19:21:50,433 [ERROR] LogOutputStream:75 - [STDERR_REDIRECT] SLF4J: Failed to load class "org.slf4j.impl.StaticLoggerBinder".
2023-11-02 19:21:50,433 [ERROR] LogOutputStream:75 - [STDERR_REDIRECT] SLF4J: Defaulting to no-operation (NOP) logger implementation
2023-11-02 19:21:50,435 [ERROR] LogOutputStream:75 - [STDERR_REDIRECT] SLF4J: See http://www.slf4j.org/codes.html#StaticLoggerBinder for further details.
2023-11-02 19:48:49,002 [ERROR] ConfigurationRetriever:142 - IOException on connection: Read timed out
2023-11-02 19:49:05,135 [INFO] Activator:176 - 


2023-11-02 19:49:05,137 [INFO] Activator:177 - !SESSION log4j initialized
2023-11-02 19:49:08,521 [INFO] LogOutputStream:77 - [STDOUT_REDIRECT] 
2023-11-02 19:49:12,120 [ERROR] ConfigurationRetriever:142 - IOException on connection: Read timed out
2023-11-02 19:49:30,145 [ERROR] LogOutputStream:75 - [STDERR_REDIRECT] SLF4J: Failed to load class "org.slf4j.impl.StaticLoggerBinder".
2023-11-02 19:49:30,146 [ERROR] LogOutputStream:75 - [STDERR_REDIRECT] SLF4J: Defaulting to no-operation (NOP) logger implementation
2023-11-02 19:49:30,149 [ERROR] LogOutputStream:75 - [STDERR_REDIRECT] SLF4J: See http://www.slf4j.org/codes.html#StaticLoggerBinder for further details.
2023-11-02 19:50:29,071 [INFO] Activator:176 - 


2023-11-02 19:50:29,072 [INFO] Activator:177 - !SESSION log4j initialized
2023-11-02 19:50:31,404 [INFO] LogOutputStream:77 - [STDOUT_REDIRECT] 
2023-11-02 19:50:52,463 [ERROR] LogOutputStream:75 - [STDERR_REDIRECT] SLF4J: Failed to load class "org.slf4j.impl.StaticLoggerBinder".
2023-11-02 19:50:52,464 [ERROR] LogOutputStream:75 - [STDERR_REDIRECT] SLF4J: Defaulting to no-operation (NOP) logger implementation
2023-11-02 19:50:52,465 [ERROR] LogOutputStream:75 - [STDERR_REDIRECT] SLF4J: See http://www.slf4j.org/codes.html#StaticLoggerBinder for further details.
2023-11-02 19:52:13,305 [INFO] Activator:176 - 


2023-11-02 19:52:13,307 [INFO] Activator:177 - !SESSION log4j initialized
2023-11-02 19:52:15,644 [INFO] LogOutputStream:77 - [STDOUT_REDIRECT] 
2023-11-02 19:54:54,603 [INFO] Activator:176 - 


2023-11-02 19:54:54,606 [INFO] Activator:177 - !SESSION log4j initialized
2023-11-02 19:54:56,903 [INFO] LogOutputStream:77 - [STDOUT_REDIRECT] 
2023-11-02 19:55:18,024 [ERROR] LogOutputStream:75 - [STDERR_REDIRECT] SLF4J: Failed to load class "org.slf4j.impl.StaticLoggerBinder".
2023-11-02 19:55:18,024 [ERROR] LogOutputStream:75 - [STDERR_REDIRECT] SLF4J: Defaulting to no-operation (NOP) logger implementation
2023-11-02 19:55:18,025 [ERROR] LogOutputStream:75 - [STDERR_REDIRECT] SLF4J: See http://www.slf4j.org/codes.html#StaticLoggerBinder for further details.
2023-12-31 08:24:09,796 [INFO] Activator:176 - 


2023-12-31 08:24:09,798 [INFO] Activator:177 - !SESSION log4j initialized
2023-12-31 08:24:12,952 [INFO] LogOutputStream:77 - [STDOUT_REDIRECT] 
